#
# There is insufficient memory for the Java Runtime Environment to continue.
# Native memory allocation (mmap) failed to map 130023424 bytes for G1 virtual space
# Possible reasons:
#   The system is out of physical RAM or swap space
#   The process is running with CompressedOops enabled, and the Java Heap may be blocking the growth of the native heap
# Possible solutions:
#   Reduce memory load on the system
#   Increase physical memory or swap space
#   Check if swap backing store is full
#   Decrease Java heap size (-Xmx/-Xms)
#   Decrease number of Java threads
#   Decrease Java thread stack sizes (-Xss)
#   Set larger code cache with -XX:ReservedCodeCacheSize=
#   JVM is running with Unscaled Compressed Oops mode in which the Java heap is
#     placed in the first 4GB address space. The Java Heap base address is the
#     maximum limit for the native heap growth. Please use -XX:HeapBaseMinAddress
#     to set the Java Heap base and to place the Java Heap above 4GB virtual address.
# This output file may be truncated or incomplete.
#
#  Out of Memory Error (os_windows.cpp:3825), pid=17840, tid=27760
#
# JRE version:  (17.0.8.1+7) (build )
# Java VM: OpenJDK 64-Bit Server VM (17.0.8.1+7-b1059.3, mixed mode, sharing, tiered, compressed oops, compressed class ptrs, g1 gc, windows-amd64)
# No core dump will be written. Minidumps are not enabled by default on client versions of Windows
#

---------------  S U M M A R Y ------------

Command Line: -Dmaven.multiModuleProjectDirectory=C:\pidev\PIDEV_3A16_EFLEXGYM_ -Djansi.passthrough=true -Dmaven.home=C:\Users\Dell\OneDrive\Bureau\AppData\3eme\IntelliJ IDEA 2023.2.2\plugins\maven\lib\maven3 -Dclassworlds.conf=C:\Users\Dell\OneDrive\Bureau\AppData\3eme\IntelliJ IDEA 2023.2.2\plugins\maven\lib\maven3\bin\m2.conf -Dmaven.ext.class.path=C:\Users\Dell\OneDrive\Bureau\AppData\3eme\IntelliJ IDEA 2023.2.2\plugins\maven\lib\maven-event-listener.jar -javaagent:C:\Users\Dell\OneDrive\Bureau\AppData\3eme\IntelliJ IDEA 2023.2.2\lib\idea_rt.jar=62162:C:\Users\Dell\OneDrive\Bureau\AppData\3eme\IntelliJ IDEA 2023.2.2\bin -Dfile.encoding=UTF-8 org.codehaus.classworlds.Launcher -Didea.version=2023.2.2 org.openjfx:javafx-maven-plugin:0.0.8:run

Host: 11th Gen Intel(R) Core(TM) i5-1135G7 @ 2.40GHz, 8 cores, 7G,  Windows 10 , 64 bit Build 19041 (10.0.19041.3636)
Time: Sun Feb 25 20:40:54 2024 Afr. centrale Ouest elapsed time: 0.021073 seconds (0d 0h 0m 0s)

---------------  T H R E A D  ---------------

Current thread (0x000001db7e441fb0):  JavaThread "Unknown thread" [_thread_in_vm, id=27760, stack(0x000000d15cf00000,0x000000d15d000000)]

Stack: [0x000000d15cf00000,0x000000d15d000000]
Native frames: (J=compiled Java code, j=interpreted, Vv=VM code, C=native code)
V  [jvm.dll+0x6852da]  os::platform_print_native_stack+0xca  (os_windows_x86.cpp:235)
V  [jvm.dll+0x844ad4]  VMError::report+0xc34  (vmError.cpp:741)
V  [jvm.dll+0x8463ee]  VMError::report_and_die+0x78e  (vmError.cpp:1582)
V  [jvm.dll+0x846a53]  VMError::report_and_die+0x43  (vmError.cpp:1368)
V  [jvm.dll+0x24b7cf]  report_vm_out_of_memory+0x8f  (debug.cpp:321)
V  [jvm.dll+0x682099]  os::pd_commit_memory_or_exit+0xc9  (os_windows.cpp:3833)
V  [jvm.dll+0x67677a]  os::commit_memory_or_exit+0x2a  (os.cpp:1750)
V  [jvm.dll+0x30be2b]  G1PageBasedVirtualSpace::commit+0x19b  (g1PageBasedVirtualSpace.cpp:204)
V  [jvm.dll+0x3132d6]  G1RegionsLargerThanCommitSizeMapper::commit_regions+0x96  (g1RegionToSpaceMapper.cpp:100)
V  [jvm.dll+0x36302e]  HeapRegionManager::expand_any+0xee  (heapRegionManager.cpp:363)
V  [jvm.dll+0x36325f]  HeapRegionManager::expand_by+0x7f  (heapRegionManager.cpp:380)
V  [jvm.dll+0x2e1f48]  G1CollectedHeap::expand+0xb8  (g1CollectedHeap.cpp:1298)
V  [jvm.dll+0x2e2eb4]  G1CollectedHeap::initialize+0x664  (g1CollectedHeap.cpp:1719)
V  [jvm.dll+0x815a61]  universe_init+0xb1  (universe.cpp:736)
V  [jvm.dll+0x370df1]  init_globals+0x31  (init.cpp:124)
V  [jvm.dll+0x7f4e2c]  Threads::create_vm+0x60c  (thread.cpp:2901)
V  [jvm.dll+0x3f3f1f]  JNI_CreateJavaVM_inner+0x8f  (jni.cpp:3635)
V  [jvm.dll+0x3f5b31]  JNI_CreateJavaVM+0x11  (jni.cpp:3727)
C  [jli.dll+0x528f]  JavaMain+0x113  (java.c:413)
C  [ucrtbase.dll+0x21bb2]
C  [KERNEL32.DLL+0x17344]
C  [ntdll.dll+0x526b1]


---------------  P R O C E S S  ---------------

Threads class SMR info:
_java_thread_list=0x00007ff86d5000d8, length=0, elements={
}

Java Threads: ( => current thread )

Other Threads:
  0x000001db7e4999f0 GCTaskThread "GC Thread#0" [stack: 0x000000d15d000000,0x000000d15d100000] [id=15112]
  0x000001db7e4aafe0 ConcurrentGCThread "G1 Main Marker" [stack: 0x000000d15d100000,0x000000d15d200000] [id=5856]
  0x000001db7e4ab900 ConcurrentGCThread "G1 Conc#0" [stack: 0x000000d15d200000,0x000000d15d300000] [id=26264]

[error occurred during error reporting (printing all threads), id 0xc0000005, EXCEPTION_ACCESS_VIOLATION (0xc0000005) at pc=0x00007ff86ccb2ab7]

VM state: not at safepoint (not fully initialized)

VM Mutex/Monitor currently owned by a thread:  ([mutex/lock_event])
[0x000001db7e43c0b0] Heap_lock - owner thread: 0x000001db7e441fb0

Heap address: 0x0000000084400000, size: 1980 MB, Compressed Oops mode: 32-bit

CDS archive(s) mapped at: [0x0000000000000000-0x0000000000000000-0x0000000000000000), size 0, SharedBaseAddress: 0x0000000800000000, ArchiveRelocationMode: 1.
Narrow klass base: 0x0000000000000000, Narrow klass shift: 0, Narrow klass range: 0x0

GC Precious Log:
<Empty>

Heap:
 garbage-first heap   total 0K, used 0K [0x0000000084400000, 0x0000000100000000)
  region size 1024K, 0 young (0K), 0 survivors (0K)
 Metaspace       used 0K, committed 0K, reserved 0K
  class space    used 0K, committed 0K, reserved 0K

Heap Regions: E=young(eden), S=young(survivor), O=old, HS=humongous(starts), HC=humongous(continues), CS=collection set, F=free, OA=open archive, CA=closed archive, TAMS=top-at-mark-start (previous, next)

Card table byte_map: [0x000001db7eb00000,0x000001db7eee0000] _byte_map_base: 0x000001db7e6de000

Marking Bits (Prev, Next): (CMBitMap*) 0x000001db7e49af30, (CMBitMap*) 0x000001db7e49af70
 Prev Bits: [0x000001db12710000, 0x000001db14600000)
 Next Bits: [0x000001db14600000, 0x000001db164f0000)

GC Heap History (0 events):
No events

Dll operation events (1 events):
Event: 0.012 Loaded shared library C:\Users\Dell\.jdks\jbr-17.0.8.1\bin\java.dll

Deoptimization events (0 events):
No events

Classes unloaded (0 events):
No events

Classes redefined (0 events):
No events

Internal exceptions (0 events):
No events

VM Operations (0 events):
No events

Events (0 events):
No events


Dynamic libraries:
0x00007ff7ce180000 - 0x00007ff7ce18a000 	C:\Users\Dell\.jdks\jbr-17.0.8.1\bin\java.exe
0x00007ff920cd0000 - 0x00007ff920ec8000 	C:\WINDOWS\SYSTEM32\ntdll.dll
0x00007ff91f7e0000 - 0x00007ff91f89d000 	C:\WINDOWS\System32\KERNEL32.DLL
0x00007ff91e8c0000 - 0x00007ff91ebb6000 	C:\WINDOWS\System32\KERNELBASE.dll
0x00007ff91e4f0000 - 0x00007ff91e5f0000 	C:\WINDOWS\System32\ucrtbase.dll
0x00007ff9165c0000 - 0x00007ff9165d7000 	C:\Users\Dell\.jdks\jbr-17.0.8.1\bin\jli.dll
0x00007ff906540000 - 0x00007ff90655b000 	C:\Users\Dell\.jdks\jbr-17.0.8.1\bin\VCRUNTIME140.dll
0x00007ff91eef0000 - 0x00007ff91f08e000 	C:\WINDOWS\System32\USER32.dll
0x00007ff91ece0000 - 0x00007ff91ed02000 	C:\WINDOWS\System32\win32u.dll
0x00007ff8f82e0000 - 0x00007ff8f857a000 	C:\WINDOWS\WinSxS\amd64_microsoft.windows.common-controls_6595b64144ccf1df_6.0.19041.3636_none_60b6a03d71f818d5\COMCTL32.dll
0x00007ff91f9b0000 - 0x00007ff91f9db000 	C:\WINDOWS\System32\GDI32.dll
0x00007ff91edf0000 - 0x00007ff91ee8e000 	C:\WINDOWS\System32\msvcrt.dll
0x00007ff91e7a0000 - 0x00007ff91e8b7000 	C:\WINDOWS\System32\gdi32full.dll
0x00007ff91e420000 - 0x00007ff91e4bd000 	C:\WINDOWS\System32\msvcp_win.dll
0x00007ff920130000 - 0x00007ff920162000 	C:\WINDOWS\System32\IMM32.DLL
0x00007ff906530000 - 0x00007ff90653c000 	C:\Users\Dell\.jdks\jbr-17.0.8.1\bin\vcruntime140_1.dll
0x00007ff8d3030000 - 0x00007ff8d30bd000 	C:\Users\Dell\.jdks\jbr-17.0.8.1\bin\msvcp140.dll
0x00007ff86c9c0000 - 0x00007ff86d643000 	C:\Users\Dell\.jdks\jbr-17.0.8.1\bin\server\jvm.dll
0x00007ff920070000 - 0x00007ff920123000 	C:\WINDOWS\System32\ADVAPI32.dll
0x00007ff91f9e0000 - 0x00007ff91fa7f000 	C:\WINDOWS\System32\sechost.dll
0x00007ff91f430000 - 0x00007ff91f556000 	C:\WINDOWS\System32\RPCRT4.dll
0x00007ff91e4c0000 - 0x00007ff91e4e7000 	C:\WINDOWS\System32\bcrypt.dll
0x00007ff900d80000 - 0x00007ff900d89000 	C:\WINDOWS\SYSTEM32\WSOCK32.dll
0x00007ff912810000 - 0x00007ff912837000 	C:\WINDOWS\SYSTEM32\WINMM.dll
0x00007ff91d930000 - 0x00007ff91d97b000 	C:\WINDOWS\SYSTEM32\POWRPROF.dll
0x00007ff91f8a0000 - 0x00007ff91f90b000 	C:\WINDOWS\System32\WS2_32.dll
0x00007ff90e390000 - 0x00007ff90e39a000 	C:\WINDOWS\SYSTEM32\VERSION.dll
0x00007ff91d7a0000 - 0x00007ff91d7b2000 	C:\WINDOWS\SYSTEM32\UMPDC.dll
0x00007ff91cc20000 - 0x00007ff91cc32000 	C:\WINDOWS\SYSTEM32\kernel.appcore.dll
0x00007ff906500000 - 0x00007ff90650a000 	C:\Users\Dell\.jdks\jbr-17.0.8.1\bin\jimage.dll
0x00007ff91c120000 - 0x00007ff91c304000 	C:\WINDOWS\SYSTEM32\DBGHELP.DLL
0x00007ff902880000 - 0x00007ff9028b4000 	C:\WINDOWS\SYSTEM32\dbgcore.DLL
0x00007ff91e390000 - 0x00007ff91e412000 	C:\WINDOWS\System32\bcryptPrimitives.dll
0x00007ff919920000 - 0x00007ff91992e000 	C:\Users\Dell\.jdks\jbr-17.0.8.1\bin\instrument.dll
0x00007ff8edea0000 - 0x00007ff8edec5000 	C:\Users\Dell\.jdks\jbr-17.0.8.1\bin\java.dll

dbghelp: loaded successfully - version: 4.0.5 - missing functions: none
symbol engine: initialized successfully - sym options: 0x614 - pdb path: .;C:\Users\Dell\.jdks\jbr-17.0.8.1\bin;C:\WINDOWS\SYSTEM32;C:\WINDOWS\WinSxS\amd64_microsoft.windows.common-controls_6595b64144ccf1df_6.0.19041.3636_none_60b6a03d71f818d5;C:\Users\Dell\.jdks\jbr-17.0.8.1\bin\server

VM Arguments:
jvm_args: -Dmaven.multiModuleProjectDirectory=C:\pidev\PIDEV_3A16_EFLEXGYM_ -Djansi.passthrough=true -Dmaven.home=C:\Users\Dell\OneDrive\Bureau\AppData\3eme\IntelliJ IDEA 2023.2.2\plugins\maven\lib\maven3 -Dclassworlds.conf=C:\Users\Dell\OneDrive\Bureau\AppData\3eme\IntelliJ IDEA 2023.2.2\plugins\maven\lib\maven3\bin\m2.conf -Dmaven.ext.class.path=C:\Users\Dell\OneDrive\Bureau\AppData\3eme\IntelliJ IDEA 2023.2.2\plugins\maven\lib\maven-event-listener.jar -javaagent:C:\Users\Dell\OneDrive\Bureau\AppData\3eme\IntelliJ IDEA 2023.2.2\lib\idea_rt.jar=62162:C:\Users\Dell\OneDrive\Bureau\AppData\3eme\IntelliJ IDEA 2023.2.2\bin -Dfile.encoding=UTF-8 
java_command: org.codehaus.classworlds.Launcher -Didea.version=2023.2.2 org.openjfx:javafx-maven-plugin:0.0.8:run
java_class_path (initial): C:\Users\Dell\OneDrive\Bureau\AppData\3eme\IntelliJ IDEA 2023.2.2\plugins\maven\lib\maven3\boot\plexus-classworlds-2.7.0.jar;C:\Users\Dell\OneDrive\Bureau\AppData\3eme\IntelliJ IDEA 2023.2.2\plugins\maven\lib\maven3\boot\plexus-classworlds.license
Launcher Type: SUN_STANDARD

[Global flags]
     intx CICompilerCount                          = 4                                         {product} {ergonomic}
     uint ConcGCThreads                            = 2                                         {product} {ergonomic}
     uint G1ConcRefinementThreads                  = 8                                         {product} {ergonomic}
   size_t G1HeapRegionSize                         = 1048576                                   {product} {ergonomic}
    uintx GCDrainStackTargetSize                   = 64                                        {product} {ergonomic}
   size_t InitialHeapSize                          = 130023424                                 {product} {ergonomic}
   size_t MarkStackSize                            = 4194304                                   {product} {ergonomic}
   size_t MaxHeapSize                              = 2076180480                                {product} {ergonomic}
   size_t MinHeapDeltaBytes                        = 1048576                                   {product} {ergonomic}
   size_t MinHeapSize                              = 8388608                                   {product} {ergonomic}
    uintx NonNMethodCodeHeapSize                   = 5839372                                {pd product} {ergonomic}
    uintx NonProfiledCodeHeapSize                  = 122909434                              {pd product} {ergonomic}
    uintx ProfiledCodeHeapSize                     = 122909434                              {pd product} {ergonomic}
    uintx ReservedCodeCacheSize                    = 251658240                              {pd product} {ergonomic}
     bool SegmentedCodeCache                       = true                                      {product} {ergonomic}
   size_t SoftMaxHeapSize                          = 2076180480                             {manageable} {ergonomic}
     bool UseCompressedClassPointers               = true                           {product lp64_product} {ergonomic}
     bool UseCompressedOops                        = true                           {product lp64_product} {ergonomic}
     bool UseG1GC                                  = true                                      {product} {ergonomic}
     bool UseLargePagesIndividualAllocation        = false                                  {pd product} {ergonomic}

Logging:
Log output configuration:
 #0: stdout all=warning uptime,level,tags
 #1: stderr all=off uptime,level,tags

Environment Variables:
PATH=C:\oraclexe\app\oracle\product\11.2.0\server\bin;;C:\java\bin;C:\Program Files (x86)\Common Files\Intel\Shared Libraries\redist\intel64\compiler;C:\Windows\system32;C:\Windows;C:\Windows\System32\Wbem;C:\Windows\System32\WindowsPowerShell\v1.0\;C:\Windows\System32\OpenSSH\;C:\Program Files (x86)\NVIDIA Corporation\PhysX\Common;C:\WINDOWS\system32;C:\WINDOWS;C:\WINDOWS\System32\Wbem;C:\WINDOWS\System32\WindowsPowerShell\v1.0\;C:\WINDOWS\System32\OpenSSH\;C:\Program Files\dotnet\;C:\Strawberry\c\bin;C:\Strawberry\perl\site\bin;C:\Strawberry\perl\bin;C:\oraclexe;C:\oraclexe\app\oracle\admin\XE;C:\instantclient12_2;C:\Program Files\Git\cmd;C:\xampp\php;C:\ProgramData\ComposerSetup\bin;C:\Users\Dell\AppData\Local\Programs\Python\Python312\Scripts\;C:\Users\Dell\AppData\Local\Programs\Python\Python312\;C:\Users\Dell\scoop\shims;C:\Users\Dell\AppData\Local\Microsoft\WindowsApps;C:\Users\Dell\AppData\Local\Programs\Microsoft VS Code\bin;C:\Users\Dell\AppData\Local\GitHubDesktop\bin;C:\Users\Dell\OneDrive\Bureau\AppData\3eme\IntelliJ IDEA 2023.2.2\bin;;C:\xampp\php;C:\Users\Dell\AppData\Roaming\Composer\vendor\bin
USERNAME=Dell
OS=Windows_NT
PROCESSOR_IDENTIFIER=Intel64 Family 6 Model 140 Stepping 1, GenuineIntel
TMP=C:\Users\Dell\AppData\Local\Temp
TEMP=C:\Users\Dell\AppData\Local\Temp


JNI global refs:
JNI global refs: 0, weak refs: 0

JNI global refs memory usage: 0, weak refs: 0

OOME stack traces (most recent first):
Classloader memory used:


---------------  S Y S T E M  ---------------

OS:
 Windows 10 , 64 bit Build 19041 (10.0.19041.3636)
OS uptime: 2 days 10:48 hours

CPU: total 8 (initial active 8) (4 cores per cpu, 2 threads per core) family 6 model 140 stepping 1 microcode 0xb4, cx8, cmov, fxsr, ht, mmx, 3dnowpref, sse, sse2, sse3, ssse3, sse4.1, sse4.2, popcnt, lzcnt, tsc, tscinvbit, avx, avx2, aes, erms, clmul, bmi1, bmi2, adx, avx512f, avx512dq, avx512cd, avx512bw, avx512vl, sha, fma, vzeroupper, avx512_vpopcntdq, avx512_vpclmulqdq, avx512_vaes, avx512_vnni, clflush, clflushopt, clwb, avx512_vbmi2, avx512_vbmi
Processor Information for all 8 processors :
  Max Mhz: 2419, Current Mhz: 2419, Mhz Limit: 2419

Memory: 4k page, system-wide physical 7918M (382M free)
TotalPageFile size 32494M (AvailPageFile size 70M)
current process WorkingSet (physical memory assigned to process): 36M, peak: 36M
current process commit charge ("private bytes"): 86M, peak: 184M

vm_info: OpenJDK 64-Bit Server VM (17.0.8.1+7-b1059.3) for windows-amd64 JRE (17.0.8.1+7-b1059.3), built on 2023-09-11 by "builduser" with MS VC++ 16.10 / 16.11 (VS2019)

END.
