#
# There is insufficient memory for the Java Runtime Environment to continue.
# Native memory allocation (malloc) failed to allocate 1057696 bytes for Chunk::new
# Possible reasons:
#   The system is out of physical RAM or swap space
#   The process is running with CompressedOops enabled, and the Java Heap may be blocking the growth of the native heap
# Possible solutions:
#   Reduce memory load on the system
#   Increase physical memory or swap space
#   Check if swap backing store is full
#   Decrease Java heap size (-Xmx/-Xms)
#   Decrease number of Java threads
#   Decrease Java thread stack sizes (-Xss)
#   Set larger code cache with -XX:ReservedCodeCacheSize=
#   JVM is running with Unscaled Compressed Oops mode in which the Java heap is
#     placed in the first 4GB address space. The Java Heap base address is the
#     maximum limit for the native heap growth. Please use -XX:HeapBaseMinAddress
#     to set the Java Heap base and to place the Java Heap above 4GB virtual address.
# This output file may be truncated or incomplete.
#
#  Out of Memory Error (arena.cpp:189), pid=1404, tid=23304
#
# JRE version: OpenJDK Runtime Environment JBR-17.0.8.1+7-1059.3-nomod (17.0.8.1+7) (build 17.0.8.1+7-b1059.3)
# Java VM: OpenJDK 64-Bit Server VM JBR-17.0.8.1+7-1059.3-nomod (17.0.8.1+7-b1059.3, mixed mode, tiered, compressed oops, compressed class ptrs, g1 gc, windows-amd64)
# No core dump will be written. Minidumps are not enabled by default on client versions of Windows
#

---------------  S U M M A R Y ------------

Command Line: -Dmaven.multiModuleProjectDirectory=C:\pidev\PIDEV_3A16_EFLEXGYM_ -Djansi.passthrough=true -Dmaven.home=C:\Users\Dell\OneDrive\Bureau\AppData\3eme\IntelliJ IDEA 2023.2.2\plugins\maven\lib\maven3 -Dclassworlds.conf=C:\Users\Dell\OneDrive\Bureau\AppData\3eme\IntelliJ IDEA 2023.2.2\plugins\maven\lib\maven3\bin\m2.conf -Dmaven.ext.class.path=C:\Users\Dell\OneDrive\Bureau\AppData\3eme\IntelliJ IDEA 2023.2.2\plugins\maven\lib\maven-event-listener.jar -javaagent:C:\Users\Dell\OneDrive\Bureau\AppData\3eme\IntelliJ IDEA 2023.2.2\lib\idea_rt.jar=62366:C:\Users\Dell\OneDrive\Bureau\AppData\3eme\IntelliJ IDEA 2023.2.2\bin -Dfile.encoding=UTF-8 org.codehaus.classworlds.Launcher -Didea.version=2023.2.2 org.openjfx:javafx-maven-plugin:0.0.8:run

Host: 11th Gen Intel(R) Core(TM) i5-1135G7 @ 2.40GHz, 8 cores, 7G,  Windows 10 , 64 bit Build 19041 (10.0.19041.3636)
Time: Sun Feb 25 20:42:57 2024 Afr. centrale Ouest elapsed time: 3.650397 seconds (0d 0h 0m 3s)

---------------  T H R E A D  ---------------

Current thread (0x0000027a9eba7df0):  JavaThread "C2 CompilerThread0" daemon [_thread_in_native, id=23304, stack(0x0000007b9f700000,0x0000007b9f800000)]


Current CompileTask:
C2:   3650 4256   !   4       com.google.inject.spi.InjectionPoint::getInjectionPoints (491 bytes)

Stack: [0x0000007b9f700000,0x0000007b9f800000]
Native frames: (J=compiled Java code, j=interpreted, Vv=VM code, C=native code)
V  [jvm.dll+0x6852da]  os::platform_print_native_stack+0xca  (os_windows_x86.cpp:235)
V  [jvm.dll+0x844ad4]  VMError::report+0xc34  (vmError.cpp:741)
V  [jvm.dll+0x8463ee]  VMError::report_and_die+0x78e  (vmError.cpp:1582)
V  [jvm.dll+0x846a53]  VMError::report_and_die+0x43  (vmError.cpp:1368)
V  [jvm.dll+0x24b7cf]  report_vm_out_of_memory+0x8f  (debug.cpp:321)
V  [jvm.dll+0xac3bc]  Chunk::operator new+0xcc  (arena.cpp:189)
V  [jvm.dll+0xac98c]  Arena::grow+0x3c  (arena.cpp:350)
V  [jvm.dll+0x2b2cef]  PhaseIdealLoop::Dominators+0x8f  (domgraph.cpp:397)
V  [jvm.dll+0x58d677]  PhaseIdealLoop::build_and_optimize+0x417  (loopnode.cpp:3846)
V  [jvm.dll+0x226182]  PhaseIdealLoop::optimize+0x132  (loopnode.hpp:1153)
V  [jvm.dll+0x22655f]  Compile::optimize_loops+0xbf  (compile.cpp:2026)
V  [jvm.dll+0x21f655]  Compile::Optimize+0x1045  (compile.cpp:2248)
V  [jvm.dll+0x21cb0b]  Compile::Compile+0xd4b  (compile.cpp:791)
V  [jvm.dll+0x1a660d]  C2Compiler::compile_method+0xad  (c2compiler.cpp:110)
V  [jvm.dll+0x22c9c8]  CompileBroker::invoke_compiler_on_method+0x878  (compileBroker.cpp:2372)
V  [jvm.dll+0x22a990]  CompileBroker::compiler_thread_loop+0x2d0  (compileBroker.cpp:2030)
V  [jvm.dll+0x7f9b8c]  JavaThread::run+0x13c  (thread.cpp:1296)
V  [jvm.dll+0x7f3faa]  Thread::call_run+0x8a  (thread.cpp:404)
V  [jvm.dll+0x684165]  thread_native_entry+0x75  (os_windows.cpp:550)
C  [ucrtbase.dll+0x21bb2]
C  [KERNEL32.DLL+0x17344]
C  [ntdll.dll+0x526b1]


---------------  P R O C E S S  ---------------

Threads class SMR info:
_java_thread_list=0x0000027a9ebad040, length=14, elements={
0x0000027a82b64720, 0x0000027a9ea1b4f0, 0x0000027a9ea1beb0, 0x0000027a9eb6cb20,
0x0000027a9eb6d4e0, 0x0000027a9eb9b410, 0x0000027a9eb9bce0, 0x0000027a9eba7df0,
0x0000027a9eba87f0, 0x0000027a9eba91f0, 0x0000027a9ed2c380, 0x0000027a9ee904a0,
0x0000027a9ee39560, 0x0000027aa3420a70
}

Java Threads: ( => current thread )
  0x0000027a82b64720 JavaThread "main" [_thread_blocked, id=11792, stack(0x0000007b9ea00000,0x0000007b9eb00000)]
  0x0000027a9ea1b4f0 JavaThread "Reference Handler" daemon [_thread_blocked, id=21688, stack(0x0000007b9f100000,0x0000007b9f200000)]
  0x0000027a9ea1beb0 JavaThread "Finalizer" daemon [_thread_blocked, id=3848, stack(0x0000007b9f200000,0x0000007b9f300000)]
  0x0000027a9eb6cb20 JavaThread "Signal Dispatcher" daemon [_thread_blocked, id=21540, stack(0x0000007b9f300000,0x0000007b9f400000)]
  0x0000027a9eb6d4e0 JavaThread "Attach Listener" daemon [_thread_blocked, id=25256, stack(0x0000007b9f400000,0x0000007b9f500000)]
  0x0000027a9eb9b410 JavaThread "Service Thread" daemon [_thread_blocked, id=25648, stack(0x0000007b9f500000,0x0000007b9f600000)]
  0x0000027a9eb9bce0 JavaThread "Monitor Deflation Thread" daemon [_thread_blocked, id=25224, stack(0x0000007b9f600000,0x0000007b9f700000)]
=>0x0000027a9eba7df0 JavaThread "C2 CompilerThread0" daemon [_thread_in_native, id=23304, stack(0x0000007b9f700000,0x0000007b9f800000)]
  0x0000027a9eba87f0 JavaThread "C1 CompilerThread0" daemon [_thread_blocked, id=30448, stack(0x0000007b9f800000,0x0000007b9f900000)]
  0x0000027a9eba91f0 JavaThread "Sweeper thread" daemon [_thread_blocked, id=22664, stack(0x0000007b9f900000,0x0000007b9fa00000)]
  0x0000027a9ed2c380 JavaThread "Common-Cleaner" daemon [_thread_blocked, id=18168, stack(0x0000007b9fa00000,0x0000007b9fb00000)]
  0x0000027a9ee904a0 JavaThread "Monitor Ctrl-Break" daemon [_thread_in_native, id=22696, stack(0x0000007b9fb00000,0x0000007b9fc00000)]
  0x0000027a9ee39560 JavaThread "Notification Thread" daemon [_thread_blocked, id=23624, stack(0x0000007b9fc00000,0x0000007b9fd00000)]
  0x0000027aa3420a70 JavaThread "C2 CompilerThread1" daemon [_thread_in_native, id=27136, stack(0x0000007b9fe00000,0x0000007b9ff00000)]

Other Threads:
  0x0000027a9ea17a20 VMThread "VM Thread" [stack: 0x0000007b9f000000,0x0000007b9f100000] [id=26704]
  0x0000027a9ee90980 WatcherThread [stack: 0x0000007b9fd00000,0x0000007b9fe00000] [id=21292]
  0x0000027a82bbc6a0 GCTaskThread "GC Thread#0" [stack: 0x0000007b9eb00000,0x0000007b9ec00000] [id=19268]
  0x0000027aa34e8130 GCTaskThread "GC Thread#1" [stack: 0x0000007b9ff00000,0x0000007ba0000000] [id=27144]
  0x0000027aa3d6dd10 GCTaskThread "GC Thread#2" [stack: 0x0000007ba0000000,0x0000007ba0100000] [id=28988]
  0x0000027aa3b2b8a0 GCTaskThread "GC Thread#3" [stack: 0x0000007ba0100000,0x0000007ba0200000] [id=23324]
  0x0000027aa3b59f90 GCTaskThread "GC Thread#4" [stack: 0x0000007ba0200000,0x0000007ba0300000] [id=15676]
  0x0000027aa3b5a250 GCTaskThread "GC Thread#5" [stack: 0x0000007ba0300000,0x0000007ba0400000] [id=29140]
  0x0000027aa3abfdc0 GCTaskThread "GC Thread#6" [stack: 0x0000007ba0400000,0x0000007ba0500000] [id=26372]
  0x0000027aa3ac0080 GCTaskThread "GC Thread#7" [stack: 0x0000007ba0500000,0x0000007ba0600000] [id=30672]
  0x0000027a82bce520 ConcurrentGCThread "G1 Main Marker" [stack: 0x0000007b9ec00000,0x0000007b9ed00000] [id=17328]
  0x0000027a82bcef30 ConcurrentGCThread "G1 Conc#0" [stack: 0x0000007b9ed00000,0x0000007b9ee00000] [id=5068]
  0x0000027aa3dbfaa0 ConcurrentGCThread "G1 Conc#1" [stack: 0x0000007ba0600000,0x0000007ba0700000] [id=27616]
  0x0000027a9e8590f0 ConcurrentGCThread "G1 Refine#0" [stack: 0x0000007b9ee00000,0x0000007b9ef00000] [id=28856]
  0x0000027a9e85b940 ConcurrentGCThread "G1 Service" [stack: 0x0000007b9ef00000,0x0000007b9f000000] [id=30368]

Threads with active compile tasks:
C2 CompilerThread0     3864 4256   !   4       com.google.inject.spi.InjectionPoint::getInjectionPoints (491 bytes)
C2 CompilerThread1     3864 4253       4       java.util.stream.SortedOps$SizedRefSortingSink::end (129 bytes)

VM state: not at safepoint (normal execution)

VM Mutex/Monitor currently owned by a thread: None

Heap address: 0x0000000084400000, size: 1980 MB, Compressed Oops mode: 32-bit

CDS archive(s) not mapped
Compressed class space mapped at: 0x0000000100000000-0x0000000140000000, reserved size: 1073741824
Narrow klass base: 0x0000000000000000, Narrow klass shift: 3, Narrow klass range: 0x140000000

GC Precious Log:
 CPUs: 8 total, 8 available
 Memory: 7918M
 Large Page Support: Disabled
 NUMA Support: Disabled
 Compressed Oops: Enabled (32-bit)
 Heap Region Size: 1M
 Heap Min Capacity: 8M
 Heap Initial Capacity: 124M
 Heap Max Capacity: 1980M
 Pre-touch: Disabled
 Parallel Workers: 8
 Concurrent Workers: 2
 Concurrent Refinement Workers: 8
 Periodic GC: Disabled

Heap:
 garbage-first heap   total 78848K, used 52242K [0x0000000084400000, 0x0000000100000000)
  region size 1024K, 43 young (44032K), 2 survivors (2048K)
 Metaspace       used 28926K, committed 29248K, reserved 1114112K
  class space    used 3240K, committed 3392K, reserved 1048576K

Heap Regions: E=young(eden), S=young(survivor), O=old, HS=humongous(starts), HC=humongous(continues), CS=collection set, F=free, OA=open archive, CA=closed archive, TAMS=top-at-mark-start (previous, next)
|   0|0x0000000084400000, 0x0000000084500000, 0x0000000084500000|100%| O|  |TAMS 0x0000000084500000, 0x0000000084400000| Untracked 
|   1|0x0000000084500000, 0x0000000084600000, 0x0000000084600000|100%| O|  |TAMS 0x0000000084600000, 0x0000000084500000| Untracked 
|   2|0x0000000084600000, 0x0000000084700000, 0x0000000084700000|100%| O|  |TAMS 0x0000000084700000, 0x0000000084600000| Untracked 
|   3|0x0000000084700000, 0x00000000847f4800, 0x0000000084800000| 95%| O|  |TAMS 0x00000000847f4800, 0x0000000084700000| Untracked 
|   4|0x0000000084800000, 0x0000000084900000, 0x0000000084900000|100%| O|  |TAMS 0x0000000084800000, 0x0000000084800000| Untracked 
|   5|0x0000000084900000, 0x0000000084a00000, 0x0000000084a00000|100%| O|  |TAMS 0x0000000084900000, 0x0000000084900000| Untracked 
|   6|0x0000000084a00000, 0x0000000084b00000, 0x0000000084b00000|100%| O|  |TAMS 0x0000000084a00000, 0x0000000084a00000| Untracked 
|   7|0x0000000084b00000, 0x0000000084b23200, 0x0000000084c00000| 13%| O|  |TAMS 0x0000000084b00000, 0x0000000084b00000| Untracked 
|   8|0x0000000084c00000, 0x0000000084c00000, 0x0000000084d00000|  0%| F|  |TAMS 0x0000000084c00000, 0x0000000084c00000| Untracked 
|   9|0x0000000084d00000, 0x0000000084d00000, 0x0000000084e00000|  0%| F|  |TAMS 0x0000000084d00000, 0x0000000084d00000| Untracked 
|  10|0x0000000084e00000, 0x0000000084f00000, 0x0000000084f00000|100%| O|  |TAMS 0x0000000084e00000, 0x0000000084e00000| Untracked 
|  11|0x0000000084f00000, 0x0000000085000000, 0x0000000085000000|100%| O|  |TAMS 0x0000000084f00000, 0x0000000084f00000| Untracked 
|  12|0x0000000085000000, 0x0000000085000000, 0x0000000085100000|  0%| F|  |TAMS 0x0000000085000000, 0x0000000085000000| Untracked 
|  13|0x0000000085100000, 0x0000000085100000, 0x0000000085200000|  0%| F|  |TAMS 0x0000000085100000, 0x0000000085100000| Untracked 
|  14|0x0000000085200000, 0x0000000085200000, 0x0000000085300000|  0%| F|  |TAMS 0x0000000085200000, 0x0000000085200000| Untracked 
|  15|0x0000000085300000, 0x0000000085300000, 0x0000000085400000|  0%| F|  |TAMS 0x0000000085300000, 0x0000000085300000| Untracked 
|  16|0x0000000085400000, 0x00000000854ed170, 0x0000000085500000| 92%| S|CS|TAMS 0x0000000085400000, 0x0000000085400000| Complete 
|  17|0x0000000085500000, 0x0000000085600000, 0x0000000085600000|100%| S|CS|TAMS 0x0000000085500000, 0x0000000085500000| Complete 
|  18|0x0000000085600000, 0x0000000085600000, 0x0000000085700000|  0%| F|  |TAMS 0x0000000085600000, 0x0000000085600000| Untracked 
|  19|0x0000000085700000, 0x0000000085700000, 0x0000000085800000|  0%| F|  |TAMS 0x0000000085700000, 0x0000000085700000| Untracked 
|  20|0x0000000085800000, 0x0000000085800000, 0x0000000085900000|  0%| F|  |TAMS 0x0000000085800000, 0x0000000085800000| Untracked 
|  21|0x0000000085900000, 0x0000000085900000, 0x0000000085a00000|  0%| F|  |TAMS 0x0000000085900000, 0x0000000085900000| Untracked 
|  22|0x0000000085a00000, 0x0000000085a00000, 0x0000000085b00000|  0%| F|  |TAMS 0x0000000085a00000, 0x0000000085a00000| Untracked 
|  23|0x0000000085b00000, 0x0000000085b00000, 0x0000000085c00000|  0%| F|  |TAMS 0x0000000085b00000, 0x0000000085b00000| Untracked 
|  24|0x0000000085c00000, 0x0000000085c00000, 0x0000000085d00000|  0%| F|  |TAMS 0x0000000085c00000, 0x0000000085c00000| Untracked 
|  25|0x0000000085d00000, 0x0000000085d00000, 0x0000000085e00000|  0%| F|  |TAMS 0x0000000085d00000, 0x0000000085d00000| Untracked 
|  26|0x0000000085e00000, 0x0000000085e00000, 0x0000000085f00000|  0%| F|  |TAMS 0x0000000085e00000, 0x0000000085e00000| Untracked 
|  27|0x0000000085f00000, 0x0000000085f00000, 0x0000000086000000|  0%| F|  |TAMS 0x0000000085f00000, 0x0000000085f00000| Untracked 
|  28|0x0000000086000000, 0x0000000086000000, 0x0000000086100000|  0%| F|  |TAMS 0x0000000086000000, 0x0000000086000000| Untracked 
|  29|0x0000000086100000, 0x0000000086100000, 0x0000000086200000|  0%| F|  |TAMS 0x0000000086100000, 0x0000000086100000| Untracked 
|  30|0x0000000086200000, 0x0000000086200000, 0x0000000086300000|  0%| F|  |TAMS 0x0000000086200000, 0x0000000086200000| Untracked 
|  31|0x0000000086300000, 0x0000000086300000, 0x0000000086400000|  0%| F|  |TAMS 0x0000000086300000, 0x0000000086300000| Untracked 
|  32|0x0000000086400000, 0x0000000086400000, 0x0000000086500000|  0%| F|  |TAMS 0x0000000086400000, 0x0000000086400000| Untracked 
|  33|0x0000000086500000, 0x0000000086500000, 0x0000000086600000|  0%| F|  |TAMS 0x0000000086500000, 0x0000000086500000| Untracked 
|  34|0x0000000086600000, 0x0000000086600000, 0x0000000086700000|  0%| F|  |TAMS 0x0000000086600000, 0x0000000086600000| Untracked 
|  35|0x0000000086700000, 0x0000000086700000, 0x0000000086800000|  0%| F|  |TAMS 0x0000000086700000, 0x0000000086700000| Untracked 
|  36|0x0000000086800000, 0x00000000868f1270, 0x0000000086900000| 94%| E|  |TAMS 0x0000000086800000, 0x0000000086800000| Complete 
|  37|0x0000000086900000, 0x0000000086a00000, 0x0000000086a00000|100%| E|CS|TAMS 0x0000000086900000, 0x0000000086900000| Complete 
|  38|0x0000000086a00000, 0x0000000086b00000, 0x0000000086b00000|100%| E|CS|TAMS 0x0000000086a00000, 0x0000000086a00000| Complete 
|  39|0x0000000086b00000, 0x0000000086c00000, 0x0000000086c00000|100%| E|CS|TAMS 0x0000000086b00000, 0x0000000086b00000| Complete 
|  40|0x0000000086c00000, 0x0000000086d00000, 0x0000000086d00000|100%| E|CS|TAMS 0x0000000086c00000, 0x0000000086c00000| Complete 
|  41|0x0000000086d00000, 0x0000000086e00000, 0x0000000086e00000|100%| E|CS|TAMS 0x0000000086d00000, 0x0000000086d00000| Complete 
|  42|0x0000000086e00000, 0x0000000086f00000, 0x0000000086f00000|100%| E|CS|TAMS 0x0000000086e00000, 0x0000000086e00000| Complete 
|  43|0x0000000086f00000, 0x0000000087000000, 0x0000000087000000|100%| E|CS|TAMS 0x0000000086f00000, 0x0000000086f00000| Complete 
|  44|0x0000000087000000, 0x0000000087100000, 0x0000000087100000|100%| E|CS|TAMS 0x0000000087000000, 0x0000000087000000| Complete 
|  45|0x0000000087100000, 0x0000000087200000, 0x0000000087200000|100%| E|CS|TAMS 0x0000000087100000, 0x0000000087100000| Complete 
|  46|0x0000000087200000, 0x0000000087300000, 0x0000000087300000|100%| E|CS|TAMS 0x0000000087200000, 0x0000000087200000| Complete 
|  47|0x0000000087300000, 0x0000000087400000, 0x0000000087400000|100%| E|CS|TAMS 0x0000000087300000, 0x0000000087300000| Complete 
|  48|0x0000000087400000, 0x0000000087500000, 0x0000000087500000|100%| E|CS|TAMS 0x0000000087400000, 0x0000000087400000| Complete 
|  49|0x0000000087500000, 0x0000000087600000, 0x0000000087600000|100%| E|CS|TAMS 0x0000000087500000, 0x0000000087500000| Complete 
|  50|0x0000000087600000, 0x0000000087700000, 0x0000000087700000|100%| E|CS|TAMS 0x0000000087600000, 0x0000000087600000| Complete 
|  51|0x0000000087700000, 0x0000000087800000, 0x0000000087800000|100%| E|CS|TAMS 0x0000000087700000, 0x0000000087700000| Complete 
|  52|0x0000000087800000, 0x0000000087900000, 0x0000000087900000|100%| E|CS|TAMS 0x0000000087800000, 0x0000000087800000| Complete 
|  53|0x0000000087900000, 0x0000000087a00000, 0x0000000087a00000|100%| E|CS|TAMS 0x0000000087900000, 0x0000000087900000| Complete 
|  54|0x0000000087a00000, 0x0000000087b00000, 0x0000000087b00000|100%| E|CS|TAMS 0x0000000087a00000, 0x0000000087a00000| Complete 
|  55|0x0000000087b00000, 0x0000000087c00000, 0x0000000087c00000|100%| E|CS|TAMS 0x0000000087b00000, 0x0000000087b00000| Complete 
|  56|0x0000000087c00000, 0x0000000087d00000, 0x0000000087d00000|100%| E|CS|TAMS 0x0000000087c00000, 0x0000000087c00000| Complete 
|  57|0x0000000087d00000, 0x0000000087e00000, 0x0000000087e00000|100%| E|CS|TAMS 0x0000000087d00000, 0x0000000087d00000| Complete 
|  58|0x0000000087e00000, 0x0000000087f00000, 0x0000000087f00000|100%| E|CS|TAMS 0x0000000087e00000, 0x0000000087e00000| Complete 
|  59|0x0000000087f00000, 0x0000000088000000, 0x0000000088000000|100%| E|CS|TAMS 0x0000000087f00000, 0x0000000087f00000| Complete 
|  60|0x0000000088000000, 0x0000000088100000, 0x0000000088100000|100%| E|CS|TAMS 0x0000000088000000, 0x0000000088000000| Complete 
|  61|0x0000000088100000, 0x0000000088200000, 0x0000000088200000|100%| E|CS|TAMS 0x0000000088100000, 0x0000000088100000| Complete 
|  62|0x0000000088200000, 0x0000000088300000, 0x0000000088300000|100%| E|CS|TAMS 0x0000000088200000, 0x0000000088200000| Complete 
|  63|0x0000000088300000, 0x0000000088400000, 0x0000000088400000|100%| E|CS|TAMS 0x0000000088300000, 0x0000000088300000| Complete 
|  64|0x0000000088400000, 0x0000000088500000, 0x0000000088500000|100%| E|CS|TAMS 0x0000000088400000, 0x0000000088400000| Complete 
|  65|0x0000000088500000, 0x0000000088600000, 0x0000000088600000|100%| E|CS|TAMS 0x0000000088500000, 0x0000000088500000| Complete 
|  66|0x0000000088600000, 0x0000000088700000, 0x0000000088700000|100%| E|CS|TAMS 0x0000000088600000, 0x0000000088600000| Complete 
|  67|0x0000000088700000, 0x0000000088800000, 0x0000000088800000|100%| E|CS|TAMS 0x0000000088700000, 0x0000000088700000| Complete 
|  68|0x0000000088800000, 0x0000000088900000, 0x0000000088900000|100%| E|CS|TAMS 0x0000000088800000, 0x0000000088800000| Complete 
|  69|0x0000000088900000, 0x0000000088a00000, 0x0000000088a00000|100%| E|CS|TAMS 0x0000000088900000, 0x0000000088900000| Complete 
|  70|0x0000000088a00000, 0x0000000088b00000, 0x0000000088b00000|100%| E|CS|TAMS 0x0000000088a00000, 0x0000000088a00000| Complete 
|  71|0x0000000088b00000, 0x0000000088c00000, 0x0000000088c00000|100%| E|CS|TAMS 0x0000000088b00000, 0x0000000088b00000| Complete 
| 107|0x000000008af00000, 0x000000008b000000, 0x000000008b000000|100%| E|CS|TAMS 0x000000008af00000, 0x000000008af00000| Complete 
| 108|0x000000008b000000, 0x000000008b100000, 0x000000008b100000|100%| E|CS|TAMS 0x000000008b000000, 0x000000008b000000| Complete 
| 109|0x000000008b100000, 0x000000008b200000, 0x000000008b200000|100%| E|CS|TAMS 0x000000008b100000, 0x000000008b100000| Complete 
| 110|0x000000008b200000, 0x000000008b300000, 0x000000008b300000|100%| E|CS|TAMS 0x000000008b200000, 0x000000008b200000| Complete 
| 123|0x000000008bf00000, 0x000000008c000000, 0x000000008c000000|100%| E|CS|TAMS 0x000000008bf00000, 0x000000008bf00000| Complete 

Card table byte_map: [0x0000027a97980000,0x0000027a97d60000] _byte_map_base: 0x0000027a9755e000

Marking Bits (Prev, Next): (CMBitMap*) 0x0000027a82bbdd10, (CMBitMap*) 0x0000027a82bbdcd0
 Prev Bits: [0x0000027a9a030000, 0x0000027a9bf20000)
 Next Bits: [0x0000027a98140000, 0x0000027a9a030000)

Polling page: 0x0000027a82c20000

Metaspace:

Usage:
  Non-class:     25.08 MB used.
      Class:      3.16 MB used.
       Both:     28.25 MB used.

Virtual space:
  Non-class space:       64.00 MB reserved,      25.25 MB ( 39%) committed,  1 nodes.
      Class space:        1.00 GB reserved,       3.31 MB ( <1%) committed,  1 nodes.
             Both:        1.06 GB reserved,      28.56 MB (  3%) committed. 

Chunk freelists:
   Non-Class:  6.05 MB
       Class:  12.62 MB
        Both:  18.67 MB

MaxMetaspaceSize: unlimited
CompressedClassSpaceSize: 1.00 GB
Initial GC threshold: 21.00 MB
Current GC threshold: 35.12 MB
CDS: off
MetaspaceReclaimPolicy: balanced
 - commit_granule_bytes: 65536.
 - commit_granule_words: 8192.
 - virtual_space_node_default_size: 8388608.
 - enlarge_chunks_in_place: 1.
 - new_chunks_are_fully_committed: 0.
 - uncommit_free_chunks: 1.
 - use_allocation_guard: 0.
 - handle_deallocations: 1.


Internal statistics:

num_allocs_failed_limit: 3.
num_arena_births: 128.
num_arena_deaths: 0.
num_vsnodes_births: 2.
num_vsnodes_deaths: 0.
num_space_committed: 457.
num_space_uncommitted: 0.
num_chunks_returned_to_freelist: 3.
num_chunks_taken_from_freelist: 867.
num_chunk_merges: 3.
num_chunk_splits: 574.
num_chunks_enlarged: 438.
num_inconsistent_stats: 0.

CodeHeap 'non-profiled nmethods': size=120000Kb used=2152Kb max_used=2152Kb free=117847Kb
 bounds [0x0000027a8f610000, 0x0000027a8f880000, 0x0000027a96b40000]
CodeHeap 'profiled nmethods': size=120000Kb used=9049Kb max_used=9049Kb free=110950Kb
 bounds [0x0000027a87b40000, 0x0000027a88420000, 0x0000027a8f070000]
CodeHeap 'non-nmethods': size=5760Kb used=1200Kb max_used=1231Kb free=4559Kb
 bounds [0x0000027a8f070000, 0x0000027a8f2e0000, 0x0000027a8f610000]
 total_blobs=4873 nmethods=4386 adapters=399
 compilation: enabled
              stopped_count=0, restarted_count=0
 full_count=0

Compilation events (20 events):
Event: 3.590 Thread 0x0000027a9eba87f0 4357       3       sun.nio.fs.WindowsFileSystemProvider::getFileAttributeView (118 bytes)
Event: 3.591 Thread 0x0000027a9eba87f0 nmethod 4357 0x0000027a88403490 code [0x0000027a88403780, 0x0000027a88404768]
Event: 3.591 Thread 0x0000027a9eba87f0 4358   !   3       sun.nio.fs.WindowsNativeDispatcher::GetFileAttributesEx (30 bytes)
Event: 3.591 Thread 0x0000027a9eba87f0 nmethod 4358 0x0000027a88404c10 code [0x0000027a88404e00, 0x0000027a884050f8]
Event: 3.591 Thread 0x0000027a9eba87f0 4359       3       sun.nio.fs.WindowsFileAttributes::fromFileAttributeData (104 bytes)
Event: 3.591 Thread 0x0000027a9eba87f0 nmethod 4359 0x0000027a88405310 code [0x0000027a884054e0, 0x0000027a884059a8]
Event: 3.591 Thread 0x0000027a9eba87f0 4362       3       java.lang.invoke.DirectMethodHandle::internalMemberName (8 bytes)
Event: 3.591 Thread 0x0000027a9eba87f0 nmethod 4362 0x0000027a88405c10 code [0x0000027a88405da0, 0x0000027a88405f78]
Event: 3.591 Thread 0x0000027a9eba87f0 4361       1       java.lang.invoke.MethodHandle::internalForm (5 bytes)
Event: 3.591 Thread 0x0000027a9eba87f0 nmethod 4361 0x0000027a8f827090 code [0x0000027a8f827220, 0x0000027a8f8272f8]
Event: 3.595 Thread 0x0000027a9eba87f0 4363       3       java.lang.ProcessEnvironment$CheckedEntry::getKey (5 bytes)
Event: 3.595 Thread 0x0000027a9eba87f0 nmethod 4363 0x0000027a88406090 code [0x0000027a88406240, 0x0000027a88406548]
Event: 3.595 Thread 0x0000027a9eba87f0 4364       3       java.lang.ProcessEnvironment$CheckedEntry::getKey (13 bytes)
Event: 3.595 Thread 0x0000027a9eba87f0 nmethod 4364 0x0000027a88406690 code [0x0000027a88406840, 0x0000027a88406ae8]
Event: 3.602 Thread 0x0000027a9eba87f0 4367       3       java.lang.invoke.MemberName::isMethod (8 bytes)
Event: 3.602 Thread 0x0000027a9eba87f0 nmethod 4367 0x0000027a88406c10 code [0x0000027a88406dc0, 0x0000027a88406ff8]
Event: 3.603 Thread 0x0000027a9eba87f0 4370       1       java.lang.invoke.MethodHandleImpl$IntrinsicMethodHandle::getTarget (5 bytes)
Event: 3.603 Thread 0x0000027a9eba87f0 nmethod 4370 0x0000027a8f827f90 code [0x0000027a8f828120, 0x0000027a8f8281f8]
Event: 3.605 Thread 0x0000027a9eba87f0 4372       3       java.lang.invoke.LambdaForm$NamedFunction::methodType (23 bytes)
Event: 3.606 Thread 0x0000027a9eba87f0 nmethod 4372 0x0000027a88407110 code [0x0000027a884072c0, 0x0000027a88407508]

GC Heap History (14 events):
Event: 1.611 GC heap before
{Heap before GC invocations=0 (full 0):
 garbage-first heap   total 126976K, used 23552K [0x0000000084400000, 0x0000000100000000)
  region size 1024K, 23 young (23552K), 0 survivors (0K)
 Metaspace       used 14557K, committed 14784K, reserved 1114112K
  class space    used 1507K, committed 1600K, reserved 1048576K
}
Event: 1.618 GC heap after
{Heap after GC invocations=1 (full 0):
 garbage-first heap   total 126976K, used 3840K [0x0000000084400000, 0x0000000100000000)
  region size 1024K, 3 young (3072K), 3 survivors (3072K)
 Metaspace       used 14557K, committed 14784K, reserved 1114112K
  class space    used 1507K, committed 1600K, reserved 1048576K
}
Event: 2.008 GC heap before
{Heap before GC invocations=1 (full 0):
 garbage-first heap   total 126976K, used 34560K [0x0000000084400000, 0x0000000100000000)
  region size 1024K, 33 young (33792K), 3 survivors (3072K)
 Metaspace       used 18997K, committed 19200K, reserved 1114112K
  class space    used 2055K, committed 2112K, reserved 1048576K
}
Event: 2.016 GC heap after
{Heap after GC invocations=2 (full 0):
 garbage-first heap   total 126976K, used 6098K [0x0000000084400000, 0x0000000100000000)
  region size 1024K, 2 young (2048K), 2 survivors (2048K)
 Metaspace       used 18997K, committed 19200K, reserved 1114112K
  class space    used 2055K, committed 2112K, reserved 1048576K
}
Event: 2.229 GC heap before
{Heap before GC invocations=2 (full 0):
 garbage-first heap   total 126976K, used 18386K [0x0000000084400000, 0x0000000100000000)
  region size 1024K, 15 young (15360K), 2 survivors (2048K)
 Metaspace       used 21328K, committed 21504K, reserved 1114112K
  class space    used 2378K, committed 2496K, reserved 1048576K
}
Event: 2.233 GC heap after
{Heap after GC invocations=3 (full 0):
 garbage-first heap   total 126976K, used 7331K [0x0000000084400000, 0x0000000100000000)
  region size 1024K, 4 young (4096K), 4 survivors (4096K)
 Metaspace       used 21328K, committed 21504K, reserved 1114112K
  class space    used 2378K, committed 2496K, reserved 1048576K
}
Event: 2.531 GC heap before
{Heap before GC invocations=4 (full 0):
 garbage-first heap   total 30720K, used 22691K [0x0000000084400000, 0x0000000100000000)
  region size 1024K, 20 young (20480K), 4 survivors (4096K)
 Metaspace       used 24644K, committed 24896K, reserved 1114112K
  class space    used 2771K, committed 2880K, reserved 1048576K
}
Event: 2.538 GC heap after
{Heap after GC invocations=5 (full 0):
 garbage-first heap   total 30720K, used 8721K [0x0000000084400000, 0x0000000100000000)
  region size 1024K, 5 young (5120K), 5 survivors (5120K)
 Metaspace       used 24644K, committed 24896K, reserved 1114112K
  class space    used 2771K, committed 2880K, reserved 1048576K
}
Event: 2.695 GC heap before
{Heap before GC invocations=5 (full 0):
 garbage-first heap   total 30720K, used 22033K [0x0000000084400000, 0x0000000100000000)
  region size 1024K, 18 young (18432K), 5 survivors (5120K)
 Metaspace       used 25171K, committed 25344K, reserved 1114112K
  class space    used 2816K, committed 2880K, reserved 1048576K
}
Event: 2.701 GC heap after
{Heap after GC invocations=6 (full 0):
 garbage-first heap   total 30720K, used 9506K [0x0000000084400000, 0x0000000100000000)
  region size 1024K, 3 young (3072K), 3 survivors (3072K)
 Metaspace       used 25171K, committed 25344K, reserved 1114112K
  class space    used 2816K, committed 2880K, reserved 1048576K
}
Event: 2.886 GC heap before
{Heap before GC invocations=6 (full 0):
 garbage-first heap   total 30720K, used 22818K [0x0000000084400000, 0x0000000100000000)
  region size 1024K, 16 young (16384K), 3 survivors (3072K)
 Metaspace       used 26135K, committed 26304K, reserved 1114112K
  class space    used 2930K, committed 3008K, reserved 1048576K
}
Event: 2.890 GC heap after
{Heap after GC invocations=7 (full 0):
 garbage-first heap   total 30720K, used 10394K [0x0000000084400000, 0x0000000100000000)
  region size 1024K, 2 young (2048K), 2 survivors (2048K)
 Metaspace       used 26135K, committed 26304K, reserved 1114112K
  class space    used 2930K, committed 3008K, reserved 1048576K
}
Event: 3.060 GC heap before
{Heap before GC invocations=7 (full 0):
 garbage-first heap   total 30720K, used 22682K [0x0000000084400000, 0x0000000100000000)
  region size 1024K, 14 young (14336K), 2 survivors (2048K)
 Metaspace       used 26937K, committed 27136K, reserved 1114112K
  class space    used 2990K, committed 3072K, reserved 1048576K
}
Event: 3.064 GC heap after
{Heap after GC invocations=8 (full 0):
 garbage-first heap   total 78848K, used 11282K [0x0000000084400000, 0x0000000100000000)
  region size 1024K, 2 young (2048K), 2 survivors (2048K)
 Metaspace       used 26937K, committed 27136K, reserved 1114112K
  class space    used 2990K, committed 3072K, reserved 1048576K
}

Dll operation events (4 events):
Event: 0.027 Loaded shared library C:\Users\Dell\.jdks\jbr-17.0.8.1\bin\java.dll
Event: 0.124 Loaded shared library C:\Users\Dell\.jdks\jbr-17.0.8.1\bin\jsvml.dll
Event: 0.265 Loaded shared library C:\Users\Dell\.jdks\jbr-17.0.8.1\bin\zip.dll
Event: 1.199 Loaded shared library C:\Users\Dell\.jdks\jbr-17.0.8.1\bin\verify.dll

Deoptimization events (20 events):
Event: 3.574 Thread 0x0000027a82b64720 DEOPT PACKING pc=0x0000027a8f6e739c sp=0x0000007b9eafd470
Event: 3.574 Thread 0x0000027a82b64720 DEOPT UNPACKING pc=0x0000027a8f0ca1a3 sp=0x0000007b9eafd400 mode 2
Event: 3.576 Thread 0x0000027a82b64720 Uncommon trap: trap_request=0xffffff45 fr.pc=0x0000027a8f69ff58 relative=0x0000000000000058
Event: 3.576 Thread 0x0000027a82b64720 Uncommon trap: reason=unstable_if action=reinterpret pc=0x0000027a8f69ff58 method=jdk.internal.module.ModuleReferenceImpl.hashCode()I @ 6 c2
Event: 3.576 Thread 0x0000027a82b64720 DEOPT PACKING pc=0x0000027a8f69ff58 sp=0x0000007b9eafd490
Event: 3.576 Thread 0x0000027a82b64720 DEOPT UNPACKING pc=0x0000027a8f0ca1a3 sp=0x0000007b9eafd420 mode 2
Event: 3.583 Thread 0x0000027a82b64720 DEOPT PACKING pc=0x0000027a883e029c sp=0x0000007b9eafd150
Event: 3.583 Thread 0x0000027a82b64720 DEOPT UNPACKING pc=0x0000027a8f0cace3 sp=0x0000007b9eafc6a8 mode 0
Event: 3.594 Thread 0x0000027a82b64720 Uncommon trap: trap_request=0xffffffc6 fr.pc=0x0000027a8f73cd18 relative=0x0000000000001458
Event: 3.594 Thread 0x0000027a82b64720 Uncommon trap: reason=bimorphic_or_optimized_type_check action=maybe_recompile pc=0x0000027a8f73cd18 method=java.util.HashMap.putVal(ILjava/lang/Object;Ljava/lang/Object;ZZ)Ljava/lang/Object; @ 56 c2
Event: 3.594 Thread 0x0000027a82b64720 DEOPT PACKING pc=0x0000027a8f73cd18 sp=0x0000007b9eafd640
Event: 3.594 Thread 0x0000027a82b64720 DEOPT UNPACKING pc=0x0000027a8f0ca1a3 sp=0x0000007b9eafd5c8 mode 2
Event: 3.594 Thread 0x0000027a82b64720 Uncommon trap: trap_request=0xffffffc6 fr.pc=0x0000027a8f73cdf8 relative=0x0000000000001538
Event: 3.594 Thread 0x0000027a82b64720 Uncommon trap: reason=bimorphic_or_optimized_type_check action=maybe_recompile pc=0x0000027a8f73cdf8 method=java.util.HashMap.putVal(ILjava/lang/Object;Ljava/lang/Object;ZZ)Ljava/lang/Object; @ 152 c2
Event: 3.594 Thread 0x0000027a82b64720 DEOPT PACKING pc=0x0000027a8f73cdf8 sp=0x0000007b9eafd640
Event: 3.594 Thread 0x0000027a82b64720 DEOPT UNPACKING pc=0x0000027a8f0ca1a3 sp=0x0000007b9eafd5d0 mode 2
Event: 3.594 Thread 0x0000027a82b64720 Uncommon trap: trap_request=0xffffffc6 fr.pc=0x0000027a8f73cd18 relative=0x0000000000001458
Event: 3.594 Thread 0x0000027a82b64720 Uncommon trap: reason=bimorphic_or_optimized_type_check action=maybe_recompile pc=0x0000027a8f73cd18 method=java.util.HashMap.putVal(ILjava/lang/Object;Ljava/lang/Object;ZZ)Ljava/lang/Object; @ 56 c2
Event: 3.594 Thread 0x0000027a82b64720 DEOPT PACKING pc=0x0000027a8f73cd18 sp=0x0000007b9eafd640
Event: 3.594 Thread 0x0000027a82b64720 DEOPT UNPACKING pc=0x0000027a8f0ca1a3 sp=0x0000007b9eafd5c8 mode 2

Classes unloaded (0 events):
No events

Classes redefined (0 events):
No events

Internal exceptions (20 events):
Event: 3.546 Thread 0x0000027a82b64720 Exception <a 'sun/nio/fs/WindowsException'{0x0000000086c7cef8}> (0x0000000086c7cef8) 
thrown [s\src\hotspot\share\prims\jni.cpp, line 517]
Event: 3.546 Thread 0x0000027a82b64720 Exception <a 'sun/nio/fs/WindowsException'{0x0000000086c7d0f8}> (0x0000000086c7d0f8) 
thrown [s\src\hotspot\share\prims\jni.cpp, line 517]
Event: 3.552 Thread 0x0000027a82b64720 Exception <a 'sun/nio/fs/WindowsException'{0x0000000086c9f8b0}> (0x0000000086c9f8b0) 
thrown [s\src\hotspot\share\prims\jni.cpp, line 517]
Event: 3.552 Thread 0x0000027a82b64720 Exception <a 'sun/nio/fs/WindowsException'{0x0000000086c9fb50}> (0x0000000086c9fb50) 
thrown [s\src\hotspot\share\prims\jni.cpp, line 517]
Event: 3.553 Thread 0x0000027a82b64720 Exception <a 'sun/nio/fs/WindowsException'{0x0000000086ca5480}> (0x0000000086ca5480) 
thrown [s\src\hotspot\share\prims\jni.cpp, line 517]
Event: 3.553 Thread 0x0000027a82b64720 Exception <a 'sun/nio/fs/WindowsException'{0x0000000086ca5720}> (0x0000000086ca5720) 
thrown [s\src\hotspot\share\prims\jni.cpp, line 517]
Event: 3.555 Thread 0x0000027a82b64720 Exception <a 'sun/nio/fs/WindowsException'{0x0000000086ca8f90}> (0x0000000086ca8f90) 
thrown [s\src\hotspot\share\prims\jni.cpp, line 517]
Event: 3.555 Thread 0x0000027a82b64720 Exception <a 'sun/nio/fs/WindowsException'{0x0000000086ca9be0}> (0x0000000086ca9be0) 
thrown [s\src\hotspot\share\prims\jni.cpp, line 517]
Event: 3.555 Thread 0x0000027a82b64720 Exception <a 'sun/nio/fs/WindowsException'{0x0000000086caa800}> (0x0000000086caa800) 
thrown [s\src\hotspot\share\prims\jni.cpp, line 517]
Event: 3.556 Thread 0x0000027a82b64720 Exception <a 'sun/nio/fs/WindowsException'{0x0000000086cab820}> (0x0000000086cab820) 
thrown [s\src\hotspot\share\prims\jni.cpp, line 517]
Event: 3.556 Thread 0x0000027a82b64720 Exception <a 'sun/nio/fs/WindowsException'{0x0000000086cac488}> (0x0000000086cac488) 
thrown [s\src\hotspot\share\prims\jni.cpp, line 517]
Event: 3.556 Thread 0x0000027a82b64720 Exception <a 'sun/nio/fs/WindowsException'{0x0000000086cad0f0}> (0x0000000086cad0f0) 
thrown [s\src\hotspot\share\prims\jni.cpp, line 517]
Event: 3.556 Thread 0x0000027a82b64720 Exception <a 'sun/nio/fs/WindowsException'{0x0000000086cae7d0}> (0x0000000086cae7d0) 
thrown [s\src\hotspot\share\prims\jni.cpp, line 517]
Event: 3.556 Thread 0x0000027a82b64720 Exception <a 'sun/nio/fs/WindowsException'{0x0000000086cb0a28}> (0x0000000086cb0a28) 
thrown [s\src\hotspot\share\prims\jni.cpp, line 517]
Event: 3.557 Thread 0x0000027a82b64720 Exception <a 'sun/nio/fs/WindowsException'{0x0000000086cb21d0}> (0x0000000086cb21d0) 
thrown [s\src\hotspot\share\prims\jni.cpp, line 517]
Event: 3.601 Thread 0x0000027a82b64720 Exception <a 'java/lang/NoSuchMethodError'{0x0000000086989f28}: 'void java.lang.invoke.DirectMethodHandle$Holder.invokeStatic(java.lang.Object, long)'> (0x0000000086989f28) 
thrown [s\src\hotspot\share\interpreter\linkResolver.cpp, line 771]
Event: 3.602 Thread 0x0000027a82b64720 Exception <a 'java/lang/NoSuchMethodError'{0x0000000086992820}: 'java.lang.Object java.lang.invoke.DirectMethodHandle$Holder.newInvokeSpecial(java.lang.Object, long)'> (0x0000000086992820) 
thrown [s\src\hotspot\share\interpreter\linkResolver.cpp, line 771]
Event: 3.605 Thread 0x0000027a82b64720 Exception <a 'java/lang/NoSuchMethodError'{0x000000008699d9e0}: 'java.lang.Object java.lang.invoke.DirectMethodHandle$Holder.invokeStaticInit(java.lang.Object, java.lang.Object, long, java.lang.Object)'> (0x000000008699d9e0) 
thrown [s\src\hotspot\share\interpreter\linkResolver.cpp, line 771]
Event: 3.606 Thread 0x0000027a82b64720 Exception <a 'java/lang/NoSuchMethodError'{0x00000000869a40b0}: 'java.lang.Object java.lang.invoke.DirectMethodHandle$Holder.newInvokeSpecial(java.lang.Object, java.lang.Object, long)'> (0x00000000869a40b0) 
thrown [s\src\hotspot\share\interpreter\linkResolver.cpp, line 771]
Event: 3.606 Thread 0x0000027a82b64720 Exception <a 'java/lang/NoSuchMethodError'{0x00000000869a8648}: 'java.lang.Object java.lang.invoke.Invokers$Holder.linkToTargetMethod(java.lang.Object, long, java.lang.Object)'> (0x00000000869a8648) 
thrown [s\src\hotspot\share\interpreter\linkResolver.cpp, line 771]

VM Operations (20 events):
Event: 2.531 Executing VM operation: G1CollectForAllocation
Event: 2.538 Executing VM operation: G1CollectForAllocation done
Event: 2.695 Executing VM operation: G1CollectForAllocation
Event: 2.701 Executing VM operation: G1CollectForAllocation done
Event: 2.821 Executing VM operation: HandshakeAllThreads
Event: 2.821 Executing VM operation: HandshakeAllThreads done
Event: 2.886 Executing VM operation: G1CollectForAllocation
Event: 2.890 Executing VM operation: G1CollectForAllocation done
Event: 3.059 Executing VM operation: G1CollectForAllocation
Event: 3.065 Executing VM operation: G1CollectForAllocation done
Event: 3.474 Executing VM operation: HandshakeAllThreads
Event: 3.474 Executing VM operation: HandshakeAllThreads done
Event: 3.512 Executing VM operation: ICBufferFull
Event: 3.512 Executing VM operation: ICBufferFull done
Event: 3.550 Executing VM operation: HandshakeAllThreads
Event: 3.550 Executing VM operation: HandshakeAllThreads done
Event: 3.554 Executing VM operation: HandshakeAllThreads
Event: 3.554 Executing VM operation: HandshakeAllThreads done
Event: 3.609 Executing VM operation: HandshakeAllThreads
Event: 3.609 Executing VM operation: HandshakeAllThreads done

Events (20 events):
Event: 3.607 loading class java/util/concurrent/SynchronousQueue done
Event: 3.607 loading class java/util/concurrent/SynchronousQueue$TransferStack
Event: 3.608 loading class java/util/concurrent/SynchronousQueue$Transferer
Event: 3.608 loading class java/util/concurrent/SynchronousQueue$Transferer done
Event: 3.608 loading class java/util/concurrent/SynchronousQueue$TransferStack done
Event: 3.608 loading class java/util/concurrent/SynchronousQueue$TransferStack$SNode
Event: 3.608 loading class java/util/concurrent/ForkJoinPool$ManagedBlocker
Event: 3.608 loading class java/util/concurrent/ForkJoinPool$ManagedBlocker done
Event: 3.608 loading class java/util/concurrent/SynchronousQueue$TransferStack$SNode done
Event: 3.608 loading class java/lang/ProcessImpl$2
Event: 3.608 loading class java/lang/ProcessImpl$2 done
Event: 3.608 loading class java/lang/Process$PipeInputStream
Event: 3.608 loading class java/lang/Process$PipeInputStream done
Event: 3.609 loading class jdk/internal/event/ProcessStartEvent
Event: 3.609 loading class jdk/internal/event/ProcessStartEvent done
Event: 3.610 loading class java/io/PipedOutputStream
Event: 3.610 loading class java/io/PipedOutputStream done
Event: 3.610 Thread 0x0000027aa4c94bd0 Thread added: 0x0000027aa4c94bd0
Event: 3.610 Thread 0x0000027aa46d6ff0 Thread added: 0x0000027aa46d6ff0
Event: 3.610 Thread 0x0000027aa40c0cd0 Thread added: 0x0000027aa40c0cd0


Dynamic libraries:
0x00007ff7ce180000 - 0x00007ff7ce18a000 	C:\Users\Dell\.jdks\jbr-17.0.8.1\bin\java.exe
0x00007ff920cd0000 - 0x00007ff920ec8000 	C:\WINDOWS\SYSTEM32\ntdll.dll
0x00007ff91f7e0000 - 0x00007ff91f89d000 	C:\WINDOWS\System32\KERNEL32.DLL
0x00007ff91e8c0000 - 0x00007ff91ebb6000 	C:\WINDOWS\System32\KERNELBASE.dll
0x00007ff91e4f0000 - 0x00007ff91e5f0000 	C:\WINDOWS\System32\ucrtbase.dll
0x00007ff9165c0000 - 0x00007ff9165d7000 	C:\Users\Dell\.jdks\jbr-17.0.8.1\bin\jli.dll
0x00007ff906540000 - 0x00007ff90655b000 	C:\Users\Dell\.jdks\jbr-17.0.8.1\bin\VCRUNTIME140.dll
0x00007ff91eef0000 - 0x00007ff91f08e000 	C:\WINDOWS\System32\USER32.dll
0x00007ff8f82e0000 - 0x00007ff8f857a000 	C:\WINDOWS\WinSxS\amd64_microsoft.windows.common-controls_6595b64144ccf1df_6.0.19041.3636_none_60b6a03d71f818d5\COMCTL32.dll
0x00007ff91ece0000 - 0x00007ff91ed02000 	C:\WINDOWS\System32\win32u.dll
0x00007ff91edf0000 - 0x00007ff91ee8e000 	C:\WINDOWS\System32\msvcrt.dll
0x00007ff91f9b0000 - 0x00007ff91f9db000 	C:\WINDOWS\System32\GDI32.dll
0x00007ff91e7a0000 - 0x00007ff91e8b7000 	C:\WINDOWS\System32\gdi32full.dll
0x00007ff91e420000 - 0x00007ff91e4bd000 	C:\WINDOWS\System32\msvcp_win.dll
0x00007ff920130000 - 0x00007ff920162000 	C:\WINDOWS\System32\IMM32.DLL
0x00007ff906530000 - 0x00007ff90653c000 	C:\Users\Dell\.jdks\jbr-17.0.8.1\bin\vcruntime140_1.dll
0x00007ff8d3030000 - 0x00007ff8d30bd000 	C:\Users\Dell\.jdks\jbr-17.0.8.1\bin\msvcp140.dll
0x00007ff86c9c0000 - 0x00007ff86d643000 	C:\Users\Dell\.jdks\jbr-17.0.8.1\bin\server\jvm.dll
0x00007ff920070000 - 0x00007ff920123000 	C:\WINDOWS\System32\ADVAPI32.dll
0x00007ff91f9e0000 - 0x00007ff91fa7f000 	C:\WINDOWS\System32\sechost.dll
0x00007ff91f430000 - 0x00007ff91f556000 	C:\WINDOWS\System32\RPCRT4.dll
0x00007ff91e4c0000 - 0x00007ff91e4e7000 	C:\WINDOWS\System32\bcrypt.dll
0x00007ff912810000 - 0x00007ff912837000 	C:\WINDOWS\SYSTEM32\WINMM.dll
0x00007ff91d930000 - 0x00007ff91d97b000 	C:\WINDOWS\SYSTEM32\POWRPROF.dll
0x00007ff90e390000 - 0x00007ff90e39a000 	C:\WINDOWS\SYSTEM32\VERSION.dll
0x00007ff900d80000 - 0x00007ff900d89000 	C:\WINDOWS\SYSTEM32\WSOCK32.dll
0x00007ff91f8a0000 - 0x00007ff91f90b000 	C:\WINDOWS\System32\WS2_32.dll
0x00007ff91d7a0000 - 0x00007ff91d7b2000 	C:\WINDOWS\SYSTEM32\UMPDC.dll
0x00007ff91cc20000 - 0x00007ff91cc32000 	C:\WINDOWS\SYSTEM32\kernel.appcore.dll
0x00007ff906500000 - 0x00007ff90650a000 	C:\Users\Dell\.jdks\jbr-17.0.8.1\bin\jimage.dll
0x00007ff91c120000 - 0x00007ff91c304000 	C:\WINDOWS\SYSTEM32\DBGHELP.DLL
0x00007ff902880000 - 0x00007ff9028b4000 	C:\WINDOWS\SYSTEM32\dbgcore.DLL
0x00007ff91e390000 - 0x00007ff91e412000 	C:\WINDOWS\System32\bcryptPrimitives.dll
0x00007ff919920000 - 0x00007ff91992e000 	C:\Users\Dell\.jdks\jbr-17.0.8.1\bin\instrument.dll
0x00007ff8edea0000 - 0x00007ff8edec5000 	C:\Users\Dell\.jdks\jbr-17.0.8.1\bin\java.dll
0x00007ff906420000 - 0x00007ff906438000 	C:\Users\Dell\.jdks\jbr-17.0.8.1\bin\zip.dll
0x00007ff8d2f50000 - 0x00007ff8d3027000 	C:\Users\Dell\.jdks\jbr-17.0.8.1\bin\jsvml.dll
0x00007ff920170000 - 0x00007ff9208b5000 	C:\WINDOWS\System32\SHELL32.dll
0x00007ff91c420000 - 0x00007ff91cbbc000 	C:\WINDOWS\SYSTEM32\windows.storage.dll
0x00007ff920930000 - 0x00007ff920c84000 	C:\WINDOWS\System32\combase.dll
0x00007ff91ddc0000 - 0x00007ff91ddee000 	C:\WINDOWS\SYSTEM32\Wldp.dll
0x00007ff91f2b0000 - 0x00007ff91f37d000 	C:\WINDOWS\System32\OLEAUT32.dll
0x00007ff91f380000 - 0x00007ff91f42d000 	C:\WINDOWS\System32\SHCORE.dll
0x00007ff920010000 - 0x00007ff920065000 	C:\WINDOWS\System32\shlwapi.dll
0x00007ff91e2c0000 - 0x00007ff91e2e5000 	C:\WINDOWS\SYSTEM32\profapi.dll
0x00007ff9063c0000 - 0x00007ff9063d9000 	C:\Users\Dell\.jdks\jbr-17.0.8.1\bin\net.dll
0x00007ff917f10000 - 0x00007ff91801a000 	C:\WINDOWS\SYSTEM32\WINHTTP.dll
0x00007ff91db20000 - 0x00007ff91db8a000 	C:\WINDOWS\system32\mswsock.dll
0x00007ff8e5770000 - 0x00007ff8e5786000 	C:\Users\Dell\.jdks\jbr-17.0.8.1\bin\nio.dll
0x00007ff9049b0000 - 0x00007ff9049ca000 	C:\Users\Dell\OneDrive\Bureau\AppData\3eme\IntelliJ IDEA 2023.2.2\bin\breakgen64.dll
0x0000000069ac0000 - 0x0000000069ae4000 	C:\Users\Dell\AppData\Local\Temp\jansi-2.4.0-3cc1f2f1d4a825bc-jansi.dll
0x00007ff912800000 - 0x00007ff912810000 	C:\Users\Dell\.jdks\jbr-17.0.8.1\bin\verify.dll
0x00007ff91d500000 - 0x00007ff91d533000 	C:\WINDOWS\SYSTEM32\ntmarta.dll

dbghelp: loaded successfully - version: 4.0.5 - missing functions: none
symbol engine: initialized successfully - sym options: 0x614 - pdb path: .;C:\Users\Dell\.jdks\jbr-17.0.8.1\bin;C:\WINDOWS\SYSTEM32;C:\WINDOWS\WinSxS\amd64_microsoft.windows.common-controls_6595b64144ccf1df_6.0.19041.3636_none_60b6a03d71f818d5;C:\Users\Dell\.jdks\jbr-17.0.8.1\bin\server;C:\Users\Dell\OneDrive\Bureau\AppData\3eme\IntelliJ IDEA 2023.2.2\bin;C:\Users\Dell\AppData\Local\Temp

VM Arguments:
jvm_args: -Dmaven.multiModuleProjectDirectory=C:\pidev\PIDEV_3A16_EFLEXGYM_ -Djansi.passthrough=true -Dmaven.home=C:\Users\Dell\OneDrive\Bureau\AppData\3eme\IntelliJ IDEA 2023.2.2\plugins\maven\lib\maven3 -Dclassworlds.conf=C:\Users\Dell\OneDrive\Bureau\AppData\3eme\IntelliJ IDEA 2023.2.2\plugins\maven\lib\maven3\bin\m2.conf -Dmaven.ext.class.path=C:\Users\Dell\OneDrive\Bureau\AppData\3eme\IntelliJ IDEA 2023.2.2\plugins\maven\lib\maven-event-listener.jar -javaagent:C:\Users\Dell\OneDrive\Bureau\AppData\3eme\IntelliJ IDEA 2023.2.2\lib\idea_rt.jar=62366:C:\Users\Dell\OneDrive\Bureau\AppData\3eme\IntelliJ IDEA 2023.2.2\bin -Dfile.encoding=UTF-8 
java_command: org.codehaus.classworlds.Launcher -Didea.version=2023.2.2 org.openjfx:javafx-maven-plugin:0.0.8:run
java_class_path (initial): C:\Users\Dell\OneDrive\Bureau\AppData\3eme\IntelliJ IDEA 2023.2.2\plugins\maven\lib\maven3\boot\plexus-classworlds-2.7.0.jar;C:\Users\Dell\OneDrive\Bureau\AppData\3eme\IntelliJ IDEA 2023.2.2\plugins\maven\lib\maven3\boot\plexus-classworlds.license
Launcher Type: SUN_STANDARD

[Global flags]
     intx CICompilerCount                          = 4                                         {product} {ergonomic}
     uint ConcGCThreads                            = 2                                         {product} {ergonomic}
     uint G1ConcRefinementThreads                  = 8                                         {product} {ergonomic}
   size_t G1HeapRegionSize                         = 1048576                                   {product} {ergonomic}
    uintx GCDrainStackTargetSize                   = 64                                        {product} {ergonomic}
   size_t InitialHeapSize                          = 130023424                                 {product} {ergonomic}
   size_t MarkStackSize                            = 4194304                                   {product} {ergonomic}
   size_t MaxHeapSize                              = 2076180480                                {product} {ergonomic}
   size_t MaxNewSize                               = 1245708288                                {product} {ergonomic}
   size_t MinHeapDeltaBytes                        = 1048576                                   {product} {ergonomic}
   size_t MinHeapSize                              = 8388608                                   {product} {ergonomic}
    uintx NonNMethodCodeHeapSize                   = 5839372                                {pd product} {ergonomic}
    uintx NonProfiledCodeHeapSize                  = 122909434                              {pd product} {ergonomic}
    uintx ProfiledCodeHeapSize                     = 122909434                              {pd product} {ergonomic}
    uintx ReservedCodeCacheSize                    = 251658240                              {pd product} {ergonomic}
     bool SegmentedCodeCache                       = true                                      {product} {ergonomic}
   size_t SoftMaxHeapSize                          = 2076180480                             {manageable} {ergonomic}
     bool UseCompressedClassPointers               = true                           {product lp64_product} {ergonomic}
     bool UseCompressedOops                        = true                           {product lp64_product} {ergonomic}
     bool UseG1GC                                  = true                                      {product} {ergonomic}
     bool UseLargePagesIndividualAllocation        = false                                  {pd product} {ergonomic}

Logging:
Log output configuration:
 #0: stdout all=warning uptime,level,tags
 #1: stderr all=off uptime,level,tags

Environment Variables:
PATH=C:\oraclexe\app\oracle\product\11.2.0\server\bin;;C:\java\bin;C:\Program Files (x86)\Common Files\Intel\Shared Libraries\redist\intel64\compiler;C:\Windows\system32;C:\Windows;C:\Windows\System32\Wbem;C:\Windows\System32\WindowsPowerShell\v1.0\;C:\Windows\System32\OpenSSH\;C:\Program Files (x86)\NVIDIA Corporation\PhysX\Common;C:\WINDOWS\system32;C:\WINDOWS;C:\WINDOWS\System32\Wbem;C:\WINDOWS\System32\WindowsPowerShell\v1.0\;C:\WINDOWS\System32\OpenSSH\;C:\Program Files\dotnet\;C:\Strawberry\c\bin;C:\Strawberry\perl\site\bin;C:\Strawberry\perl\bin;C:\oraclexe;C:\oraclexe\app\oracle\admin\XE;C:\instantclient12_2;C:\Program Files\Git\cmd;C:\xampp\php;C:\ProgramData\ComposerSetup\bin;C:\Users\Dell\AppData\Local\Programs\Python\Python312\Scripts\;C:\Users\Dell\AppData\Local\Programs\Python\Python312\;C:\Users\Dell\scoop\shims;C:\Users\Dell\AppData\Local\Microsoft\WindowsApps;C:\Users\Dell\AppData\Local\Programs\Microsoft VS Code\bin;C:\Users\Dell\AppData\Local\GitHubDesktop\bin;C:\Users\Dell\OneDrive\Bureau\AppData\3eme\IntelliJ IDEA 2023.2.2\bin;;C:\xampp\php;C:\Users\Dell\AppData\Roaming\Composer\vendor\bin
USERNAME=Dell
OS=Windows_NT
PROCESSOR_IDENTIFIER=Intel64 Family 6 Model 140 Stepping 1, GenuineIntel
TMP=C:\Users\Dell\AppData\Local\Temp
TEMP=C:\Users\Dell\AppData\Local\Temp


JNI global refs:
JNI global refs: 15, weak refs: 0

JNI global refs memory usage: 843, weak refs: 841

OOME stack traces (most recent first):
Classloader memory used:
Loader org.codehaus.plexus.classworlds.realm.ClassRealm                                : 1791K
Loader bootstrap                                                                       : 1770K
Loader jdk.internal.loader.ClassLoaders$AppClassLoader                                 : 30386B
Loader org.eclipse.sisu.space.CloningClassSpace$CloningClassLoader                     : 10556B
Loader jdk.internal.loader.ClassLoaders$PlatformClassLoader                            : 9070B
Loader jdk.internal.reflect.DelegatingClassLoader                                      : 5782B

Classes loaded by more than one classloader:
Class org.codehaus.plexus.util.MatchPatterns                                          : loaded 3 times (x 73B)
Class org.sonatype.plexus.components.sec.dispatcher.DefaultSecDispatcher              : loaded 2 times (x 81B)
Class org.codehaus.plexus.interpolation.InterpolationPostProcessor                    : loaded 2 times (x 68B)
Class org.codehaus.plexus.util.DirectoryScanner                                       : loaded 2 times (x 113B)
Class org.codehaus.plexus.interpolation.BasicInterpolator                             : loaded 2 times (x 68B)
Class org.codehaus.plexus.languages.java.jpms.ResolvePathResult                       : loaded 2 times (x 74B)
Class org.codehaus.plexus.languages.java.jpms.LocationManager                         : loaded 2 times (x 72B)
Class org.codehaus.plexus.util.Scanner                                                : loaded 2 times (x 68B)
Class org.sonatype.plexus.components.cipher.PlexusCipherException                     : loaded 2 times (x 80B)
Class [Lorg.codehaus.plexus.util.MatchPattern;                                        : loaded 2 times (x 67B)
Class org.codehaus.plexus.interpolation.ValueSource                                   : loaded 2 times (x 68B)
Class org.codehaus.plexus.util.AbstractScanner                                        : loaded 2 times (x 98B)
Class org.codehaus.plexus.util.MatchPattern                                           : loaded 2 times (x 76B)
Class org.codehaus.plexus.languages.java.jpms.ResolvePathsRequest                     : loaded 2 times (x 80B)
Class org.codehaus.plexus.languages.java.jpms.JavaModuleDescriptor                    : loaded 2 times (x 76B)
Class org.codehaus.plexus.interpolation.RecursionInterceptor                          : loaded 2 times (x 68B)
Class org.apache.maven.shared.utils.logging.MessageBuilder                            : loaded 2 times (x 68B)
Class org.codehaus.plexus.languages.java.jpms.SourceModuleInfoParser                  : loaded 2 times (x 70B)
Class org.sonatype.plexus.components.sec.dispatcher.model.SettingsSecurity            : loaded 2 times (x 80B)
Class org.sonatype.plexus.components.cipher.PlexusCipher                              : loaded 2 times (x 68B)
Class org.sonatype.plexus.components.sec.dispatcher.SecDispatcher                     : loaded 2 times (x 68B)
Class org.codehaus.plexus.interpolation.PropertiesBasedValueSource                    : loaded 2 times (x 80B)
Class org.codehaus.plexus.interpolation.AbstractValueSource                           : loaded 2 times (x 80B)
Class org.sonatype.plexus.components.sec.dispatcher.SecDispatcherException            : loaded 2 times (x 80B)
Class org.sonatype.plexus.components.cipher.DefaultPlexusCipher                       : loaded 2 times (x 91B)
Class org.codehaus.plexus.util.Os                                                     : loaded 2 times (x 75B)
Class org.codehaus.plexus.languages.java.jpms.ModuleInfoParser                        : loaded 2 times (x 68B)
Class org.codehaus.plexus.util.SelectorUtils                                          : loaded 2 times (x 69B)
Class org.codehaus.plexus.util.StringUtils                                            : loaded 2 times (x 69B)
Class org.codehaus.plexus.languages.java.jpms.ManifestModuleNameExtractor             : loaded 2 times (x 73B)
Class org.apache.commons.lang3.StringUtils                                            : loaded 2 times (x 69B)
Class org.codehaus.plexus.languages.java.jpms.ResolvePathRequest                      : loaded 2 times (x 74B)
Class org.codehaus.plexus.languages.java.jpms.ResolvePathsResult                      : loaded 2 times (x 80B)
Class org.codehaus.plexus.util.cli.CommandLineException                               : loaded 2 times (x 80B)
Class org.sonatype.plexus.components.cipher.PBECipher                                 : loaded 2 times (x 72B)
Class org.codehaus.plexus.interpolation.Interpolator                                  : loaded 2 times (x 68B)
Class org.codehaus.plexus.languages.java.jpms.ModuleNameExtractor                     : loaded 2 times (x 68B)


---------------  S Y S T E M  ---------------

OS:
 Windows 10 , 64 bit Build 19041 (10.0.19041.3636)
OS uptime: 2 days 10:50 hours

CPU: total 8 (initial active 8) (4 cores per cpu, 2 threads per core) family 6 model 140 stepping 1 microcode 0xb4, cx8, cmov, fxsr, ht, mmx, 3dnowpref, sse, sse2, sse3, ssse3, sse4.1, sse4.2, popcnt, lzcnt, tsc, tscinvbit, avx, avx2, aes, erms, clmul, bmi1, bmi2, adx, avx512f, avx512dq, avx512cd, avx512bw, avx512vl, sha, fma, vzeroupper, avx512_vpopcntdq, avx512_vpclmulqdq, avx512_vaes, avx512_vnni, clflush, clflushopt, clwb, avx512_vbmi2, avx512_vbmi
Processor Information for all 8 processors :
  Max Mhz: 2419, Current Mhz: 2419, Mhz Limit: 2419

Memory: 4k page, system-wide physical 7918M (380M free)
TotalPageFile size 32494M (AvailPageFile size 47M)
current process WorkingSet (physical memory assigned to process): 196M, peak: 196M
current process commit charge ("private bytes"): 243M, peak: 244M

vm_info: OpenJDK 64-Bit Server VM (17.0.8.1+7-b1059.3) for windows-amd64 JRE (17.0.8.1+7-b1059.3), built on 2023-09-11 by "builduser" with MS VC++ 16.10 / 16.11 (VS2019)

END.
