#
# There is insufficient memory for the Java Runtime Environment to continue.
# Native memory allocation (malloc) failed to allocate 81296 bytes for Chunk::new
# Possible reasons:
#   The system is out of physical RAM or swap space
#   The process is running with CompressedOops enabled, and the Java Heap may be blocking the growth of the native heap
# Possible solutions:
#   Reduce memory load on the system
#   Increase physical memory or swap space
#   Check if swap backing store is full
#   Decrease Java heap size (-Xmx/-Xms)
#   Decrease number of Java threads
#   Decrease Java thread stack sizes (-Xss)
#   Set larger code cache with -XX:ReservedCodeCacheSize=
#   JVM is running with Unscaled Compressed Oops mode in which the Java heap is
#     placed in the first 4GB address space. The Java Heap base address is the
#     maximum limit for the native heap growth. Please use -XX:HeapBaseMinAddress
#     to set the Java Heap base and to place the Java Heap above 4GB virtual address.
# This output file may be truncated or incomplete.
#
#  Out of Memory Error (arena.cpp:189), pid=23048, tid=9684
#
# JRE version: OpenJDK Runtime Environment JBR-17.0.8.1+7-1059.3-nomod (17.0.8.1+7) (build 17.0.8.1+7-b1059.3)
# Java VM: OpenJDK 64-Bit Server VM JBR-17.0.8.1+7-1059.3-nomod (17.0.8.1+7-b1059.3, mixed mode, tiered, compressed oops, compressed class ptrs, g1 gc, windows-amd64)
# No core dump will be written. Minidumps are not enabled by default on client versions of Windows
#

---------------  S U M M A R Y ------------

Command Line: -Dmaven.multiModuleProjectDirectory=C:\pidev\PIDEV_3A16_EFLEXGYM_ -Djansi.passthrough=true -Dmaven.home=C:\Users\Dell\OneDrive\Bureau\AppData\3eme\IntelliJ IDEA 2023.2.2\plugins\maven\lib\maven3 -Dclassworlds.conf=C:\Users\Dell\OneDrive\Bureau\AppData\3eme\IntelliJ IDEA 2023.2.2\plugins\maven\lib\maven3\bin\m2.conf -Dmaven.ext.class.path=C:\Users\Dell\OneDrive\Bureau\AppData\3eme\IntelliJ IDEA 2023.2.2\plugins\maven\lib\maven-event-listener.jar -javaagent:C:\Users\Dell\OneDrive\Bureau\AppData\3eme\IntelliJ IDEA 2023.2.2\lib\idea_rt.jar=62057:C:\Users\Dell\OneDrive\Bureau\AppData\3eme\IntelliJ IDEA 2023.2.2\bin -Dfile.encoding=UTF-8 org.codehaus.classworlds.Launcher -Didea.version=2023.2.2 org.openjfx:javafx-maven-plugin:0.0.8:run

Host: 11th Gen Intel(R) Core(TM) i5-1135G7 @ 2.40GHz, 8 cores, 7G,  Windows 10 , 64 bit Build 19041 (10.0.19041.3636)
Time: Sun Feb 25 20:39:22 2024 Afr. centrale Ouest elapsed time: 8.489972 seconds (0d 0h 0m 8s)

---------------  T H R E A D  ---------------

Current thread (0x000002064805bf30):  JavaThread "C2 CompilerThread0" daemon [_thread_in_native, id=9684, stack(0x000000efa9d00000,0x000000efa9e00000)]


Current CompileTask:
C2:   8490 4056       4       java.io.WinNTFileSystem::normalize (224 bytes)

Stack: [0x000000efa9d00000,0x000000efa9e00000]
Native frames: (J=compiled Java code, j=interpreted, Vv=VM code, C=native code)
V  [jvm.dll+0x6852da]  os::platform_print_native_stack+0xca  (os_windows_x86.cpp:235)
V  [jvm.dll+0x844ad4]  VMError::report+0xc34  (vmError.cpp:741)
V  [jvm.dll+0x8463ee]  VMError::report_and_die+0x78e  (vmError.cpp:1582)
V  [jvm.dll+0x846a53]  VMError::report_and_die+0x43  (vmError.cpp:1368)
V  [jvm.dll+0x24b7cf]  report_vm_out_of_memory+0x8f  (debug.cpp:321)
V  [jvm.dll+0xac3bc]  Chunk::operator new+0xcc  (arena.cpp:189)
V  [jvm.dll+0xac98c]  Arena::grow+0x3c  (arena.cpp:350)
V  [jvm.dll+0x56ef73]  PhaseLive::compute+0x2a3  (live.cpp:80)
V  [jvm.dll+0x3352e0]  PhaseCFG::global_code_motion+0x470  (gcm.cpp:1560)
V  [jvm.dll+0x33475a]  PhaseCFG::do_global_code_motion+0x3a  (gcm.cpp:1622)
V  [jvm.dll+0x21d7f1]  Compile::Code_Gen+0x261  (compile.cpp:2727)
V  [jvm.dll+0x21cc11]  Compile::Compile+0xe51  (compile.cpp:836)
V  [jvm.dll+0x1a660d]  C2Compiler::compile_method+0xad  (c2compiler.cpp:110)
V  [jvm.dll+0x22c9c8]  CompileBroker::invoke_compiler_on_method+0x878  (compileBroker.cpp:2372)
V  [jvm.dll+0x22a990]  CompileBroker::compiler_thread_loop+0x2d0  (compileBroker.cpp:2030)
V  [jvm.dll+0x7f9b8c]  JavaThread::run+0x13c  (thread.cpp:1296)
V  [jvm.dll+0x7f3faa]  Thread::call_run+0x8a  (thread.cpp:404)
V  [jvm.dll+0x684165]  thread_native_entry+0x75  (os_windows.cpp:550)
C  [ucrtbase.dll+0x21bb2]
C  [KERNEL32.DLL+0x17344]
C  [ntdll.dll+0x526b1]


---------------  P R O C E S S  ---------------

Threads class SMR info:
_java_thread_list=0x000002064a384d40, length=16, elements={
0x0000020629ec1c90, 0x0000020648033620, 0x00000206480343f0, 0x0000020648057030,
0x00000206480579f0, 0x000002064805a3c0, 0x000002064805ad80, 0x000002064805bf30,
0x000002064805e460, 0x000002064807c920, 0x0000020643d62ac0, 0x0000020648319840,
0x0000020648319d20, 0x000002064959a410, 0x000002064959a8f0, 0x000002064a3b5310
}

Java Threads: ( => current thread )
  0x0000020629ec1c90 JavaThread "main" [_thread_in_native, id=22196, stack(0x000000efa9000000,0x000000efa9100000)]
  0x0000020648033620 JavaThread "Reference Handler" daemon [_thread_blocked, id=15972, stack(0x000000efa9700000,0x000000efa9800000)]
  0x00000206480343f0 JavaThread "Finalizer" daemon [_thread_blocked, id=15876, stack(0x000000efa9800000,0x000000efa9900000)]
  0x0000020648057030 JavaThread "Signal Dispatcher" daemon [_thread_blocked, id=11052, stack(0x000000efa9900000,0x000000efa9a00000)]
  0x00000206480579f0 JavaThread "Attach Listener" daemon [_thread_blocked, id=28776, stack(0x000000efa9a00000,0x000000efa9b00000)]
  0x000002064805a3c0 JavaThread "Service Thread" daemon [_thread_blocked, id=15944, stack(0x000000efa9b00000,0x000000efa9c00000)]
  0x000002064805ad80 JavaThread "Monitor Deflation Thread" daemon [_thread_blocked, id=9680, stack(0x000000efa9c00000,0x000000efa9d00000)]
=>0x000002064805bf30 JavaThread "C2 CompilerThread0" daemon [_thread_in_native, id=9684, stack(0x000000efa9d00000,0x000000efa9e00000)]
  0x000002064805e460 JavaThread "C1 CompilerThread0" daemon [_thread_blocked, id=15772, stack(0x000000efa9e00000,0x000000efa9f00000)]
  0x000002064807c920 JavaThread "Sweeper thread" daemon [_thread_blocked, id=27596, stack(0x000000efa9f00000,0x000000efaa000000)]
  0x0000020643d62ac0 JavaThread "Common-Cleaner" daemon [_thread_blocked, id=24524, stack(0x000000efaa000000,0x000000efaa100000)]
  0x0000020648319840 JavaThread "Monitor Ctrl-Break" daemon [_thread_in_native, id=27116, stack(0x000000efaa100000,0x000000efaa200000)]
  0x0000020648319d20 JavaThread "Notification Thread" daemon [_thread_blocked, id=2984, stack(0x000000efaa200000,0x000000efaa300000)]
  0x000002064959a410 JavaThread "Exec Stream Pumper" daemon [_thread_in_native, id=26672, stack(0x000000efaac00000,0x000000efaad00000)]
  0x000002064959a8f0 JavaThread "Exec Stream Pumper" daemon [_thread_in_native, id=27816, stack(0x000000efaad00000,0x000000efaae00000)]
  0x000002064a3b5310 JavaThread "Exec Input Stream Pumper" daemon [_thread_blocked, id=25704, stack(0x000000efaae00000,0x000000efaaf00000)]

Other Threads:
  0x000002064801f940 VMThread "VM Thread" [stack: 0x000000efa9600000,0x000000efa9700000] [id=27724]
  0x00000206482c5150 WatcherThread [stack: 0x000000efaa300000,0x000000efaa400000] [id=27568]
  0x0000020629f1a720 GCTaskThread "GC Thread#0" [stack: 0x000000efa9100000,0x000000efa9200000] [id=25204]
  0x0000020648e7c210 GCTaskThread "GC Thread#1" [stack: 0x000000efaa400000,0x000000efaa500000] [id=23360]
  0x00000206489a7800 GCTaskThread "GC Thread#2" [stack: 0x000000efaa500000,0x000000efaa600000] [id=16840]
  0x0000020648fe68d0 GCTaskThread "GC Thread#3" [stack: 0x000000efaa600000,0x000000efaa700000] [id=26924]
  0x0000020648fe6b90 GCTaskThread "GC Thread#4" [stack: 0x000000efaa700000,0x000000efaa800000] [id=27644]
  0x000002064909a7f0 GCTaskThread "GC Thread#5" [stack: 0x000000efaa800000,0x000000efaa900000] [id=2356]
  0x000002064909aab0 GCTaskThread "GC Thread#6" [stack: 0x000000efaa900000,0x000000efaaa00000] [id=19628]
  0x0000020648fc82f0 GCTaskThread "GC Thread#7" [stack: 0x000000efaaa00000,0x000000efaab00000] [id=26780]
  0x0000020629f2b590 ConcurrentGCThread "G1 Main Marker" [stack: 0x000000efa9200000,0x000000efa9300000] [id=14860]
  0x0000020629f2bfa0 ConcurrentGCThread "G1 Conc#0" [stack: 0x000000efa9300000,0x000000efa9400000] [id=17964]
  0x0000020649ab9c30 ConcurrentGCThread "G1 Conc#1" [stack: 0x000000efaab00000,0x000000efaac00000] [id=3712]
  0x0000020629f7e890 ConcurrentGCThread "G1 Refine#0" [stack: 0x000000efa9400000,0x000000efa9500000] [id=5504]
  0x0000020643c1a0c0 ConcurrentGCThread "G1 Service" [stack: 0x000000efa9500000,0x000000efa9600000] [id=26728]

Threads with active compile tasks:
C2 CompilerThread0     8725 4056       4       java.io.WinNTFileSystem::normalize (224 bytes)

VM state: not at safepoint (normal execution)

VM Mutex/Monitor currently owned by a thread: None

Heap address: 0x0000000084400000, size: 1980 MB, Compressed Oops mode: 32-bit

CDS archive(s) not mapped
Compressed class space mapped at: 0x0000000100000000-0x0000000140000000, reserved size: 1073741824
Narrow klass base: 0x0000000000000000, Narrow klass shift: 3, Narrow klass range: 0x140000000

GC Precious Log:
 CPUs: 8 total, 8 available
 Memory: 7918M
 Large Page Support: Disabled
 NUMA Support: Disabled
 Compressed Oops: Enabled (32-bit)
 Heap Region Size: 1M
 Heap Min Capacity: 8M
 Heap Initial Capacity: 124M
 Heap Max Capacity: 1980M
 Pre-touch: Disabled
 Parallel Workers: 8
 Concurrent Workers: 2
 Concurrent Refinement Workers: 8
 Periodic GC: Disabled

Heap:
 garbage-first heap   total 77824K, used 13887K [0x0000000084400000, 0x0000000100000000)
  region size 1024K, 7 young (7168K), 5 survivors (5120K)
 Metaspace       used 28807K, committed 29120K, reserved 1114112K
  class space    used 3227K, committed 3392K, reserved 1048576K

Heap Regions: E=young(eden), S=young(survivor), O=old, HS=humongous(starts), HC=humongous(continues), CS=collection set, F=free, OA=open archive, CA=closed archive, TAMS=top-at-mark-start (previous, next)
|   0|0x0000000084400000, 0x0000000084500000, 0x0000000084500000|100%| O|  |TAMS 0x0000000084500000, 0x0000000084400000| Untracked 
|   1|0x0000000084500000, 0x0000000084600000, 0x0000000084600000|100%| O|  |TAMS 0x0000000084600000, 0x0000000084500000| Untracked 
|   2|0x0000000084600000, 0x0000000084700000, 0x0000000084700000|100%| O|  |TAMS 0x0000000084700000, 0x0000000084600000| Untracked 
|   3|0x0000000084700000, 0x0000000084720000, 0x0000000084800000| 12%| O|  |TAMS 0x0000000084700000, 0x0000000084700000| Untracked 
|   4|0x0000000084800000, 0x0000000084900000, 0x0000000084900000|100%| O|  |TAMS 0x0000000084800000, 0x0000000084800000| Untracked 
|   5|0x0000000084900000, 0x0000000084a00000, 0x0000000084a00000|100%| O|  |TAMS 0x0000000084900000, 0x0000000084900000| Untracked 
|   6|0x0000000084a00000, 0x0000000084b00000, 0x0000000084b00000|100%| O|  |TAMS 0x0000000084a00000, 0x0000000084a00000| Untracked 
|   7|0x0000000084b00000, 0x0000000084c00000, 0x0000000084c00000|100%| O|  |TAMS 0x0000000084b00000, 0x0000000084b00000| Untracked 
|   8|0x0000000084c00000, 0x0000000084d00000, 0x0000000084d00000|100%| O|  |TAMS 0x0000000084c00000, 0x0000000084c00000| Untracked 
|   9|0x0000000084d00000, 0x0000000084d00000, 0x0000000084e00000|  0%| F|  |TAMS 0x0000000084d00000, 0x0000000084d00000| Untracked 
|  10|0x0000000084e00000, 0x0000000084e00000, 0x0000000084f00000|  0%| F|  |TAMS 0x0000000084e00000, 0x0000000084e00000| Untracked 
|  11|0x0000000084f00000, 0x0000000084f00000, 0x0000000085000000|  0%| F|  |TAMS 0x0000000084f00000, 0x0000000084f00000| Untracked 
|  12|0x0000000085000000, 0x0000000085000000, 0x0000000085100000|  0%| F|  |TAMS 0x0000000085000000, 0x0000000085000000| Untracked 
|  13|0x0000000085100000, 0x0000000085100000, 0x0000000085200000|  0%| F|  |TAMS 0x0000000085100000, 0x0000000085100000| Untracked 
|  14|0x0000000085200000, 0x0000000085200000, 0x0000000085300000|  0%| F|  |TAMS 0x0000000085200000, 0x0000000085200000| Untracked 
|  15|0x0000000085300000, 0x0000000085300000, 0x0000000085400000|  0%| F|  |TAMS 0x0000000085300000, 0x0000000085300000| Untracked 
|  16|0x0000000085400000, 0x0000000085400000, 0x0000000085500000|  0%| F|  |TAMS 0x0000000085400000, 0x0000000085400000| Untracked 
|  17|0x0000000085500000, 0x0000000085500000, 0x0000000085600000|  0%| F|  |TAMS 0x0000000085500000, 0x0000000085500000| Untracked 
|  18|0x0000000085600000, 0x0000000085600000, 0x0000000085700000|  0%| F|  |TAMS 0x0000000085600000, 0x0000000085600000| Untracked 
|  19|0x0000000085700000, 0x0000000085700000, 0x0000000085800000|  0%| F|  |TAMS 0x0000000085700000, 0x0000000085700000| Untracked 
|  20|0x0000000085800000, 0x0000000085800000, 0x0000000085900000|  0%| F|  |TAMS 0x0000000085800000, 0x0000000085800000| Untracked 
|  21|0x0000000085900000, 0x0000000085900000, 0x0000000085a00000|  0%| F|  |TAMS 0x0000000085900000, 0x0000000085900000| Untracked 
|  22|0x0000000085a00000, 0x0000000085a00000, 0x0000000085b00000|  0%| F|  |TAMS 0x0000000085a00000, 0x0000000085a00000| Untracked 
|  23|0x0000000085b00000, 0x0000000085b00000, 0x0000000085c00000|  0%| F|  |TAMS 0x0000000085b00000, 0x0000000085b00000| Untracked 
|  24|0x0000000085c00000, 0x0000000085c00000, 0x0000000085d00000|  0%| F|  |TAMS 0x0000000085c00000, 0x0000000085c00000| Untracked 
|  25|0x0000000085d00000, 0x0000000085d00000, 0x0000000085e00000|  0%| F|  |TAMS 0x0000000085d00000, 0x0000000085d00000| Untracked 
|  26|0x0000000085e00000, 0x0000000085e00000, 0x0000000085f00000|  0%| F|  |TAMS 0x0000000085e00000, 0x0000000085e00000| Untracked 
|  27|0x0000000085f00000, 0x0000000085f00000, 0x0000000086000000|  0%| F|  |TAMS 0x0000000085f00000, 0x0000000085f00000| Untracked 
|  28|0x0000000086000000, 0x000000008606ff60, 0x0000000086100000| 43%| S|CS|TAMS 0x0000000086000000, 0x0000000086000000| Complete 
|  29|0x0000000086100000, 0x0000000086200000, 0x0000000086200000|100%| S|CS|TAMS 0x0000000086100000, 0x0000000086100000| Complete 
|  30|0x0000000086200000, 0x0000000086300000, 0x0000000086300000|100%| S|CS|TAMS 0x0000000086200000, 0x0000000086200000| Complete 
|  31|0x0000000086300000, 0x0000000086400000, 0x0000000086400000|100%| S|CS|TAMS 0x0000000086300000, 0x0000000086300000| Complete 
|  32|0x0000000086400000, 0x0000000086500000, 0x0000000086500000|100%| S|CS|TAMS 0x0000000086400000, 0x0000000086400000| Complete 
|  33|0x0000000086500000, 0x0000000086500000, 0x0000000086600000|  0%| F|  |TAMS 0x0000000086500000, 0x0000000086500000| Untracked 
|  34|0x0000000086600000, 0x0000000086600000, 0x0000000086700000|  0%| F|  |TAMS 0x0000000086600000, 0x0000000086600000| Untracked 
|  35|0x0000000086700000, 0x0000000086700000, 0x0000000086800000|  0%| F|  |TAMS 0x0000000086700000, 0x0000000086700000| Untracked 
|  36|0x0000000086800000, 0x0000000086800000, 0x0000000086900000|  0%| F|  |TAMS 0x0000000086800000, 0x0000000086800000| Untracked 
|  37|0x0000000086900000, 0x0000000086900000, 0x0000000086a00000|  0%| F|  |TAMS 0x0000000086900000, 0x0000000086900000| Untracked 
|  38|0x0000000086a00000, 0x0000000086a00000, 0x0000000086b00000|  0%| F|  |TAMS 0x0000000086a00000, 0x0000000086a00000| Untracked 
|  39|0x0000000086b00000, 0x0000000086b00000, 0x0000000086c00000|  0%| F|  |TAMS 0x0000000086b00000, 0x0000000086b00000| Untracked 
|  40|0x0000000086c00000, 0x0000000086c00000, 0x0000000086d00000|  0%| F|  |TAMS 0x0000000086c00000, 0x0000000086c00000| Untracked 
|  41|0x0000000086d00000, 0x0000000086d00000, 0x0000000086e00000|  0%| F|  |TAMS 0x0000000086d00000, 0x0000000086d00000| Untracked 
|  42|0x0000000086e00000, 0x0000000086e00000, 0x0000000086f00000|  0%| F|  |TAMS 0x0000000086e00000, 0x0000000086e00000| Untracked 
|  43|0x0000000086f00000, 0x0000000086f00000, 0x0000000087000000|  0%| F|  |TAMS 0x0000000086f00000, 0x0000000086f00000| Untracked 
|  44|0x0000000087000000, 0x0000000087000000, 0x0000000087100000|  0%| F|  |TAMS 0x0000000087000000, 0x0000000087000000| Untracked 
|  45|0x0000000087100000, 0x0000000087100000, 0x0000000087200000|  0%| F|  |TAMS 0x0000000087100000, 0x0000000087100000| Untracked 
|  46|0x0000000087200000, 0x0000000087200000, 0x0000000087300000|  0%| F|  |TAMS 0x0000000087200000, 0x0000000087200000| Untracked 
|  47|0x0000000087300000, 0x0000000087300000, 0x0000000087400000|  0%| F|  |TAMS 0x0000000087300000, 0x0000000087300000| Untracked 
|  48|0x0000000087400000, 0x0000000087400000, 0x0000000087500000|  0%| F|  |TAMS 0x0000000087400000, 0x0000000087400000| Untracked 
|  49|0x0000000087500000, 0x0000000087500000, 0x0000000087600000|  0%| F|  |TAMS 0x0000000087500000, 0x0000000087500000| Untracked 
|  50|0x0000000087600000, 0x0000000087600000, 0x0000000087700000|  0%| F|  |TAMS 0x0000000087600000, 0x0000000087600000| Untracked 
|  51|0x0000000087700000, 0x0000000087700000, 0x0000000087800000|  0%| F|  |TAMS 0x0000000087700000, 0x0000000087700000| Untracked 
|  52|0x0000000087800000, 0x0000000087800000, 0x0000000087900000|  0%| F|  |TAMS 0x0000000087800000, 0x0000000087800000| Untracked 
|  53|0x0000000087900000, 0x0000000087900000, 0x0000000087a00000|  0%| F|  |TAMS 0x0000000087900000, 0x0000000087900000| Untracked 
|  54|0x0000000087a00000, 0x0000000087a00000, 0x0000000087b00000|  0%| F|  |TAMS 0x0000000087a00000, 0x0000000087a00000| Untracked 
|  55|0x0000000087b00000, 0x0000000087b00000, 0x0000000087c00000|  0%| F|  |TAMS 0x0000000087b00000, 0x0000000087b00000| Untracked 
|  56|0x0000000087c00000, 0x0000000087c00000, 0x0000000087d00000|  0%| F|  |TAMS 0x0000000087c00000, 0x0000000087c00000| Untracked 
|  57|0x0000000087d00000, 0x0000000087d00000, 0x0000000087e00000|  0%| F|  |TAMS 0x0000000087d00000, 0x0000000087d00000| Untracked 
|  58|0x0000000087e00000, 0x0000000087e00000, 0x0000000087f00000|  0%| F|  |TAMS 0x0000000087e00000, 0x0000000087e00000| Untracked 
|  59|0x0000000087f00000, 0x0000000087f00000, 0x0000000088000000|  0%| F|  |TAMS 0x0000000087f00000, 0x0000000087f00000| Untracked 
|  60|0x0000000088000000, 0x0000000088000000, 0x0000000088100000|  0%| F|  |TAMS 0x0000000088000000, 0x0000000088000000| Untracked 
|  61|0x0000000088100000, 0x0000000088100000, 0x0000000088200000|  0%| F|  |TAMS 0x0000000088100000, 0x0000000088100000| Untracked 
|  62|0x0000000088200000, 0x0000000088200000, 0x0000000088300000|  0%| F|  |TAMS 0x0000000088200000, 0x0000000088200000| Untracked 
|  63|0x0000000088300000, 0x0000000088300000, 0x0000000088400000|  0%| F|  |TAMS 0x0000000088300000, 0x0000000088300000| Untracked 
|  64|0x0000000088400000, 0x0000000088400000, 0x0000000088500000|  0%| F|  |TAMS 0x0000000088400000, 0x0000000088400000| Untracked 
|  65|0x0000000088500000, 0x0000000088500000, 0x0000000088600000|  0%| F|  |TAMS 0x0000000088500000, 0x0000000088500000| Untracked 
|  66|0x0000000088600000, 0x0000000088600000, 0x0000000088700000|  0%| F|  |TAMS 0x0000000088600000, 0x0000000088600000| Untracked 
|  67|0x0000000088700000, 0x0000000088700000, 0x0000000088800000|  0%| F|  |TAMS 0x0000000088700000, 0x0000000088700000| Untracked 
|  68|0x0000000088800000, 0x0000000088800000, 0x0000000088900000|  0%| F|  |TAMS 0x0000000088800000, 0x0000000088800000| Untracked 
|  69|0x0000000088900000, 0x0000000088900000, 0x0000000088a00000|  0%| F|  |TAMS 0x0000000088900000, 0x0000000088900000| Untracked 
|  70|0x0000000088a00000, 0x0000000088a00000, 0x0000000088b00000|  0%| F|  |TAMS 0x0000000088a00000, 0x0000000088a00000| Untracked 
|  71|0x0000000088b00000, 0x0000000088b00000, 0x0000000088c00000|  0%| F|  |TAMS 0x0000000088b00000, 0x0000000088b00000| Untracked 
| 105|0x000000008ad00000, 0x000000008ad00000, 0x000000008ae00000|  0%| F|  |TAMS 0x000000008ad00000, 0x000000008ad00000| Untracked 
| 106|0x000000008ae00000, 0x000000008ae00000, 0x000000008af00000|  0%| F|  |TAMS 0x000000008ae00000, 0x000000008ae00000| Untracked 
| 107|0x000000008af00000, 0x000000008af45050, 0x000000008b000000| 26%| E|  |TAMS 0x000000008af00000, 0x000000008af00000| Complete 
| 123|0x000000008bf00000, 0x000000008c000000, 0x000000008c000000|100%| E|CS|TAMS 0x000000008bf00000, 0x000000008bf00000| Complete 

Card table byte_map: [0x000002063cda0000,0x000002063d180000] _byte_map_base: 0x000002063c97e000

Marking Bits (Prev, Next): (CMBitMap*) 0x0000020629f1ad80, (CMBitMap*) 0x0000020629f1ad40
 Prev Bits: [0x000002063f450000, 0x0000020641340000)
 Next Bits: [0x000002063d560000, 0x000002063f450000)

Polling page: 0x0000020628010000

Metaspace:

Usage:
  Non-class:     24.98 MB used.
      Class:      3.15 MB used.
       Both:     28.13 MB used.

Virtual space:
  Non-class space:       64.00 MB reserved,      25.12 MB ( 39%) committed,  1 nodes.
      Class space:        1.00 GB reserved,       3.31 MB ( <1%) committed,  1 nodes.
             Both:        1.06 GB reserved,      28.44 MB (  3%) committed. 

Chunk freelists:
   Non-Class:  6.33 MB
       Class:  12.60 MB
        Both:  18.93 MB

MaxMetaspaceSize: unlimited
CompressedClassSpaceSize: 1.00 GB
Initial GC threshold: 21.00 MB
Current GC threshold: 35.25 MB
CDS: off
MetaspaceReclaimPolicy: balanced
 - commit_granule_bytes: 65536.
 - commit_granule_words: 8192.
 - virtual_space_node_default_size: 8388608.
 - enlarge_chunks_in_place: 1.
 - new_chunks_are_fully_committed: 0.
 - uncommit_free_chunks: 1.
 - use_allocation_guard: 0.
 - handle_deallocations: 1.


Internal statistics:

num_allocs_failed_limit: 3.
num_arena_births: 128.
num_arena_deaths: 0.
num_vsnodes_births: 2.
num_vsnodes_deaths: 0.
num_space_committed: 455.
num_space_uncommitted: 0.
num_chunks_returned_to_freelist: 3.
num_chunks_taken_from_freelist: 865.
num_chunk_merges: 3.
num_chunk_splits: 575.
num_chunks_enlarged: 439.
num_inconsistent_stats: 0.

CodeHeap 'non-profiled nmethods': size=120000Kb used=1651Kb max_used=1651Kb free=118348Kb
 bounds [0x0000020635160000, 0x00000206353d0000, 0x000002063c690000]
CodeHeap 'profiled nmethods': size=120000Kb used=8547Kb max_used=8547Kb free=111452Kb
 bounds [0x000002062d690000, 0x000002062def0000, 0x0000020634bc0000]
CodeHeap 'non-nmethods': size=5760Kb used=1202Kb max_used=1228Kb free=4557Kb
 bounds [0x0000020634bc0000, 0x0000020634e30000, 0x0000020635160000]
 total_blobs=4724 nmethods=4237 adapters=399
 compilation: enabled
              stopped_count=0, restarted_count=0
 full_count=0

Compilation events (20 events):
Event: 8.466 Thread 0x000002064805e460 4097       3       java.util.ArrayList$ArrayListSpliterator::<init> (26 bytes)
Event: 8.466 Thread 0x000002064805e460 nmethod 4097 0x000002062de86410 code [0x000002062de865a0, 0x000002062de86778]
Event: 8.466 Thread 0x000002064805e460 4098       3       java.util.ArrayList$ArrayListSpliterator::estimateSize (11 bytes)
Event: 8.466 Thread 0x000002064805e460 nmethod 4098 0x000002062de86890 code [0x000002062de86a20, 0x000002062de86bd8]
Event: 8.466 Thread 0x000002064805e460 4099       3       java.lang.NamedPackage::<init> (59 bytes)
Event: 8.467 Thread 0x000002064805e460 nmethod 4099 0x000002062de86c90 code [0x000002062de86f20, 0x000002062de879f8]
Event: 8.468 Thread 0x000002064805e460 4100       3       org.eclipse.sisu.space.asm.ByteVector::putUTF8 (142 bytes)
Event: 8.469 Thread 0x000002064805e460 nmethod 4100 0x000002062de87e10 code [0x000002062de88080, 0x000002062de88be8]
Event: 8.469 Thread 0x000002064805e460 4101       3       java.util.jar.JarFile::getVersionedEntry (133 bytes)
Event: 8.470 Thread 0x000002064805e460 nmethod 4101 0x000002062de89110 code [0x000002062de893e0, 0x000002062de8a198]
Event: 8.476 Thread 0x000002064805e460 4102       3       java.util.ArrayList$ArrayListSpliterator::forEachRemaining (127 bytes)
Event: 8.477 Thread 0x000002064805e460 nmethod 4102 0x000002062de8a710 code [0x000002062de8a900, 0x000002062de8af08]
Event: 8.483 Thread 0x000002064805e460 4104       3       java.lang.reflect.Executable::getAnnotatedParameterTypes (32 bytes)
Event: 8.484 Thread 0x000002064805e460 nmethod 4104 0x000002062de8b190 code [0x000002062de8b3a0, 0x000002062de8b938]
Event: 8.484 Thread 0x000002064805e460 4107       3       sun.reflect.annotation.TypeAnnotationParser::buildAnnotatedTypes (307 bytes)
Event: 8.485 Thread 0x000002064805e460 nmethod 4107 0x000002062de8bb90 code [0x000002062de8bee0, 0x000002062de8d958]
Event: 8.485 Thread 0x000002064805e460 4108       3       java.util.Arrays::fill (21 bytes)
Event: 8.485 Thread 0x000002064805e460 nmethod 4108 0x000002062de8e290 code [0x000002062de8e440, 0x000002062de8e758]
Event: 8.485 Thread 0x000002064805e460 4110   !   3       com.google.inject.spi.InjectionPoint::forMember (174 bytes)
Event: 8.487 Thread 0x000002064805e460 nmethod 4110 0x000002062de8e890 code [0x000002062de8ec40, 0x000002062de90818]

GC Heap History (16 events):
Event: 3.103 GC heap before
{Heap before GC invocations=0 (full 0):
 garbage-first heap   total 126976K, used 22528K [0x0000000084400000, 0x0000000100000000)
  region size 1024K, 23 young (23552K), 0 survivors (0K)
 Metaspace       used 14549K, committed 14720K, reserved 1114112K
  class space    used 1507K, committed 1600K, reserved 1048576K
}
Event: 3.113 GC heap after
{Heap after GC invocations=1 (full 0):
 garbage-first heap   total 126976K, used 3971K [0x0000000084400000, 0x0000000100000000)
  region size 1024K, 3 young (3072K), 3 survivors (3072K)
 Metaspace       used 14549K, committed 14720K, reserved 1114112K
  class space    used 1507K, committed 1600K, reserved 1048576K
}
Event: 5.251 GC heap before
{Heap before GC invocations=1 (full 0):
 garbage-first heap   total 126976K, used 34691K [0x0000000084400000, 0x0000000100000000)
  region size 1024K, 33 young (33792K), 3 survivors (3072K)
 Metaspace       used 18545K, committed 18752K, reserved 1114112K
  class space    used 2022K, committed 2112K, reserved 1048576K
}
Event: 5.260 GC heap after
{Heap after GC invocations=2 (full 0):
 garbage-first heap   total 126976K, used 5530K [0x0000000084400000, 0x0000000100000000)
  region size 1024K, 2 young (2048K), 2 survivors (2048K)
 Metaspace       used 18545K, committed 18752K, reserved 1114112K
  class space    used 2022K, committed 2112K, reserved 1048576K
}
Event: 6.050 GC heap before
{Heap before GC invocations=2 (full 0):
 garbage-first heap   total 126976K, used 20890K [0x0000000084400000, 0x0000000100000000)
  region size 1024K, 18 young (18432K), 2 survivors (2048K)
 Metaspace       used 21346K, committed 21504K, reserved 1114112K
  class space    used 2420K, committed 2496K, reserved 1048576K
}
Event: 6.058 GC heap after
{Heap after GC invocations=3 (full 0):
 garbage-first heap   total 126976K, used 6858K [0x0000000084400000, 0x0000000100000000)
  region size 1024K, 3 young (3072K), 3 survivors (3072K)
 Metaspace       used 21346K, committed 21504K, reserved 1114112K
  class space    used 2420K, committed 2496K, reserved 1048576K
}
Event: 6.711 GC heap before
{Heap before GC invocations=4 (full 0):
 garbage-first heap   total 27648K, used 20170K [0x0000000084400000, 0x0000000100000000)
  region size 1024K, 16 young (16384K), 3 survivors (3072K)
 Metaspace       used 24130K, committed 24384K, reserved 1114112K
  class space    used 2732K, committed 2880K, reserved 1048576K
}
Event: 6.723 GC heap after
{Heap after GC invocations=5 (full 0):
 garbage-first heap   total 27648K, used 7819K [0x0000000084400000, 0x0000000100000000)
  region size 1024K, 2 young (2048K), 2 survivors (2048K)
 Metaspace       used 24130K, committed 24384K, reserved 1114112K
  class space    used 2732K, committed 2880K, reserved 1048576K
}
Event: 6.782 GC heap before
{Heap before GC invocations=5 (full 0):
 garbage-first heap   total 27648K, used 7819K [0x0000000084400000, 0x0000000100000000)
  region size 1024K, 3 young (3072K), 2 survivors (2048K)
 Metaspace       used 24208K, committed 24448K, reserved 1114112K
  class space    used 2739K, committed 2880K, reserved 1048576K
}
Event: 6.790 GC heap after
{Heap after GC invocations=6 (full 0):
 garbage-first heap   total 27648K, used 7989K [0x0000000084400000, 0x0000000100000000)
  region size 1024K, 1 young (1024K), 1 survivors (1024K)
 Metaspace       used 24208K, committed 24448K, reserved 1114112K
  class space    used 2739K, committed 2880K, reserved 1048576K
}
Event: 7.139 GC heap before
{Heap before GC invocations=6 (full 0):
 garbage-first heap   total 27648K, used 19253K [0x0000000084400000, 0x0000000100000000)
  region size 1024K, 12 young (12288K), 1 survivors (1024K)
 Metaspace       used 24657K, committed 24896K, reserved 1114112K
  class space    used 2781K, committed 2944K, reserved 1048576K
}
Event: 7.142 GC heap after
{Heap after GC invocations=7 (full 0):
 garbage-first heap   total 27648K, used 8523K [0x0000000084400000, 0x0000000100000000)
  region size 1024K, 1 young (1024K), 1 survivors (1024K)
 Metaspace       used 24657K, committed 24896K, reserved 1114112K
  class space    used 2781K, committed 2944K, reserved 1048576K
}
Event: 7.466 GC heap before
{Heap before GC invocations=7 (full 0):
 garbage-first heap   total 27648K, used 19787K [0x0000000084400000, 0x0000000100000000)
  region size 1024K, 13 young (13312K), 1 survivors (1024K)
 Metaspace       used 25605K, committed 25856K, reserved 1114112K
  class space    used 2894K, committed 3008K, reserved 1048576K
}
Event: 7.470 GC heap after
{Heap after GC invocations=8 (full 0):
 garbage-first heap   total 27648K, used 9247K [0x0000000084400000, 0x0000000100000000)
  region size 1024K, 2 young (2048K), 2 survivors (2048K)
 Metaspace       used 25605K, committed 25856K, reserved 1114112K
  class space    used 2894K, committed 3008K, reserved 1048576K
}
Event: 7.943 GC heap before
{Heap before GC invocations=8 (full 0):
 garbage-first heap   total 27648K, used 20511K [0x0000000084400000, 0x0000000100000000)
  region size 1024K, 13 young (13312K), 2 survivors (2048K)
 Metaspace       used 26368K, committed 26624K, reserved 1114112K
  class space    used 2953K, committed 3072K, reserved 1048576K
}
Event: 7.948 GC heap after
{Heap after GC invocations=9 (full 0):
 garbage-first heap   total 77824K, used 10012K [0x0000000084400000, 0x0000000100000000)
  region size 1024K, 2 young (2048K), 2 survivors (2048K)
 Metaspace       used 26368K, committed 26624K, reserved 1114112K
  class space    used 2953K, committed 3072K, reserved 1048576K
}

Dll operation events (4 events):
Event: 0.018 Loaded shared library C:\Users\Dell\.jdks\jbr-17.0.8.1\bin\java.dll
Event: 0.137 Loaded shared library C:\Users\Dell\.jdks\jbr-17.0.8.1\bin\jsvml.dll
Event: 0.405 Loaded shared library C:\Users\Dell\.jdks\jbr-17.0.8.1\bin\zip.dll
Event: 1.860 Loaded shared library C:\Users\Dell\.jdks\jbr-17.0.8.1\bin\verify.dll

Deoptimization events (20 events):
Event: 8.249 Thread 0x0000020629ec1c90 Uncommon trap: trap_request=0xffffffbe fr.pc=0x00000206352e1b98 relative=0x0000000000001538
Event: 8.249 Thread 0x0000020629ec1c90 Uncommon trap: reason=profile_predicate action=maybe_recompile pc=0x00000206352e1b98 method=java.util.regex.Pattern$CharPropertyGreedy.match(Ljava/util/regex/Matcher;ILjava/lang/CharSequence;)Z @ 15 c2
Event: 8.249 Thread 0x0000020629ec1c90 DEOPT PACKING pc=0x00000206352e1b98 sp=0x000000efa90fc0e0
Event: 8.249 Thread 0x0000020629ec1c90 DEOPT UNPACKING pc=0x0000020634c1a1a3 sp=0x000000efa90fc070 mode 2
Event: 8.254 Thread 0x0000020629ec1c90 Uncommon trap: trap_request=0xffffffbe fr.pc=0x00000206352e1b98 relative=0x0000000000001538
Event: 8.254 Thread 0x0000020629ec1c90 Uncommon trap: reason=profile_predicate action=maybe_recompile pc=0x00000206352e1b98 method=java.util.regex.Pattern$CharPropertyGreedy.match(Ljava/util/regex/Matcher;ILjava/lang/CharSequence;)Z @ 15 c2
Event: 8.255 Thread 0x0000020629ec1c90 DEOPT PACKING pc=0x00000206352e1b98 sp=0x000000efa90fbec0
Event: 8.255 Thread 0x0000020629ec1c90 DEOPT UNPACKING pc=0x0000020634c1a1a3 sp=0x000000efa90fbe50 mode 2
Event: 8.317 Thread 0x0000020629ec1c90 DEOPT PACKING pc=0x000002062d7048c3 sp=0x000000efa90fd4b0
Event: 8.317 Thread 0x0000020629ec1c90 DEOPT UNPACKING pc=0x0000020634c1ace3 sp=0x000000efa90fc9d0 mode 0
Event: 8.323 Thread 0x0000020629ec1c90 DEOPT PACKING pc=0x000002062dc20acc sp=0x000000efa90fcc70
Event: 8.323 Thread 0x0000020629ec1c90 DEOPT UNPACKING pc=0x0000020634c1ace3 sp=0x000000efa90fc0e0 mode 0
Event: 8.382 Thread 0x0000020629ec1c90 DEOPT PACKING pc=0x000002062d7048c3 sp=0x000000efa90fccb0
Event: 8.382 Thread 0x0000020629ec1c90 DEOPT UNPACKING pc=0x0000020634c1ace3 sp=0x000000efa90fc1d0 mode 0
Event: 8.389 Thread 0x0000020629ec1c90 Uncommon trap: trap_request=0xffffff45 fr.pc=0x00000206351999b4 relative=0x00000000000011b4
Event: 8.389 Thread 0x0000020629ec1c90 Uncommon trap: reason=unstable_if action=reinterpret pc=0x00000206351999b4 method=jdk.internal.loader.URLClassPath$JarLoader.getResource(Ljava/lang/String;Z)Ljdk/internal/loader/Resource; @ 42 c2
Event: 8.389 Thread 0x0000020629ec1c90 DEOPT PACKING pc=0x00000206351999b4 sp=0x000000efa90fca40
Event: 8.389 Thread 0x0000020629ec1c90 DEOPT UNPACKING pc=0x0000020634c1a1a3 sp=0x000000efa90fca48 mode 2
Event: 8.404 Thread 0x0000020629ec1c90 DEOPT PACKING pc=0x000002062d7048c3 sp=0x000000efa90fcb00
Event: 8.404 Thread 0x0000020629ec1c90 DEOPT UNPACKING pc=0x0000020634c1ace3 sp=0x000000efa90fc020 mode 0

Classes unloaded (0 events):
No events

Classes redefined (0 events):
No events

Internal exceptions (20 events):
Event: 2.972 Thread 0x0000020629ec1c90 Exception <a 'java/lang/NoSuchMethodError'{0x000000008ad47c48}: 'java.lang.Object java.lang.invoke.DirectMethodHandle$Holder.newInvokeSpecial(java.lang.Object, java.lang.Object, java.lang.Object, java.lang.Object, java.lang.Object)'> (0x000000008ad47c48) 
thrown [s\src\hotspot\share\interpreter\linkResolver.cpp, line 771]
Event: 3.010 Thread 0x0000020629ec1c90 Exception <a 'java/lang/NoSuchMethodError'{0x000000008ac50ea8}: 'int java.lang.invoke.DirectMethodHandle$Holder.invokeStaticInit(java.lang.Object, java.lang.Object)'> (0x000000008ac50ea8) 
thrown [s\src\hotspot\share\interpreter\linkResolver.cpp, line 771]
Event: 3.020 Thread 0x0000020629ec1c90 Exception <a 'java/lang/NoClassDefFoundError'{0x000000008ac8bdf0}: javax/enterprise/inject/Typed> (0x000000008ac8bdf0) 
thrown [s\src\hotspot\share\classfile\systemDictionary.cpp, line 245]
Event: 5.565 Thread 0x0000020629ec1c90 Exception <a 'java/lang/NoSuchMethodError'{0x000000008ba6f7a0}: 'void java.lang.invoke.DirectMethodHandle$Holder.invokeStaticInit(java.lang.Object, java.lang.Object, java.lang.Object)'> (0x000000008ba6f7a0) 
thrown [s\src\hotspot\share\interpreter\linkResolver.cpp, line 771]
Event: 5.572 Thread 0x0000020629ec1c90 Exception <a 'java/lang/ExceptionInInitializerError'{0x000000008baa21c8}> (0x000000008baa21c8) 
thrown [s\src\hotspot\share\oops\instanceKlass.cpp, line 1233]
Event: 5.668 Thread 0x0000020629ec1c90 Implicit null exception at 0x00000206351de6af to 0x00000206351de80c
Event: 5.670 Thread 0x0000020629ec1c90 Exception <a 'java/lang/NoSuchMethodError'{0x000000008b9b7478}: 'java.lang.Object java.lang.invoke.Invokers$Holder.invokeExact_MT(java.lang.Object, int, java.lang.Object)'> (0x000000008b9b7478) 
thrown [s\src\hotspot\share\interpreter\linkResolver.cpp, line 771]
Event: 5.684 Thread 0x0000020629ec1c90 Exception <a 'java/lang/NoSuchMethodError'{0x000000008b823d38}: 'int java.lang.invoke.DirectMethodHandle$Holder.invokeSpecial(java.lang.Object, java.lang.Object, java.lang.Object, java.lang.Object)'> (0x000000008b823d38) 
thrown [s\src\hotspot\share\interpreter\linkResolver.cpp, line 771]
Event: 6.072 Thread 0x0000020629ec1c90 Exception <a 'java/lang/NoClassDefFoundError'{0x000000008bf289d0}: com/google/inject/servlet/ServletModuleTargetVisitor> (0x000000008bf289d0) 
thrown [s\src\hotspot\share\classfile\systemDictionary.cpp, line 245]
Event: 6.212 Thread 0x0000020629ec1c90 Exception <a 'java/lang/NoSuchMethodError'{0x00000000859a96e0}: 'void java.lang.invoke.DirectMethodHandle$Holder.invokeVirtual(java.lang.Object, java.lang.Object)'> (0x00000000859a96e0) 
thrown [s\src\hotspot\share\interpreter\linkResolver.cpp, line 771]
Event: 6.263 Thread 0x0000020629ec1c90 Exception <a 'java/lang/NoSuchMethodError'{0x0000000085832908}: 'java.lang.Object java.lang.invoke.DirectMethodHandle$Holder.invokeStaticInit(java.lang.Object, int, int, int, int)'> (0x0000000085832908) 
thrown [s\src\hotspot\share\interpreter\linkResolver.cpp, line 771]
Event: 6.905 Thread 0x0000020629ec1c90 Implicit null exception at 0x00000206351941d8 to 0x000002063519426a
Event: 6.905 Thread 0x0000020629ec1c90 Implicit null exception at 0x00000206351f4a8d to 0x00000206351f4e6c
Event: 6.906 Thread 0x0000020629ec1c90 Implicit null exception at 0x00000206351d1b0f to 0x00000206351d1b85
Event: 7.017 Thread 0x0000020629ec1c90 Implicit null exception at 0x00000206351ac18d to 0x00000206351ac558
Event: 7.032 Thread 0x0000020629ec1c90 Exception <a 'java/lang/NoSuchMethodError'{0x00000000856a7920}: 'java.lang.Object java.lang.invoke.DirectMethodHandle$Holder.newInvokeSpecial(java.lang.Object, java.lang.Object, java.lang.Object, java.lang.Object, java.lang.Object, java.lang.Object, java.lang.Object)'> (0x00000000856a7920) 
thrown [s\src\hotspot\share\interpreter\linkResolver.cpp, line 771]
Event: 7.033 Thread 0x0000020629ec1c90 Exception <a 'java/lang/NoSuchMethodError'{0x00000000856ac588}: 'java.lang.Object java.lang.invoke.Invokers$Holder.linkToTargetMethod(java.lang.Object, java.lang.Object, java.lang.Object, java.lang.Object, java.lang.Object, java.lang.Object, java.lang.Object)'> (0x00000000856ac588) 
thrown [s\src\hotspot\share\interpreter\linkResolver.cpp, line 771]
Event: 7.338 Thread 0x0000020629ec1c90 Exception <a 'java/lang/NoSuchMethodError'{0x00000000859e78b0}: 'java.lang.Object java.lang.invoke.DirectMethodHandle$Holder.invokeVirtual(java.lang.Object, java.lang.Object, java.lang.Object)'> (0x00000000859e78b0) 
thrown [s\src\hotspot\share\interpreter\linkResolver.cpp, line 771]
Event: 7.339 Thread 0x0000020629ec1c90 Exception <a 'java/lang/NoSuchMethodError'{0x00000000859eeea8}: 'void java.lang.invoke.DirectMethodHandle$Holder.invokeSpecial(java.lang.Object, java.lang.Object, java.lang.Object, java.lang.Object, java.lang.Object, java.lang.Object)'> (0x00000000859eeea8) 
thrown [s\src\hotspot\share\interpreter\linkResolver.cpp, line 771]
Event: 7.341 Thread 0x0000020629ec1c90 Exception <a 'java/lang/NoSuchMethodError'{0x00000000859fa720}: 'int java.lang.invoke.DirectMethodHandle$Holder.invokeVirtual(java.lang.Object, java.lang.Object)'> (0x00000000859fa720) 
thrown [s\src\hotspot\share\interpreter\linkResolver.cpp, line 771]

VM Operations (20 events):
Event: 6.710 Executing VM operation: G1CollectForAllocation
Event: 6.755 Executing VM operation: G1CollectForAllocation done
Event: 6.782 Executing VM operation: G1CollectForAllocation
Event: 6.791 Executing VM operation: G1CollectForAllocation done
Event: 7.139 Executing VM operation: G1CollectForAllocation
Event: 7.142 Executing VM operation: G1CollectForAllocation done
Event: 7.431 Executing VM operation: ICBufferFull
Event: 7.432 Executing VM operation: ICBufferFull done
Event: 7.466 Executing VM operation: G1CollectForAllocation
Event: 7.479 Executing VM operation: G1CollectForAllocation done
Event: 7.943 Executing VM operation: G1CollectForAllocation
Event: 7.949 Executing VM operation: G1CollectForAllocation done
Event: 7.950 Executing VM operation: HandshakeAllThreads
Event: 7.950 Executing VM operation: HandshakeAllThreads done
Event: 8.255 Executing VM operation: HandshakeAllThreads
Event: 8.256 Executing VM operation: HandshakeAllThreads done
Event: 8.264 Executing VM operation: ICBufferFull
Event: 8.264 Executing VM operation: ICBufferFull done
Event: 8.462 Executing VM operation: HandshakeAllThreads
Event: 8.462 Executing VM operation: HandshakeAllThreads done

Events (20 events):
Event: 7.968 loading class java/time/chrono/ChronoLocalDate done
Event: 7.970 loading class java/time/LocalDate done
Event: 7.970 loading class java/time/temporal/ChronoField
Event: 7.970 loading class java/time/temporal/TemporalField
Event: 7.970 loading class java/time/temporal/TemporalField done
Event: 7.970 loading class java/time/temporal/ChronoField done
Event: 7.971 loading class java/time/temporal/ValueRange
Event: 7.971 loading class java/time/temporal/ValueRange done
Event: 7.971 loading class java/time/LocalTime
Event: 7.972 loading class java/time/LocalTime done
Event: 7.972 loading class sun/util/cldr/CLDRBaseLocaleDataMetaInfo$TZCanonicalIDMapHolder
Event: 7.973 loading class sun/util/cldr/CLDRBaseLocaleDataMetaInfo$TZCanonicalIDMapHolder done
Event: 7.975 loading class sun/util/resources/TimeZoneNames
Event: 7.976 loading class sun/util/resources/TimeZoneNames done
Event: 7.977 loading class sun/util/resources/TimeZoneNames_en
Event: 7.977 loading class sun/util/resources/TimeZoneNames_en done
Event: 8.464 loading class java/io/PrintWriter
Event: 8.465 loading class java/io/PrintWriter done
Event: 8.474 loading class java/util/zip/GZIPInputStream
Event: 8.474 loading class java/util/zip/GZIPInputStream done


Dynamic libraries:
0x00007ff7ce180000 - 0x00007ff7ce18a000 	C:\Users\Dell\.jdks\jbr-17.0.8.1\bin\java.exe
0x00007ff920cd0000 - 0x00007ff920ec8000 	C:\WINDOWS\SYSTEM32\ntdll.dll
0x00007ff91f7e0000 - 0x00007ff91f89d000 	C:\WINDOWS\System32\KERNEL32.DLL
0x00007ff91e8c0000 - 0x00007ff91ebb6000 	C:\WINDOWS\System32\KERNELBASE.dll
0x00007ff91e4f0000 - 0x00007ff91e5f0000 	C:\WINDOWS\System32\ucrtbase.dll
0x00007ff9165c0000 - 0x00007ff9165d7000 	C:\Users\Dell\.jdks\jbr-17.0.8.1\bin\jli.dll
0x00007ff906540000 - 0x00007ff90655b000 	C:\Users\Dell\.jdks\jbr-17.0.8.1\bin\VCRUNTIME140.dll
0x00007ff91eef0000 - 0x00007ff91f08e000 	C:\WINDOWS\System32\USER32.dll
0x00007ff91ece0000 - 0x00007ff91ed02000 	C:\WINDOWS\System32\win32u.dll
0x00007ff8f82e0000 - 0x00007ff8f857a000 	C:\WINDOWS\WinSxS\amd64_microsoft.windows.common-controls_6595b64144ccf1df_6.0.19041.3636_none_60b6a03d71f818d5\COMCTL32.dll
0x00007ff91f9b0000 - 0x00007ff91f9db000 	C:\WINDOWS\System32\GDI32.dll
0x00007ff91edf0000 - 0x00007ff91ee8e000 	C:\WINDOWS\System32\msvcrt.dll
0x00007ff91e7a0000 - 0x00007ff91e8b7000 	C:\WINDOWS\System32\gdi32full.dll
0x00007ff91e420000 - 0x00007ff91e4bd000 	C:\WINDOWS\System32\msvcp_win.dll
0x00007ff920130000 - 0x00007ff920162000 	C:\WINDOWS\System32\IMM32.DLL
0x00007ff906530000 - 0x00007ff90653c000 	C:\Users\Dell\.jdks\jbr-17.0.8.1\bin\vcruntime140_1.dll
0x00007ff8d3030000 - 0x00007ff8d30bd000 	C:\Users\Dell\.jdks\jbr-17.0.8.1\bin\msvcp140.dll
0x00007ff86c9c0000 - 0x00007ff86d643000 	C:\Users\Dell\.jdks\jbr-17.0.8.1\bin\server\jvm.dll
0x00007ff920070000 - 0x00007ff920123000 	C:\WINDOWS\System32\ADVAPI32.dll
0x00007ff91f9e0000 - 0x00007ff91fa7f000 	C:\WINDOWS\System32\sechost.dll
0x00007ff91f430000 - 0x00007ff91f556000 	C:\WINDOWS\System32\RPCRT4.dll
0x00007ff91e4c0000 - 0x00007ff91e4e7000 	C:\WINDOWS\System32\bcrypt.dll
0x00007ff90e390000 - 0x00007ff90e39a000 	C:\WINDOWS\SYSTEM32\VERSION.dll
0x00007ff91d930000 - 0x00007ff91d97b000 	C:\WINDOWS\SYSTEM32\POWRPROF.dll
0x00007ff900d80000 - 0x00007ff900d89000 	C:\WINDOWS\SYSTEM32\WSOCK32.dll
0x00007ff912810000 - 0x00007ff912837000 	C:\WINDOWS\SYSTEM32\WINMM.dll
0x00007ff91f8a0000 - 0x00007ff91f90b000 	C:\WINDOWS\System32\WS2_32.dll
0x00007ff91d7a0000 - 0x00007ff91d7b2000 	C:\WINDOWS\SYSTEM32\UMPDC.dll
0x00007ff91cc20000 - 0x00007ff91cc32000 	C:\WINDOWS\SYSTEM32\kernel.appcore.dll
0x00007ff906500000 - 0x00007ff90650a000 	C:\Users\Dell\.jdks\jbr-17.0.8.1\bin\jimage.dll
0x00007ff91c120000 - 0x00007ff91c304000 	C:\WINDOWS\SYSTEM32\DBGHELP.DLL
0x00007ff902880000 - 0x00007ff9028b4000 	C:\WINDOWS\SYSTEM32\dbgcore.DLL
0x00007ff91e390000 - 0x00007ff91e412000 	C:\WINDOWS\System32\bcryptPrimitives.dll
0x00007ff919920000 - 0x00007ff91992e000 	C:\Users\Dell\.jdks\jbr-17.0.8.1\bin\instrument.dll
0x00007ff8edea0000 - 0x00007ff8edec5000 	C:\Users\Dell\.jdks\jbr-17.0.8.1\bin\java.dll
0x00007ff906420000 - 0x00007ff906438000 	C:\Users\Dell\.jdks\jbr-17.0.8.1\bin\zip.dll
0x00007ff8d2f50000 - 0x00007ff8d3027000 	C:\Users\Dell\.jdks\jbr-17.0.8.1\bin\jsvml.dll
0x00007ff920170000 - 0x00007ff9208b5000 	C:\WINDOWS\System32\SHELL32.dll
0x00007ff91c420000 - 0x00007ff91cbbc000 	C:\WINDOWS\SYSTEM32\windows.storage.dll
0x00007ff920930000 - 0x00007ff920c84000 	C:\WINDOWS\System32\combase.dll
0x00007ff91ddc0000 - 0x00007ff91ddee000 	C:\WINDOWS\SYSTEM32\Wldp.dll
0x00007ff91f2b0000 - 0x00007ff91f37d000 	C:\WINDOWS\System32\OLEAUT32.dll
0x00007ff91f380000 - 0x00007ff91f42d000 	C:\WINDOWS\System32\SHCORE.dll
0x00007ff920010000 - 0x00007ff920065000 	C:\WINDOWS\System32\shlwapi.dll
0x00007ff91e2c0000 - 0x00007ff91e2e5000 	C:\WINDOWS\SYSTEM32\profapi.dll
0x00007ff9063c0000 - 0x00007ff9063d9000 	C:\Users\Dell\.jdks\jbr-17.0.8.1\bin\net.dll
0x00007ff917f10000 - 0x00007ff91801a000 	C:\WINDOWS\SYSTEM32\WINHTTP.dll
0x00007ff91db20000 - 0x00007ff91db8a000 	C:\WINDOWS\system32\mswsock.dll
0x00007ff8e5770000 - 0x00007ff8e5786000 	C:\Users\Dell\.jdks\jbr-17.0.8.1\bin\nio.dll
0x00007ff9049b0000 - 0x00007ff9049ca000 	C:\Users\Dell\OneDrive\Bureau\AppData\3eme\IntelliJ IDEA 2023.2.2\bin\breakgen64.dll
0x0000000069ac0000 - 0x0000000069ae4000 	C:\Users\Dell\AppData\Local\Temp\jansi-2.4.0-4b78d51eb2abf5dc-jansi.dll
0x00007ff912800000 - 0x00007ff912810000 	C:\Users\Dell\.jdks\jbr-17.0.8.1\bin\verify.dll

dbghelp: loaded successfully - version: 4.0.5 - missing functions: none
symbol engine: initialized successfully - sym options: 0x614 - pdb path: .;C:\Users\Dell\.jdks\jbr-17.0.8.1\bin;C:\WINDOWS\SYSTEM32;C:\WINDOWS\WinSxS\amd64_microsoft.windows.common-controls_6595b64144ccf1df_6.0.19041.3636_none_60b6a03d71f818d5;C:\Users\Dell\.jdks\jbr-17.0.8.1\bin\server;C:\Users\Dell\OneDrive\Bureau\AppData\3eme\IntelliJ IDEA 2023.2.2\bin;C:\Users\Dell\AppData\Local\Temp

VM Arguments:
jvm_args: -Dmaven.multiModuleProjectDirectory=C:\pidev\PIDEV_3A16_EFLEXGYM_ -Djansi.passthrough=true -Dmaven.home=C:\Users\Dell\OneDrive\Bureau\AppData\3eme\IntelliJ IDEA 2023.2.2\plugins\maven\lib\maven3 -Dclassworlds.conf=C:\Users\Dell\OneDrive\Bureau\AppData\3eme\IntelliJ IDEA 2023.2.2\plugins\maven\lib\maven3\bin\m2.conf -Dmaven.ext.class.path=C:\Users\Dell\OneDrive\Bureau\AppData\3eme\IntelliJ IDEA 2023.2.2\plugins\maven\lib\maven-event-listener.jar -javaagent:C:\Users\Dell\OneDrive\Bureau\AppData\3eme\IntelliJ IDEA 2023.2.2\lib\idea_rt.jar=62057:C:\Users\Dell\OneDrive\Bureau\AppData\3eme\IntelliJ IDEA 2023.2.2\bin -Dfile.encoding=UTF-8 
java_command: org.codehaus.classworlds.Launcher -Didea.version=2023.2.2 org.openjfx:javafx-maven-plugin:0.0.8:run
java_class_path (initial): C:\Users\Dell\OneDrive\Bureau\AppData\3eme\IntelliJ IDEA 2023.2.2\plugins\maven\lib\maven3\boot\plexus-classworlds-2.7.0.jar;C:\Users\Dell\OneDrive\Bureau\AppData\3eme\IntelliJ IDEA 2023.2.2\plugins\maven\lib\maven3\boot\plexus-classworlds.license
Launcher Type: SUN_STANDARD

[Global flags]
     intx CICompilerCount                          = 4                                         {product} {ergonomic}
     uint ConcGCThreads                            = 2                                         {product} {ergonomic}
     uint G1ConcRefinementThreads                  = 8                                         {product} {ergonomic}
   size_t G1HeapRegionSize                         = 1048576                                   {product} {ergonomic}
    uintx GCDrainStackTargetSize                   = 64                                        {product} {ergonomic}
   size_t InitialHeapSize                          = 130023424                                 {product} {ergonomic}
   size_t MarkStackSize                            = 4194304                                   {product} {ergonomic}
   size_t MaxHeapSize                              = 2076180480                                {product} {ergonomic}
   size_t MaxNewSize                               = 1245708288                                {product} {ergonomic}
   size_t MinHeapDeltaBytes                        = 1048576                                   {product} {ergonomic}
   size_t MinHeapSize                              = 8388608                                   {product} {ergonomic}
    uintx NonNMethodCodeHeapSize                   = 5839372                                {pd product} {ergonomic}
    uintx NonProfiledCodeHeapSize                  = 122909434                              {pd product} {ergonomic}
    uintx ProfiledCodeHeapSize                     = 122909434                              {pd product} {ergonomic}
    uintx ReservedCodeCacheSize                    = 251658240                              {pd product} {ergonomic}
     bool SegmentedCodeCache                       = true                                      {product} {ergonomic}
   size_t SoftMaxHeapSize                          = 2076180480                             {manageable} {ergonomic}
     bool UseCompressedClassPointers               = true                           {product lp64_product} {ergonomic}
     bool UseCompressedOops                        = true                           {product lp64_product} {ergonomic}
     bool UseG1GC                                  = true                                      {product} {ergonomic}
     bool UseLargePagesIndividualAllocation        = false                                  {pd product} {ergonomic}

Logging:
Log output configuration:
 #0: stdout all=warning uptime,level,tags
 #1: stderr all=off uptime,level,tags

Environment Variables:
PATH=C:\oraclexe\app\oracle\product\11.2.0\server\bin;;C:\java\bin;C:\Program Files (x86)\Common Files\Intel\Shared Libraries\redist\intel64\compiler;C:\Windows\system32;C:\Windows;C:\Windows\System32\Wbem;C:\Windows\System32\WindowsPowerShell\v1.0\;C:\Windows\System32\OpenSSH\;C:\Program Files (x86)\NVIDIA Corporation\PhysX\Common;C:\WINDOWS\system32;C:\WINDOWS;C:\WINDOWS\System32\Wbem;C:\WINDOWS\System32\WindowsPowerShell\v1.0\;C:\WINDOWS\System32\OpenSSH\;C:\Program Files\dotnet\;C:\Strawberry\c\bin;C:\Strawberry\perl\site\bin;C:\Strawberry\perl\bin;C:\oraclexe;C:\oraclexe\app\oracle\admin\XE;C:\instantclient12_2;C:\Program Files\Git\cmd;C:\xampp\php;C:\ProgramData\ComposerSetup\bin;C:\Users\Dell\AppData\Local\Programs\Python\Python312\Scripts\;C:\Users\Dell\AppData\Local\Programs\Python\Python312\;C:\Users\Dell\scoop\shims;C:\Users\Dell\AppData\Local\Microsoft\WindowsApps;C:\Users\Dell\AppData\Local\Programs\Microsoft VS Code\bin;C:\Users\Dell\AppData\Local\GitHubDesktop\bin;C:\Users\Dell\OneDrive\Bureau\AppData\3eme\IntelliJ IDEA 2023.2.2\bin;;C:\xampp\php;C:\Users\Dell\AppData\Roaming\Composer\vendor\bin
USERNAME=Dell
OS=Windows_NT
PROCESSOR_IDENTIFIER=Intel64 Family 6 Model 140 Stepping 1, GenuineIntel
TMP=C:\Users\Dell\AppData\Local\Temp
TEMP=C:\Users\Dell\AppData\Local\Temp


JNI global refs:
JNI global refs: 14, weak refs: 1

JNI global refs memory usage: 843, weak refs: 841

OOME stack traces (most recent first):
Classloader memory used:
Loader org.codehaus.plexus.classworlds.realm.ClassRealm                                : 1782K
Loader bootstrap                                                                       : 1764K
Loader jdk.internal.loader.ClassLoaders$AppClassLoader                                 : 30316B
Loader org.eclipse.sisu.space.CloningClassSpace$CloningClassLoader                     : 10465B
Loader jdk.internal.loader.ClassLoaders$PlatformClassLoader                            : 9055B
Loader jdk.internal.reflect.DelegatingClassLoader                                      : 5812B

Classes loaded by more than one classloader:
Class org.codehaus.plexus.util.MatchPatterns                                          : loaded 3 times (x 73B)
Class org.sonatype.plexus.components.sec.dispatcher.DefaultSecDispatcher              : loaded 2 times (x 81B)
Class org.codehaus.plexus.interpolation.InterpolationPostProcessor                    : loaded 2 times (x 68B)
Class org.codehaus.plexus.util.DirectoryScanner                                       : loaded 2 times (x 113B)
Class org.codehaus.plexus.interpolation.BasicInterpolator                             : loaded 2 times (x 68B)
Class org.codehaus.plexus.languages.java.jpms.ResolvePathResult                       : loaded 2 times (x 74B)
Class org.codehaus.plexus.languages.java.jpms.LocationManager                         : loaded 2 times (x 72B)
Class org.codehaus.plexus.util.Scanner                                                : loaded 2 times (x 68B)
Class org.sonatype.plexus.components.cipher.PlexusCipherException                     : loaded 2 times (x 80B)
Class [Lorg.codehaus.plexus.util.MatchPattern;                                        : loaded 2 times (x 67B)
Class org.codehaus.plexus.interpolation.ValueSource                                   : loaded 2 times (x 68B)
Class org.codehaus.plexus.util.AbstractScanner                                        : loaded 2 times (x 98B)
Class org.codehaus.plexus.util.MatchPattern                                           : loaded 2 times (x 76B)
Class org.codehaus.plexus.languages.java.jpms.ResolvePathsRequest                     : loaded 2 times (x 80B)
Class org.codehaus.plexus.languages.java.jpms.JavaModuleDescriptor                    : loaded 2 times (x 76B)
Class org.codehaus.plexus.interpolation.RecursionInterceptor                          : loaded 2 times (x 68B)
Class org.apache.maven.shared.utils.logging.MessageBuilder                            : loaded 2 times (x 68B)
Class org.codehaus.plexus.languages.java.jpms.SourceModuleInfoParser                  : loaded 2 times (x 70B)
Class org.sonatype.plexus.components.sec.dispatcher.model.SettingsSecurity            : loaded 2 times (x 80B)
Class org.sonatype.plexus.components.cipher.PlexusCipher                              : loaded 2 times (x 68B)
Class org.sonatype.plexus.components.sec.dispatcher.SecDispatcher                     : loaded 2 times (x 68B)
Class org.codehaus.plexus.interpolation.PropertiesBasedValueSource                    : loaded 2 times (x 80B)
Class org.codehaus.plexus.interpolation.AbstractValueSource                           : loaded 2 times (x 80B)
Class org.sonatype.plexus.components.sec.dispatcher.SecDispatcherException            : loaded 2 times (x 80B)
Class org.sonatype.plexus.components.cipher.DefaultPlexusCipher                       : loaded 2 times (x 91B)
Class org.codehaus.plexus.util.Os                                                     : loaded 2 times (x 75B)
Class org.codehaus.plexus.languages.java.jpms.ModuleInfoParser                        : loaded 2 times (x 68B)
Class org.codehaus.plexus.util.SelectorUtils                                          : loaded 2 times (x 69B)
Class org.codehaus.plexus.util.StringUtils                                            : loaded 2 times (x 69B)
Class org.codehaus.plexus.languages.java.jpms.ManifestModuleNameExtractor             : loaded 2 times (x 73B)
Class org.apache.commons.lang3.StringUtils                                            : loaded 2 times (x 69B)
Class org.codehaus.plexus.languages.java.jpms.ResolvePathRequest                      : loaded 2 times (x 74B)
Class org.codehaus.plexus.languages.java.jpms.ResolvePathsResult                      : loaded 2 times (x 80B)
Class org.codehaus.plexus.util.cli.CommandLineException                               : loaded 2 times (x 80B)
Class org.sonatype.plexus.components.cipher.PBECipher                                 : loaded 2 times (x 72B)
Class org.codehaus.plexus.interpolation.Interpolator                                  : loaded 2 times (x 68B)
Class org.codehaus.plexus.languages.java.jpms.ModuleNameExtractor                     : loaded 2 times (x 68B)


---------------  S Y S T E M  ---------------

OS:
 Windows 10 , 64 bit Build 19041 (10.0.19041.3636)
OS uptime: 2 days 10:47 hours

CPU: total 8 (initial active 8) (4 cores per cpu, 2 threads per core) family 6 model 140 stepping 1 microcode 0xb4, cx8, cmov, fxsr, ht, mmx, 3dnowpref, sse, sse2, sse3, ssse3, sse4.1, sse4.2, popcnt, lzcnt, tsc, tscinvbit, avx, avx2, aes, erms, clmul, bmi1, bmi2, adx, avx512f, avx512dq, avx512cd, avx512bw, avx512vl, sha, fma, vzeroupper, avx512_vpopcntdq, avx512_vpclmulqdq, avx512_vaes, avx512_vnni, clflush, clflushopt, clwb, avx512_vbmi2, avx512_vbmi
Processor Information for all 8 processors :
  Max Mhz: 2419, Current Mhz: 2419, Mhz Limit: 2419

Memory: 4k page, system-wide physical 7918M (250M free)
TotalPageFile size 32494M (AvailPageFile size 65M)
current process WorkingSet (physical memory assigned to process): 185M, peak: 185M
current process commit charge ("private bytes"): 228M, peak: 243M

vm_info: OpenJDK 64-Bit Server VM (17.0.8.1+7-b1059.3) for windows-amd64 JRE (17.0.8.1+7-b1059.3), built on 2023-09-11 by "builduser" with MS VC++ 16.10 / 16.11 (VS2019)

END.
