#
# There is insufficient memory for the Java Runtime Environment to continue.
# Native memory allocation (malloc) failed to allocate 1121776 bytes for Chunk::new
# Possible reasons:
#   The system is out of physical RAM or swap space
#   The process is running with CompressedOops enabled, and the Java Heap may be blocking the growth of the native heap
# Possible solutions:
#   Reduce memory load on the system
#   Increase physical memory or swap space
#   Check if swap backing store is full
#   Decrease Java heap size (-Xmx/-Xms)
#   Decrease number of Java threads
#   Decrease Java thread stack sizes (-Xss)
#   Set larger code cache with -XX:ReservedCodeCacheSize=
#   JVM is running with Unscaled Compressed Oops mode in which the Java heap is
#     placed in the first 4GB address space. The Java Heap base address is the
#     maximum limit for the native heap growth. Please use -XX:HeapBaseMinAddress
#     to set the Java Heap base and to place the Java Heap above 4GB virtual address.
# This output file may be truncated or incomplete.
#
#  Out of Memory Error (arena.cpp:189), pid=13920, tid=19736
#
# JRE version: OpenJDK Runtime Environment JBR-17.0.8.1+7-1059.3-nomod (17.0.8.1+7) (build 17.0.8.1+7-b1059.3)
# Java VM: OpenJDK 64-Bit Server VM JBR-17.0.8.1+7-1059.3-nomod (17.0.8.1+7-b1059.3, mixed mode, tiered, compressed oops, compressed class ptrs, g1 gc, windows-amd64)
# No core dump will be written. Minidumps are not enabled by default on client versions of Windows
#

---------------  S U M M A R Y ------------

Command Line: -Dmaven.multiModuleProjectDirectory=C:\pidev\PIDEV_3A16_EFLEXGYM_ -Djansi.passthrough=true -Dmaven.home=C:\Users\Dell\OneDrive\Bureau\AppData\3eme\IntelliJ IDEA 2023.2.2\plugins\maven\lib\maven3 -Dclassworlds.conf=C:\Users\Dell\OneDrive\Bureau\AppData\3eme\IntelliJ IDEA 2023.2.2\plugins\maven\lib\maven3\bin\m2.conf -Dmaven.ext.class.path=C:\Users\Dell\OneDrive\Bureau\AppData\3eme\IntelliJ IDEA 2023.2.2\plugins\maven\lib\maven-event-listener.jar -javaagent:C:\Users\Dell\OneDrive\Bureau\AppData\3eme\IntelliJ IDEA 2023.2.2\lib\idea_rt.jar=62062:C:\Users\Dell\OneDrive\Bureau\AppData\3eme\IntelliJ IDEA 2023.2.2\bin -Dfile.encoding=UTF-8 org.codehaus.classworlds.Launcher -Didea.version=2023.2.2 org.openjfx:javafx-maven-plugin:0.0.8:run

Host: 11th Gen Intel(R) Core(TM) i5-1135G7 @ 2.40GHz, 8 cores, 7G,  Windows 10 , 64 bit Build 19041 (10.0.19041.3636)
Time: Sun Feb 25 20:39:22 2024 Afr. centrale Ouest elapsed time: 8.065837 seconds (0d 0h 0m 8s)

---------------  T H R E A D  ---------------

Current thread (0x000002e4614d71f0):  JavaThread "C2 CompilerThread0" daemon [_thread_in_native, id=19736, stack(0x000000fa66100000,0x000000fa66200000)]


Current CompileTask:
C2:   8065 3999       4       org.eclipse.sisu.inject.LocatedBeans$Itr::hasNext (161 bytes)

Stack: [0x000000fa66100000,0x000000fa66200000]
Native frames: (J=compiled Java code, j=interpreted, Vv=VM code, C=native code)
V  [jvm.dll+0x6852da]


---------------  P R O C E S S  ---------------

Threads class SMR info:
_java_thread_list=0x000002e461730b20, length=13, elements={
0x000002e447470550, 0x000002e4614b2610, 0x000002e4614b3250, 0x000002e461366330,
0x000002e461367500, 0x000002e4614d5420, 0x000002e4614d5cf0, 0x000002e4614d71f0,
0x000002e4614d7ca0, 0x000002e4614e06b0, 0x000002e461613020, 0x000002e4617238e0,
0x000002e461723dc0
}

Java Threads: ( => current thread )
  0x000002e447470550 JavaThread "main" [_thread_in_native, id=6116, stack(0x000000fa65400000,0x000000fa65500000)]
  0x000002e4614b2610 JavaThread "Reference Handler" daemon [_thread_blocked, id=27808, stack(0x000000fa65b00000,0x000000fa65c00000)]
  0x000002e4614b3250 JavaThread "Finalizer" daemon [_thread_blocked, id=6696, stack(0x000000fa65c00000,0x000000fa65d00000)]
  0x000002e461366330 JavaThread "Signal Dispatcher" daemon [_thread_blocked, id=10432, stack(0x000000fa65d00000,0x000000fa65e00000)]
  0x000002e461367500 JavaThread "Attach Listener" daemon [_thread_blocked, id=10456, stack(0x000000fa65e00000,0x000000fa65f00000)]
  0x000002e4614d5420 JavaThread "Service Thread" daemon [_thread_blocked, id=14492, stack(0x000000fa65f00000,0x000000fa66000000)]
  0x000002e4614d5cf0 JavaThread "Monitor Deflation Thread" daemon [_thread_blocked, id=11120, stack(0x000000fa66000000,0x000000fa66100000)]
=>0x000002e4614d71f0 JavaThread "C2 CompilerThread0" daemon [_thread_in_native, id=19736, stack(0x000000fa66100000,0x000000fa66200000)]
  0x000002e4614d7ca0 JavaThread "C1 CompilerThread0" daemon [_thread_blocked, id=27956, stack(0x000000fa66200000,0x000000fa66300000)]
  0x000002e4614e06b0 JavaThread "Sweeper thread" daemon [_thread_blocked, id=6676, stack(0x000000fa66300000,0x000000fa66400000)]
  0x000002e461613020 JavaThread "Common-Cleaner" daemon [_thread_blocked, id=15856, stack(0x000000fa66400000,0x000000fa66500000)]
  0x000002e4617238e0 JavaThread "Monitor Ctrl-Break" daemon [_thread_in_native, id=3268, stack(0x000000fa66500000,0x000000fa66600000)]
  0x000002e461723dc0 JavaThread "Notification Thread" daemon [_thread_blocked, id=28344, stack(0x000000fa66600000,0x000000fa66700000)]

Other Threads:
  0x000002e46134fae0 VMThread "VM Thread" [stack: 0x000000fa65a00000,0x000000fa65b00000] [id=28012]
  0x000002e4474e5400 WatcherThread [stack: 0x000000fa66700000,0x000000fa66800000] [id=19844]
  0x000002e4474c8ca0 GCTaskThread "GC Thread#0" [stack: 0x000000fa65500000,0x000000fa65600000] [id=28552]
  0x000002e4667233a0 GCTaskThread "GC Thread#1" [stack: 0x000000fa66800000,0x000000fa66900000] [id=17216]
  0x000002e4666fd230 GCTaskThread "GC Thread#2" [stack: 0x000000fa66900000,0x000000fa66a00000] [id=2416]
  0x000002e4668fadb0 GCTaskThread "GC Thread#3" [stack: 0x000000fa66a00000,0x000000fa66b00000] [id=28472]
  0x000002e4668fb070 GCTaskThread "GC Thread#4" [stack: 0x000000fa66b00000,0x000000fa66c00000] [id=29240]
  0x000002e4668fb330 GCTaskThread "GC Thread#5" [stack: 0x000000fa66c00000,0x000000fa66d00000] [id=3600]
  0x000002e4668fb5f0 GCTaskThread "GC Thread#6" [stack: 0x000000fa66d00000,0x000000fa66e00000] [id=16656]
  0x000002e4668fb8b0 GCTaskThread "GC Thread#7" [stack: 0x000000fa66e00000,0x000000fa66f00000] [id=14176]
  0x000002e4474d9370 ConcurrentGCThread "G1 Main Marker" [stack: 0x000000fa65600000,0x000000fa65700000] [id=20600]
  0x000002e4474d9d80 ConcurrentGCThread "G1 Conc#0" [stack: 0x000000fa65700000,0x000000fa65800000] [id=21784]
  0x000002e466d75bd0 ConcurrentGCThread "G1 Conc#1" [stack: 0x000000fa66f00000,0x000000fa67000000] [id=25512]
  0x000002e44752ec10 ConcurrentGCThread "G1 Refine#0" [stack: 0x000000fa65800000,0x000000fa65900000] [id=12996]
  0x000002e461196c10 ConcurrentGCThread "G1 Service" [stack: 0x000000fa65900000,0x000000fa65a00000] [id=23800]

Threads with active compile tasks:
C2 CompilerThread0     8157 3999       4       org.eclipse.sisu.inject.LocatedBeans$Itr::hasNext (161 bytes)

VM state: not at safepoint (normal execution)

VM Mutex/Monitor currently owned by a thread: None

Heap address: 0x0000000084400000, size: 1980 MB, Compressed Oops mode: 32-bit

CDS archive(s) not mapped
Compressed class space mapped at: 0x0000000100000000-0x0000000140000000, reserved size: 1073741824
Narrow klass base: 0x0000000000000000, Narrow klass shift: 3, Narrow klass range: 0x140000000

GC Precious Log:
 CPUs: 8 total, 8 available
 Memory: 7918M
 Large Page Support: Disabled
 NUMA Support: Disabled
 Compressed Oops: Enabled (32-bit)
 Heap Region Size: 1M
 Heap Min Capacity: 8M
 Heap Initial Capacity: 124M
 Heap Max Capacity: 1980M
 Pre-touch: Disabled
 Parallel Workers: 8
 Concurrent Workers: 2
 Concurrent Refinement Workers: 8
 Periodic GC: Disabled

Heap:
 garbage-first heap   total 77824K, used 20972K [0x0000000084400000, 0x0000000100000000)
  region size 1024K, 11 young (11264K), 1 survivors (1024K)
 Metaspace       used 27319K, committed 27584K, reserved 1114112K
  class space    used 2990K, committed 3136K, reserved 1048576K

Heap Regions: E=young(eden), S=young(survivor), O=old, HS=humongous(starts), HC=humongous(continues), CS=collection set, F=free, OA=open archive, CA=closed archive, TAMS=top-at-mark-start (previous, next)
|   0|0x0000000084400000, 0x0000000084500000, 0x0000000084500000|100%| O|  |TAMS 0x0000000084500000, 0x0000000084400000| Untracked 
|   1|0x0000000084500000, 0x0000000084600000, 0x0000000084600000|100%| O|  |TAMS 0x0000000084600000, 0x0000000084500000| Untracked 
|   2|0x0000000084600000, 0x0000000084700000, 0x0000000084700000|100%| O|  |TAMS 0x0000000084700000, 0x0000000084600000| Untracked 
|   3|0x0000000084700000, 0x0000000084800000, 0x0000000084800000|100%| O|  |TAMS 0x0000000084700000, 0x0000000084700000| Untracked 
|   4|0x0000000084800000, 0x0000000084900000, 0x0000000084900000|100%| O|  |TAMS 0x0000000084800000, 0x0000000084800000| Untracked 
|   5|0x0000000084900000, 0x0000000084a00000, 0x0000000084a00000|100%| O|  |TAMS 0x0000000084900000, 0x0000000084900000| Untracked 
|   6|0x0000000084a00000, 0x0000000084b00000, 0x0000000084b00000|100%| O|  |TAMS 0x0000000084a00000, 0x0000000084a00000| Untracked 
|   7|0x0000000084b00000, 0x0000000084c00000, 0x0000000084c00000|100%| O|  |TAMS 0x0000000084b00000, 0x0000000084b00000| Untracked 
|   8|0x0000000084c00000, 0x0000000084d00000, 0x0000000084d00000|100%| O|  |TAMS 0x0000000084c00000, 0x0000000084c00000| Untracked 
|   9|0x0000000084d00000, 0x0000000084e00000, 0x0000000084e00000|100%| O|  |TAMS 0x0000000084d00000, 0x0000000084d00000| Untracked 
|  10|0x0000000084e00000, 0x0000000084ea0400, 0x0000000084f00000| 62%| O|  |TAMS 0x0000000084e00000, 0x0000000084e00000| Untracked 
|  11|0x0000000084f00000, 0x0000000084f00000, 0x0000000085000000|  0%| F|  |TAMS 0x0000000084f00000, 0x0000000084f00000| Untracked 
|  12|0x0000000085000000, 0x0000000085000000, 0x0000000085100000|  0%| F|  |TAMS 0x0000000085000000, 0x0000000085000000| Untracked 
|  13|0x0000000085100000, 0x0000000085100000, 0x0000000085200000|  0%| F|  |TAMS 0x0000000085100000, 0x0000000085100000| Untracked 
|  14|0x0000000085200000, 0x0000000085200000, 0x0000000085300000|  0%| F|  |TAMS 0x0000000085200000, 0x0000000085200000| Untracked 
|  15|0x0000000085300000, 0x00000000853dae58, 0x0000000085400000| 85%| S|CS|TAMS 0x0000000085300000, 0x0000000085300000| Complete 
|  16|0x0000000085400000, 0x0000000085400000, 0x0000000085500000|  0%| F|  |TAMS 0x0000000085400000, 0x0000000085400000| Untracked 
|  17|0x0000000085500000, 0x0000000085500000, 0x0000000085600000|  0%| F|  |TAMS 0x0000000085500000, 0x0000000085500000| Untracked 
|  18|0x0000000085600000, 0x0000000085600000, 0x0000000085700000|  0%| F|  |TAMS 0x0000000085600000, 0x0000000085600000| Untracked 
|  19|0x0000000085700000, 0x0000000085700000, 0x0000000085800000|  0%| F|  |TAMS 0x0000000085700000, 0x0000000085700000| Untracked 
|  20|0x0000000085800000, 0x0000000085800000, 0x0000000085900000|  0%| F|  |TAMS 0x0000000085800000, 0x0000000085800000| Untracked 
|  21|0x0000000085900000, 0x0000000085900000, 0x0000000085a00000|  0%| F|  |TAMS 0x0000000085900000, 0x0000000085900000| Untracked 
|  22|0x0000000085a00000, 0x0000000085a00000, 0x0000000085b00000|  0%| F|  |TAMS 0x0000000085a00000, 0x0000000085a00000| Untracked 
|  23|0x0000000085b00000, 0x0000000085b00000, 0x0000000085c00000|  0%| F|  |TAMS 0x0000000085b00000, 0x0000000085b00000| Untracked 
|  24|0x0000000085c00000, 0x0000000085c00000, 0x0000000085d00000|  0%| F|  |TAMS 0x0000000085c00000, 0x0000000085c00000| Untracked 
|  25|0x0000000085d00000, 0x0000000085d00000, 0x0000000085e00000|  0%| F|  |TAMS 0x0000000085d00000, 0x0000000085d00000| Untracked 
|  26|0x0000000085e00000, 0x0000000085e00000, 0x0000000085f00000|  0%| F|  |TAMS 0x0000000085e00000, 0x0000000085e00000| Untracked 
|  27|0x0000000085f00000, 0x0000000085f00000, 0x0000000086000000|  0%| F|  |TAMS 0x0000000085f00000, 0x0000000085f00000| Untracked 
|  28|0x0000000086000000, 0x0000000086000000, 0x0000000086100000|  0%| F|  |TAMS 0x0000000086000000, 0x0000000086000000| Untracked 
|  29|0x0000000086100000, 0x0000000086100000, 0x0000000086200000|  0%| F|  |TAMS 0x0000000086100000, 0x0000000086100000| Untracked 
|  30|0x0000000086200000, 0x0000000086200000, 0x0000000086300000|  0%| F|  |TAMS 0x0000000086200000, 0x0000000086200000| Untracked 
|  31|0x0000000086300000, 0x0000000086300000, 0x0000000086400000|  0%| F|  |TAMS 0x0000000086300000, 0x0000000086300000| Untracked 
|  32|0x0000000086400000, 0x0000000086400000, 0x0000000086500000|  0%| F|  |TAMS 0x0000000086400000, 0x0000000086400000| Untracked 
|  33|0x0000000086500000, 0x0000000086500000, 0x0000000086600000|  0%| F|  |TAMS 0x0000000086500000, 0x0000000086500000| Untracked 
|  34|0x0000000086600000, 0x0000000086600000, 0x0000000086700000|  0%| F|  |TAMS 0x0000000086600000, 0x0000000086600000| Untracked 
|  35|0x0000000086700000, 0x0000000086700000, 0x0000000086800000|  0%| F|  |TAMS 0x0000000086700000, 0x0000000086700000| Untracked 
|  36|0x0000000086800000, 0x0000000086800000, 0x0000000086900000|  0%| F|  |TAMS 0x0000000086800000, 0x0000000086800000| Untracked 
|  37|0x0000000086900000, 0x0000000086900000, 0x0000000086a00000|  0%| F|  |TAMS 0x0000000086900000, 0x0000000086900000| Untracked 
|  38|0x0000000086a00000, 0x0000000086a00000, 0x0000000086b00000|  0%| F|  |TAMS 0x0000000086a00000, 0x0000000086a00000| Untracked 
|  39|0x0000000086b00000, 0x0000000086b00000, 0x0000000086c00000|  0%| F|  |TAMS 0x0000000086b00000, 0x0000000086b00000| Untracked 
|  40|0x0000000086c00000, 0x0000000086c00000, 0x0000000086d00000|  0%| F|  |TAMS 0x0000000086c00000, 0x0000000086c00000| Untracked 
|  41|0x0000000086d00000, 0x0000000086d00000, 0x0000000086e00000|  0%| F|  |TAMS 0x0000000086d00000, 0x0000000086d00000| Untracked 
|  42|0x0000000086e00000, 0x0000000086e00000, 0x0000000086f00000|  0%| F|  |TAMS 0x0000000086e00000, 0x0000000086e00000| Untracked 
|  43|0x0000000086f00000, 0x0000000086f00000, 0x0000000087000000|  0%| F|  |TAMS 0x0000000086f00000, 0x0000000086f00000| Untracked 
|  44|0x0000000087000000, 0x0000000087000000, 0x0000000087100000|  0%| F|  |TAMS 0x0000000087000000, 0x0000000087000000| Untracked 
|  45|0x0000000087100000, 0x0000000087100000, 0x0000000087200000|  0%| F|  |TAMS 0x0000000087100000, 0x0000000087100000| Untracked 
|  46|0x0000000087200000, 0x0000000087200000, 0x0000000087300000|  0%| F|  |TAMS 0x0000000087200000, 0x0000000087200000| Untracked 
|  47|0x0000000087300000, 0x0000000087300000, 0x0000000087400000|  0%| F|  |TAMS 0x0000000087300000, 0x0000000087300000| Untracked 
|  48|0x0000000087400000, 0x0000000087400000, 0x0000000087500000|  0%| F|  |TAMS 0x0000000087400000, 0x0000000087400000| Untracked 
|  49|0x0000000087500000, 0x0000000087500000, 0x0000000087600000|  0%| F|  |TAMS 0x0000000087500000, 0x0000000087500000| Untracked 
|  50|0x0000000087600000, 0x0000000087600000, 0x0000000087700000|  0%| F|  |TAMS 0x0000000087600000, 0x0000000087600000| Untracked 
|  51|0x0000000087700000, 0x0000000087700000, 0x0000000087800000|  0%| F|  |TAMS 0x0000000087700000, 0x0000000087700000| Untracked 
|  52|0x0000000087800000, 0x0000000087800000, 0x0000000087900000|  0%| F|  |TAMS 0x0000000087800000, 0x0000000087800000| Untracked 
|  53|0x0000000087900000, 0x0000000087900000, 0x0000000087a00000|  0%| F|  |TAMS 0x0000000087900000, 0x0000000087900000| Untracked 
|  54|0x0000000087a00000, 0x0000000087a00000, 0x0000000087b00000|  0%| F|  |TAMS 0x0000000087a00000, 0x0000000087a00000| Untracked 
|  55|0x0000000087b00000, 0x0000000087b00000, 0x0000000087c00000|  0%| F|  |TAMS 0x0000000087b00000, 0x0000000087b00000| Untracked 
|  56|0x0000000087c00000, 0x0000000087c00000, 0x0000000087d00000|  0%| F|  |TAMS 0x0000000087c00000, 0x0000000087c00000| Untracked 
|  57|0x0000000087d00000, 0x0000000087d00000, 0x0000000087e00000|  0%| F|  |TAMS 0x0000000087d00000, 0x0000000087d00000| Untracked 
|  58|0x0000000087e00000, 0x0000000087e00000, 0x0000000087f00000|  0%| F|  |TAMS 0x0000000087e00000, 0x0000000087e00000| Untracked 
|  59|0x0000000087f00000, 0x0000000087f00000, 0x0000000088000000|  0%| F|  |TAMS 0x0000000087f00000, 0x0000000087f00000| Untracked 
|  60|0x0000000088000000, 0x0000000088000000, 0x0000000088100000|  0%| F|  |TAMS 0x0000000088000000, 0x0000000088000000| Untracked 
|  61|0x0000000088100000, 0x0000000088100000, 0x0000000088200000|  0%| F|  |TAMS 0x0000000088100000, 0x0000000088100000| Untracked 
|  62|0x0000000088200000, 0x0000000088200000, 0x0000000088300000|  0%| F|  |TAMS 0x0000000088200000, 0x0000000088200000| Untracked 
|  63|0x0000000088300000, 0x0000000088300000, 0x0000000088400000|  0%| F|  |TAMS 0x0000000088300000, 0x0000000088300000| Untracked 
|  64|0x0000000088400000, 0x0000000088400000, 0x0000000088500000|  0%| F|  |TAMS 0x0000000088400000, 0x0000000088400000| Untracked 
|  65|0x0000000088500000, 0x0000000088500000, 0x0000000088600000|  0%| F|  |TAMS 0x0000000088500000, 0x0000000088500000| Untracked 
|  66|0x0000000088600000, 0x0000000088700000, 0x0000000088700000|100%| E|  |TAMS 0x0000000088600000, 0x0000000088600000| Complete 
|  67|0x0000000088700000, 0x0000000088800000, 0x0000000088800000|100%| E|CS|TAMS 0x0000000088700000, 0x0000000088700000| Complete 
|  68|0x0000000088800000, 0x0000000088900000, 0x0000000088900000|100%| E|CS|TAMS 0x0000000088800000, 0x0000000088800000| Complete 
|  69|0x0000000088900000, 0x0000000088a00000, 0x0000000088a00000|100%| E|CS|TAMS 0x0000000088900000, 0x0000000088900000| Complete 
|  70|0x0000000088a00000, 0x0000000088b00000, 0x0000000088b00000|100%| E|CS|TAMS 0x0000000088a00000, 0x0000000088a00000| Complete 
|  71|0x0000000088b00000, 0x0000000088c00000, 0x0000000088c00000|100%| E|CS|TAMS 0x0000000088b00000, 0x0000000088b00000| Complete 
| 105|0x000000008ad00000, 0x000000008ae00000, 0x000000008ae00000|100%| E|CS|TAMS 0x000000008ad00000, 0x000000008ad00000| Complete 
| 106|0x000000008ae00000, 0x000000008af00000, 0x000000008af00000|100%| E|CS|TAMS 0x000000008ae00000, 0x000000008ae00000| Complete 
| 107|0x000000008af00000, 0x000000008b000000, 0x000000008b000000|100%| E|CS|TAMS 0x000000008af00000, 0x000000008af00000| Complete 
| 123|0x000000008bf00000, 0x000000008c000000, 0x000000008c000000|100%| E|CS|TAMS 0x000000008bf00000, 0x000000008bf00000| Complete 

Card table byte_map: [0x000002e45a350000,0x000002e45a730000] _byte_map_base: 0x000002e459f2e000

Marking Bits (Prev, Next): (CMBitMap*) 0x000002e4474c9300, (CMBitMap*) 0x000002e4474c92c0
 Prev Bits: [0x000002e45ca00000, 0x000002e45e8f0000)
 Next Bits: [0x000002e45ab10000, 0x000002e45ca00000)

Polling page: 0x000002e445400000

Metaspace:

Usage:
  Non-class:     23.76 MB used.
      Class:      2.92 MB used.
       Both:     26.68 MB used.

Virtual space:
  Non-class space:       64.00 MB reserved,      23.88 MB ( 37%) committed,  1 nodes.
      Class space:        1.00 GB reserved,       3.06 MB ( <1%) committed,  1 nodes.
             Both:        1.06 GB reserved,      26.94 MB (  2%) committed. 

Chunk freelists:
   Non-Class:  8.16 MB
       Class:  12.80 MB
        Both:  20.96 MB

MaxMetaspaceSize: unlimited
CompressedClassSpaceSize: 1.00 GB
Initial GC threshold: 21.00 MB
Current GC threshold: 35.12 MB
CDS: off
MetaspaceReclaimPolicy: balanced
 - commit_granule_bytes: 65536.
 - commit_granule_words: 8192.
 - virtual_space_node_default_size: 8388608.
 - enlarge_chunks_in_place: 1.
 - new_chunks_are_fully_committed: 0.
 - uncommit_free_chunks: 1.
 - use_allocation_guard: 0.
 - handle_deallocations: 1.


Internal statistics:

num_allocs_failed_limit: 3.
num_arena_births: 112.
num_arena_deaths: 0.
num_vsnodes_births: 2.
num_vsnodes_deaths: 0.
num_space_committed: 431.
num_space_uncommitted: 0.
num_chunks_returned_to_freelist: 3.
num_chunks_taken_from_freelist: 792.
num_chunk_merges: 3.
num_chunk_splits: 535.
num_chunks_enlarged: 404.
num_inconsistent_stats: 0.

CodeHeap 'non-profiled nmethods': size=120000Kb used=1618Kb max_used=1618Kb free=118382Kb
 bounds [0x000002e452710000, 0x000002e452980000, 0x000002e459c40000]
CodeHeap 'profiled nmethods': size=120000Kb used=8269Kb max_used=8269Kb free=111730Kb
 bounds [0x000002e44ac40000, 0x000002e44b460000, 0x000002e452170000]
CodeHeap 'non-nmethods': size=5760Kb used=1199Kb max_used=1231Kb free=4560Kb
 bounds [0x000002e452170000, 0x000002e4523e0000, 0x000002e452710000]
 total_blobs=4550 nmethods=4067 adapters=395
 compilation: enabled
              stopped_count=0, restarted_count=0
 full_count=0

Compilation events (20 events):
Event: 8.053 Thread 0x000002e4614d7ca0 nmethod 4046 0x000002e4528a3610 code [0x000002e4528a37a0, 0x000002e4528a3878]
Event: 8.053 Thread 0x000002e4614d7ca0 4047       3       java.lang.ThreadLocal$ThreadLocalMap::set (133 bytes)
Event: 8.054 Thread 0x000002e4614d7ca0 nmethod 4047 0x000002e44b42d190 code [0x000002e44b42d420, 0x000002e44b42e0e8]
Event: 8.054 Thread 0x000002e4614d7ca0 4048       3       org.slf4j.impl.StaticLoggerBinder::getSingleton (4 bytes)
Event: 8.055 Thread 0x000002e4614d7ca0 nmethod 4048 0x000002e44b42e590 code [0x000002e44b42e720, 0x000002e44b42e818]
Event: 8.055 Thread 0x000002e4614d7ca0 4049   !   3       org.slf4j.LoggerFactory::getILoggerFactory (103 bytes)
Event: 8.055 Thread 0x000002e4614d7ca0 nmethod 4049 0x000002e44b42e890 code [0x000002e44b42eac0, 0x000002e44b42f198]
Event: 8.055 Thread 0x000002e4614d7ca0 4050       3       org.eclipse.aether.DefaultRepositorySystemSession::getLocalRepository (20 bytes)
Event: 8.055 Thread 0x000002e4614d7ca0 nmethod 4050 0x000002e44b42f410 code [0x000002e44b42f5c0, 0x000002e44b42f828]
Event: 8.059 Thread 0x000002e4614d7ca0 4051   !   3       sun.nio.ch.NativeThreadSet::add (155 bytes)
Event: 8.059 Thread 0x000002e4614d7ca0 nmethod 4051 0x000002e44b42f910 code [0x000002e44b42fae0, 0x000002e44b4300e8]
Event: 8.059 Thread 0x000002e4614d7ca0 4053   !   3       sun.nio.ch.NativeThreadSet::remove (50 bytes)
Event: 8.060 Thread 0x000002e4614d7ca0 nmethod 4053 0x000002e44b430390 code [0x000002e44b430540, 0x000002e44b430828]
Event: 8.060 Thread 0x000002e4614d7ca0 4052       3       sun.nio.ch.IOUtil::read (14 bytes)
Event: 8.060 Thread 0x000002e4614d7ca0 nmethod 4052 0x000002e44b430990 code [0x000002e44b430b20, 0x000002e44b430c48]
Event: 8.061 Thread 0x000002e4614d7ca0 4054       3       org.eclipse.aether.resolution.VersionRequest::setTrace (7 bytes)
Event: 8.062 Thread 0x000002e4614d7ca0 nmethod 4054 0x000002e44b430d10 code [0x000002e44b430ea0, 0x000002e44b430ff8]
Event: 8.062 Thread 0x000002e4614d7ca0 4056       3       org.apache.maven.repository.internal.DefaultVersionResolver$Key::<init> (336 bytes)
Event: 8.063 Thread 0x000002e4614d7ca0 nmethod 4056 0x000002e44b431090 code [0x000002e44b431440, 0x000002e44b432cb8]
Event: 8.063 Thread 0x000002e4614d7ca0 4055       3       org.apache.maven.repository.internal.DefaultVersionResolver::resolveVersion (953 bytes)

GC Heap History (20 events):
Event: 3.045 GC heap before
{Heap before GC invocations=0 (full 0):
 garbage-first heap   total 126976K, used 22528K [0x0000000084400000, 0x0000000100000000)
  region size 1024K, 23 young (23552K), 0 survivors (0K)
 Metaspace       used 14570K, committed 14720K, reserved 1114112K
  class space    used 1507K, committed 1600K, reserved 1048576K
}
Event: 3.057 GC heap after
{Heap after GC invocations=1 (full 0):
 garbage-first heap   total 126976K, used 3827K [0x0000000084400000, 0x0000000100000000)
  region size 1024K, 3 young (3072K), 3 survivors (3072K)
 Metaspace       used 14570K, committed 14720K, reserved 1114112K
  class space    used 1507K, committed 1600K, reserved 1048576K
}
Event: 4.410 GC heap before
{Heap before GC invocations=1 (full 0):
 garbage-first heap   total 126976K, used 34547K [0x0000000084400000, 0x0000000100000000)
  region size 1024K, 33 young (33792K), 3 survivors (3072K)
 Metaspace       used 18546K, committed 18752K, reserved 1114112K
  class space    used 2022K, committed 2112K, reserved 1048576K
}
Event: 4.421 GC heap after
{Heap after GC invocations=2 (full 0):
 garbage-first heap   total 126976K, used 5660K [0x0000000084400000, 0x0000000100000000)
  region size 1024K, 2 young (2048K), 2 survivors (2048K)
 Metaspace       used 18546K, committed 18752K, reserved 1114112K
  class space    used 2022K, committed 2112K, reserved 1048576K
}
Event: 5.119 GC heap before
{Heap before GC invocations=2 (full 0):
 garbage-first heap   total 126976K, used 21020K [0x0000000084400000, 0x0000000100000000)
  region size 1024K, 18 young (18432K), 2 survivors (2048K)
 Metaspace       used 21362K, committed 21504K, reserved 1114112K
  class space    used 2419K, committed 2496K, reserved 1048576K
}
Event: 5.127 GC heap after
{Heap after GC invocations=3 (full 0):
 garbage-first heap   total 126976K, used 6765K [0x0000000084400000, 0x0000000100000000)
  region size 1024K, 3 young (3072K), 3 survivors (3072K)
 Metaspace       used 21362K, committed 21504K, reserved 1114112K
  class space    used 2419K, committed 2496K, reserved 1048576K
}
Event: 5.839 GC heap before
{Heap before GC invocations=4 (full 0):
 garbage-first heap   total 27648K, used 20077K [0x0000000084400000, 0x0000000100000000)
  region size 1024K, 16 young (16384K), 3 survivors (3072K)
 Metaspace       used 24122K, committed 24384K, reserved 1114112K
  class space    used 2732K, committed 2880K, reserved 1048576K
}
Event: 5.847 GC heap after
{Heap after GC invocations=5 (full 0):
 garbage-first heap   total 27648K, used 7804K [0x0000000084400000, 0x0000000100000000)
  region size 1024K, 2 young (2048K), 2 survivors (2048K)
 Metaspace       used 24122K, committed 24384K, reserved 1114112K
  class space    used 2732K, committed 2880K, reserved 1048576K
}
Event: 5.884 GC heap before
{Heap before GC invocations=5 (full 0):
 garbage-first heap   total 27648K, used 8828K [0x0000000084400000, 0x0000000100000000)
  region size 1024K, 3 young (3072K), 2 survivors (2048K)
 Metaspace       used 24200K, committed 24448K, reserved 1114112K
  class space    used 2739K, committed 2880K, reserved 1048576K
}
Event: 5.890 GC heap after
{Heap after GC invocations=6 (full 0):
 garbage-first heap   total 27648K, used 7996K [0x0000000084400000, 0x0000000100000000)
  region size 1024K, 1 young (1024K), 1 survivors (1024K)
 Metaspace       used 24200K, committed 24448K, reserved 1114112K
  class space    used 2739K, committed 2880K, reserved 1048576K
}
Event: 6.277 GC heap before
{Heap before GC invocations=6 (full 0):
 garbage-first heap   total 27648K, used 19260K [0x0000000084400000, 0x0000000100000000)
  region size 1024K, 12 young (12288K), 1 survivors (1024K)
 Metaspace       used 24648K, committed 24896K, reserved 1114112K
  class space    used 2781K, committed 2944K, reserved 1048576K
}
Event: 6.280 GC heap after
{Heap after GC invocations=7 (full 0):
 garbage-first heap   total 27648K, used 8540K [0x0000000084400000, 0x0000000100000000)
  region size 1024K, 1 young (1024K), 1 survivors (1024K)
 Metaspace       used 24648K, committed 24896K, reserved 1114112K
  class space    used 2781K, committed 2944K, reserved 1048576K
}
Event: 6.655 GC heap before
{Heap before GC invocations=7 (full 0):
 garbage-first heap   total 27648K, used 20828K [0x0000000084400000, 0x0000000100000000)
  region size 1024K, 13 young (13312K), 1 survivors (1024K)
 Metaspace       used 25608K, committed 25856K, reserved 1114112K
  class space    used 2894K, committed 3008K, reserved 1048576K
}
Event: 6.659 GC heap after
{Heap after GC invocations=8 (full 0):
 garbage-first heap   total 27648K, used 9229K [0x0000000084400000, 0x0000000100000000)
  region size 1024K, 2 young (2048K), 2 survivors (2048K)
 Metaspace       used 25608K, committed 25856K, reserved 1114112K
  class space    used 2894K, committed 3008K, reserved 1048576K
}
Event: 7.655 GC heap before
{Heap before GC invocations=8 (full 0):
 garbage-first heap   total 27648K, used 20493K [0x0000000084400000, 0x0000000100000000)
  region size 1024K, 13 young (13312K), 2 survivors (2048K)
 Metaspace       used 26382K, committed 26624K, reserved 1114112K
  class space    used 2953K, committed 3072K, reserved 1048576K
}
Event: 7.660 GC heap after
{Heap after GC invocations=9 (full 0):
 garbage-first heap   total 27648K, used 10020K [0x0000000084400000, 0x0000000100000000)
  region size 1024K, 2 young (2048K), 2 survivors (2048K)
 Metaspace       used 26382K, committed 26624K, reserved 1114112K
  class space    used 2953K, committed 3072K, reserved 1048576K
}
Event: 7.796 GC heap before
{Heap before GC invocations=9 (full 0):
 garbage-first heap   total 27648K, used 20260K [0x0000000084400000, 0x0000000100000000)
  region size 1024K, 12 young (12288K), 2 survivors (2048K)
 Metaspace       used 26918K, committed 27200K, reserved 1114112K
  class space    used 2986K, committed 3136K, reserved 1048576K
}
Event: 7.802 GC heap after
{Heap after GC invocations=10 (full 0):
 garbage-first heap   total 27648K, used 11181K [0x0000000084400000, 0x0000000100000000)
  region size 1024K, 2 young (2048K), 2 survivors (2048K)
 Metaspace       used 26918K, committed 27200K, reserved 1114112K
  class space    used 2986K, committed 3136K, reserved 1048576K
}
Event: 7.921 GC heap before
{Heap before GC invocations=10 (full 0):
 garbage-first heap   total 27648K, used 21421K [0x0000000084400000, 0x0000000100000000)
  region size 1024K, 12 young (12288K), 2 survivors (2048K)
 Metaspace       used 27092K, committed 27328K, reserved 1114112K
  class space    used 2988K, committed 3136K, reserved 1048576K
}
Event: 7.926 GC heap after
{Heap after GC invocations=11 (full 0):
 garbage-first heap   total 77824K, used 11756K [0x0000000084400000, 0x0000000100000000)
  region size 1024K, 1 young (1024K), 1 survivors (1024K)
 Metaspace       used 27092K, committed 27328K, reserved 1114112K
  class space    used 2988K, committed 3136K, reserved 1048576K
}

Dll operation events (4 events):
Event: 0.021 Loaded shared library C:\Users\Dell\.jdks\jbr-17.0.8.1\bin\java.dll
Event: 0.063 Loaded shared library C:\Users\Dell\.jdks\jbr-17.0.8.1\bin\jsvml.dll
Event: 0.235 Loaded shared library C:\Users\Dell\.jdks\jbr-17.0.8.1\bin\zip.dll
Event: 1.578 Loaded shared library C:\Users\Dell\.jdks\jbr-17.0.8.1\bin\verify.dll

Deoptimization events (20 events):
Event: 7.750 Thread 0x000002e447470550 Uncommon trap: trap_request=0xffffffde fr.pc=0x000002e452751fc4 relative=0x0000000000000ea4
Event: 7.750 Thread 0x000002e447470550 Uncommon trap: reason=class_check action=maybe_recompile pc=0x000002e452751fc4 method=java.util.concurrent.ConcurrentHashMap.putVal(Ljava/lang/Object;Ljava/lang/Object;Z)Ljava/lang/Object; @ 242 c2
Event: 7.750 Thread 0x000002e447470550 DEOPT PACKING pc=0x000002e452751fc4 sp=0x000000fa654fc980
Event: 7.750 Thread 0x000002e447470550 DEOPT UNPACKING pc=0x000002e4521ca1a3 sp=0x000000fa654fc8f0 mode 2
Event: 7.771 Thread 0x000002e447470550 Uncommon trap: trap_request=0xffffffde fr.pc=0x000002e452751fc4 relative=0x0000000000000ea4
Event: 7.771 Thread 0x000002e447470550 Uncommon trap: reason=class_check action=maybe_recompile pc=0x000002e452751fc4 method=java.util.concurrent.ConcurrentHashMap.putVal(Ljava/lang/Object;Ljava/lang/Object;Z)Ljava/lang/Object; @ 242 c2
Event: 7.771 Thread 0x000002e447470550 DEOPT PACKING pc=0x000002e452751fc4 sp=0x000000fa654fc980
Event: 7.771 Thread 0x000002e447470550 DEOPT UNPACKING pc=0x000002e4521ca1a3 sp=0x000000fa654fc8f0 mode 2
Event: 7.893 Thread 0x000002e447470550 Uncommon trap: trap_request=0xffffff66 fr.pc=0x000002e452891b68 relative=0x00000000000008e8
Event: 7.893 Thread 0x000002e447470550 Uncommon trap: reason=speculate_class_check action=maybe_recompile pc=0x000002e452891b68 method=java.util.regex.Pattern$CharPredicate.lambda$negate$3(I)Z @ 2 c2
Event: 7.893 Thread 0x000002e447470550 DEOPT PACKING pc=0x000002e452891b68 sp=0x000000fa654fc350
Event: 7.893 Thread 0x000002e447470550 DEOPT UNPACKING pc=0x000002e4521ca1a3 sp=0x000000fa654fc210 mode 2
Event: 7.893 Thread 0x000002e447470550 Uncommon trap: trap_request=0xffffff66 fr.pc=0x000002e452891b68 relative=0x00000000000008e8
Event: 7.893 Thread 0x000002e447470550 Uncommon trap: reason=speculate_class_check action=maybe_recompile pc=0x000002e452891b68 method=java.util.regex.Pattern$CharPredicate.lambda$negate$3(I)Z @ 2 c2
Event: 7.893 Thread 0x000002e447470550 DEOPT PACKING pc=0x000002e452891b68 sp=0x000000fa654fbf70
Event: 7.893 Thread 0x000002e447470550 DEOPT UNPACKING pc=0x000002e4521ca1a3 sp=0x000000fa654fbe30 mode 2
Event: 7.894 Thread 0x000002e447470550 Uncommon trap: trap_request=0xffffffde fr.pc=0x000002e452751fc4 relative=0x0000000000000ea4
Event: 7.894 Thread 0x000002e447470550 Uncommon trap: reason=class_check action=maybe_recompile pc=0x000002e452751fc4 method=java.util.concurrent.ConcurrentHashMap.putVal(Ljava/lang/Object;Ljava/lang/Object;Z)Ljava/lang/Object; @ 242 c2
Event: 7.894 Thread 0x000002e447470550 DEOPT PACKING pc=0x000002e452751fc4 sp=0x000000fa654fc920
Event: 7.894 Thread 0x000002e447470550 DEOPT UNPACKING pc=0x000002e4521ca1a3 sp=0x000000fa654fc890 mode 2

Classes unloaded (0 events):
No events

Classes redefined (0 events):
No events

Internal exceptions (20 events):
Event: 2.881 Thread 0x000002e447470550 Exception <a 'java/lang/NoSuchMethodError'{0x000000008ad47b80}: 'java.lang.Object java.lang.invoke.DirectMethodHandle$Holder.newInvokeSpecial(java.lang.Object, java.lang.Object, java.lang.Object, java.lang.Object, java.lang.Object)'> (0x000000008ad47b80) 
thrown [s\src\hotspot\share\interpreter\linkResolver.cpp, line 771]
Event: 2.944 Thread 0x000002e447470550 Exception <a 'java/lang/NoSuchMethodError'{0x000000008ac50f40}: 'int java.lang.invoke.DirectMethodHandle$Holder.invokeStaticInit(java.lang.Object, java.lang.Object)'> (0x000000008ac50f40) 
thrown [s\src\hotspot\share\interpreter\linkResolver.cpp, line 771]
Event: 2.971 Thread 0x000002e447470550 Exception <a 'java/lang/NoClassDefFoundError'{0x000000008ac8be68}: javax/enterprise/inject/Typed> (0x000000008ac8be68) 
thrown [s\src\hotspot\share\classfile\systemDictionary.cpp, line 245]
Event: 4.649 Thread 0x000002e447470550 Exception <a 'java/lang/NoSuchMethodError'{0x000000008ba6f310}: 'void java.lang.invoke.DirectMethodHandle$Holder.invokeStaticInit(java.lang.Object, java.lang.Object, java.lang.Object)'> (0x000000008ba6f310) 
thrown [s\src\hotspot\share\interpreter\linkResolver.cpp, line 771]
Event: 4.661 Thread 0x000002e447470550 Exception <a 'java/lang/ExceptionInInitializerError'{0x000000008baa1ce0}> (0x000000008baa1ce0) 
thrown [s\src\hotspot\share\oops\instanceKlass.cpp, line 1233]
Event: 4.738 Thread 0x000002e447470550 Implicit null exception at 0x000002e45277eb2f to 0x000002e45277ec8c
Event: 4.740 Thread 0x000002e447470550 Exception <a 'java/lang/NoSuchMethodError'{0x000000008b9b7478}: 'java.lang.Object java.lang.invoke.Invokers$Holder.invokeExact_MT(java.lang.Object, int, java.lang.Object)'> (0x000000008b9b7478) 
thrown [s\src\hotspot\share\interpreter\linkResolver.cpp, line 771]
Event: 4.753 Thread 0x000002e447470550 Exception <a 'java/lang/NoSuchMethodError'{0x000000008b823d38}: 'int java.lang.invoke.DirectMethodHandle$Holder.invokeSpecial(java.lang.Object, java.lang.Object, java.lang.Object, java.lang.Object)'> (0x000000008b823d38) 
thrown [s\src\hotspot\share\interpreter\linkResolver.cpp, line 771]
Event: 5.153 Thread 0x000002e447470550 Exception <a 'java/lang/NoClassDefFoundError'{0x000000008bf2e218}: com/google/inject/servlet/ServletModuleTargetVisitor> (0x000000008bf2e218) 
thrown [s\src\hotspot\share\classfile\systemDictionary.cpp, line 245]
Event: 5.249 Thread 0x000002e447470550 Exception <a 'java/lang/NoSuchMethodError'{0x00000000858254b0}: 'void java.lang.invoke.DirectMethodHandle$Holder.invokeVirtual(java.lang.Object, java.lang.Object)'> (0x00000000858254b0) 
thrown [s\src\hotspot\share\interpreter\linkResolver.cpp, line 771]
Event: 5.300 Thread 0x000002e447470550 Exception <a 'java/lang/NoSuchMethodError'{0x00000000858ae508}: 'java.lang.Object java.lang.invoke.DirectMethodHandle$Holder.invokeStaticInit(java.lang.Object, int, int, int, int)'> (0x00000000858ae508) 
thrown [s\src\hotspot\share\interpreter\linkResolver.cpp, line 771]
Event: 5.952 Thread 0x000002e447470550 Implicit null exception at 0x000002e452742658 to 0x000002e4527426ea
Event: 5.952 Thread 0x000002e447470550 Implicit null exception at 0x000002e4527bad0d to 0x000002e4527bb0ec
Event: 5.953 Thread 0x000002e447470550 Implicit null exception at 0x000002e45274fb8f to 0x000002e45274fc05
Event: 6.159 Thread 0x000002e447470550 Implicit null exception at 0x000002e45275ab8d to 0x000002e45275af58
Event: 6.181 Thread 0x000002e447470550 Exception <a 'java/lang/NoSuchMethodError'{0x00000000856a5cf8}: 'java.lang.Object java.lang.invoke.DirectMethodHandle$Holder.newInvokeSpecial(java.lang.Object, java.lang.Object, java.lang.Object, java.lang.Object, java.lang.Object, java.lang.Object, java.lang.Object)'> (0x00000000856a5cf8) 
thrown [s\src\hotspot\share\interpreter\linkResolver.cpp, line 771]
Event: 6.182 Thread 0x000002e447470550 Exception <a 'java/lang/NoSuchMethodError'{0x00000000856ab350}: 'java.lang.Object java.lang.invoke.Invokers$Holder.linkToTargetMethod(java.lang.Object, java.lang.Object, java.lang.Object, java.lang.Object, java.lang.Object, java.lang.Object, java.lang.Object)'> (0x00000000856ab350) 
thrown [s\src\hotspot\share\interpreter\linkResolver.cpp, line 771]
Event: 6.467 Thread 0x000002e447470550 Exception <a 'java/lang/NoSuchMethodError'{0x00000000859e5908}: 'java.lang.Object java.lang.invoke.DirectMethodHandle$Holder.invokeVirtual(java.lang.Object, java.lang.Object, java.lang.Object)'> (0x00000000859e5908) 
thrown [s\src\hotspot\share\interpreter\linkResolver.cpp, line 771]
Event: 6.469 Thread 0x000002e447470550 Exception <a 'java/lang/NoSuchMethodError'{0x00000000859ecf00}: 'void java.lang.invoke.DirectMethodHandle$Holder.invokeSpecial(java.lang.Object, java.lang.Object, java.lang.Object, java.lang.Object, java.lang.Object, java.lang.Object)'> (0x00000000859ecf00) 
thrown [s\src\hotspot\share\interpreter\linkResolver.cpp, line 771]
Event: 6.472 Thread 0x000002e447470550 Exception <a 'java/lang/NoSuchMethodError'{0x00000000859f8758}: 'int java.lang.invoke.DirectMethodHandle$Holder.invokeVirtual(java.lang.Object, java.lang.Object)'> (0x00000000859f8758) 
thrown [s\src\hotspot\share\interpreter\linkResolver.cpp, line 771]

VM Operations (20 events):
Event: 5.839 Executing VM operation: G1CollectForAllocation
Event: 5.851 Executing VM operation: G1CollectForAllocation done
Event: 5.884 Executing VM operation: G1CollectForAllocation
Event: 5.890 Executing VM operation: G1CollectForAllocation done
Event: 6.273 Executing VM operation: G1CollectForAllocation
Event: 6.288 Executing VM operation: G1CollectForAllocation done
Event: 6.594 Executing VM operation: ICBufferFull
Event: 6.594 Executing VM operation: ICBufferFull done
Event: 6.655 Executing VM operation: G1CollectForAllocation
Event: 6.659 Executing VM operation: G1CollectForAllocation done
Event: 7.655 Executing VM operation: G1CollectForAllocation
Event: 7.660 Executing VM operation: G1CollectForAllocation done
Event: 7.773 Executing VM operation: HandshakeAllThreads
Event: 7.773 Executing VM operation: HandshakeAllThreads done
Event: 7.796 Executing VM operation: G1CollectForAllocation
Event: 7.802 Executing VM operation: G1CollectForAllocation done
Event: 7.921 Executing VM operation: G1CollectForAllocation
Event: 7.926 Executing VM operation: G1CollectForAllocation done
Event: 7.986 Executing VM operation: HandshakeAllThreads
Event: 7.986 Executing VM operation: HandshakeAllThreads done

Events (20 events):
Event: 7.788 loading class java/time/zone/ZoneOffsetTransition
Event: 7.788 loading class java/time/zone/ZoneOffsetTransition done
Event: 7.788 loading class java/time/LocalDate
Event: 7.788 loading class java/time/chrono/ChronoLocalDate
Event: 7.789 loading class java/time/chrono/ChronoLocalDate done
Event: 7.789 loading class java/time/LocalDate done
Event: 7.789 loading class java/time/temporal/ChronoField
Event: 7.789 loading class java/time/temporal/TemporalField
Event: 7.789 loading class java/time/temporal/TemporalField done
Event: 7.789 loading class java/time/temporal/ChronoField done
Event: 7.789 loading class java/time/temporal/ValueRange
Event: 7.790 loading class java/time/temporal/ValueRange done
Event: 7.790 loading class java/time/LocalTime
Event: 7.790 loading class java/time/LocalTime done
Event: 7.791 loading class sun/util/cldr/CLDRBaseLocaleDataMetaInfo$TZCanonicalIDMapHolder
Event: 7.792 loading class sun/util/cldr/CLDRBaseLocaleDataMetaInfo$TZCanonicalIDMapHolder done
Event: 7.794 loading class sun/util/resources/TimeZoneNames
Event: 7.795 loading class sun/util/resources/TimeZoneNames done
Event: 7.795 loading class sun/util/resources/TimeZoneNames_en
Event: 7.795 loading class sun/util/resources/TimeZoneNames_en done


Dynamic libraries:
0x00007ff7ce180000 - 0x00007ff7ce18a000 	C:\Users\Dell\.jdks\jbr-17.0.8.1\bin\java.exe
0x00007ff920cd0000 - 0x00007ff920ec8000 	C:\WINDOWS\SYSTEM32\ntdll.dll
0x00007ff91f7e0000 - 0x00007ff91f89d000 	C:\WINDOWS\System32\KERNEL32.DLL
0x00007ff91e8c0000 - 0x00007ff91ebb6000 	C:\WINDOWS\System32\KERNELBASE.dll
0x00007ff91e4f0000 - 0x00007ff91e5f0000 	C:\WINDOWS\System32\ucrtbase.dll
0x00007ff9165c0000 - 0x00007ff9165d7000 	C:\Users\Dell\.jdks\jbr-17.0.8.1\bin\jli.dll
0x00007ff906540000 - 0x00007ff90655b000 	C:\Users\Dell\.jdks\jbr-17.0.8.1\bin\VCRUNTIME140.dll
0x00007ff91eef0000 - 0x00007ff91f08e000 	C:\WINDOWS\System32\USER32.dll
0x00007ff8f82e0000 - 0x00007ff8f857a000 	C:\WINDOWS\WinSxS\amd64_microsoft.windows.common-controls_6595b64144ccf1df_6.0.19041.3636_none_60b6a03d71f818d5\COMCTL32.dll
0x00007ff91ece0000 - 0x00007ff91ed02000 	C:\WINDOWS\System32\win32u.dll
0x00007ff91edf0000 - 0x00007ff91ee8e000 	C:\WINDOWS\System32\msvcrt.dll
0x00007ff91f9b0000 - 0x00007ff91f9db000 	C:\WINDOWS\System32\GDI32.dll
0x00007ff91e7a0000 - 0x00007ff91e8b7000 	C:\WINDOWS\System32\gdi32full.dll
0x00007ff91e420000 - 0x00007ff91e4bd000 	C:\WINDOWS\System32\msvcp_win.dll
0x00007ff920130000 - 0x00007ff920162000 	C:\WINDOWS\System32\IMM32.DLL
0x00007ff906530000 - 0x00007ff90653c000 	C:\Users\Dell\.jdks\jbr-17.0.8.1\bin\vcruntime140_1.dll
0x00007ff8d3030000 - 0x00007ff8d30bd000 	C:\Users\Dell\.jdks\jbr-17.0.8.1\bin\msvcp140.dll
0x00007ff86c9c0000 - 0x00007ff86d643000 	C:\Users\Dell\.jdks\jbr-17.0.8.1\bin\server\jvm.dll
0x00007ff920070000 - 0x00007ff920123000 	C:\WINDOWS\System32\ADVAPI32.dll
0x00007ff91f9e0000 - 0x00007ff91fa7f000 	C:\WINDOWS\System32\sechost.dll
0x00007ff91f430000 - 0x00007ff91f556000 	C:\WINDOWS\System32\RPCRT4.dll
0x00007ff91e4c0000 - 0x00007ff91e4e7000 	C:\WINDOWS\System32\bcrypt.dll
0x00007ff900d80000 - 0x00007ff900d89000 	C:\WINDOWS\SYSTEM32\WSOCK32.dll
0x00007ff91f8a0000 - 0x00007ff91f90b000 	C:\WINDOWS\System32\WS2_32.dll
0x00007ff90e390000 - 0x00007ff90e39a000 	C:\WINDOWS\SYSTEM32\VERSION.dll
0x00007ff912810000 - 0x00007ff912837000 	C:\WINDOWS\SYSTEM32\WINMM.dll
0x00007ff91d930000 - 0x00007ff91d97b000 	C:\WINDOWS\SYSTEM32\POWRPROF.dll
0x00007ff91d7a0000 - 0x00007ff91d7b2000 	C:\WINDOWS\SYSTEM32\UMPDC.dll
0x00007ff91cc20000 - 0x00007ff91cc32000 	C:\WINDOWS\SYSTEM32\kernel.appcore.dll
0x00007ff906500000 - 0x00007ff90650a000 	C:\Users\Dell\.jdks\jbr-17.0.8.1\bin\jimage.dll
0x00007ff91c120000 - 0x00007ff91c304000 	C:\WINDOWS\SYSTEM32\DBGHELP.DLL
0x00007ff902880000 - 0x00007ff9028b4000 	C:\WINDOWS\SYSTEM32\dbgcore.DLL
0x00007ff91e390000 - 0x00007ff91e412000 	C:\WINDOWS\System32\bcryptPrimitives.dll
0x00007ff919920000 - 0x00007ff91992e000 	C:\Users\Dell\.jdks\jbr-17.0.8.1\bin\instrument.dll
0x00007ff8edea0000 - 0x00007ff8edec5000 	C:\Users\Dell\.jdks\jbr-17.0.8.1\bin\java.dll
0x00007ff906420000 - 0x00007ff906438000 	C:\Users\Dell\.jdks\jbr-17.0.8.1\bin\zip.dll
0x00007ff8d2f50000 - 0x00007ff8d3027000 	C:\Users\Dell\.jdks\jbr-17.0.8.1\bin\jsvml.dll
0x00007ff920170000 - 0x00007ff9208b5000 	C:\WINDOWS\System32\SHELL32.dll
0x00007ff91c420000 - 0x00007ff91cbbc000 	C:\WINDOWS\SYSTEM32\windows.storage.dll
0x00007ff920930000 - 0x00007ff920c84000 	C:\WINDOWS\System32\combase.dll
0x00007ff91ddc0000 - 0x00007ff91ddee000 	C:\WINDOWS\SYSTEM32\Wldp.dll
0x00007ff91f2b0000 - 0x00007ff91f37d000 	C:\WINDOWS\System32\OLEAUT32.dll
0x00007ff91f380000 - 0x00007ff91f42d000 	C:\WINDOWS\System32\SHCORE.dll
0x00007ff920010000 - 0x00007ff920065000 	C:\WINDOWS\System32\shlwapi.dll
0x00007ff91e2c0000 - 0x00007ff91e2e5000 	C:\WINDOWS\SYSTEM32\profapi.dll
0x00007ff9063c0000 - 0x00007ff9063d9000 	C:\Users\Dell\.jdks\jbr-17.0.8.1\bin\net.dll
0x00007ff917f10000 - 0x00007ff91801a000 	C:\WINDOWS\SYSTEM32\WINHTTP.dll
0x00007ff91db20000 - 0x00007ff91db8a000 	C:\WINDOWS\system32\mswsock.dll
0x00007ff8e5770000 - 0x00007ff8e5786000 	C:\Users\Dell\.jdks\jbr-17.0.8.1\bin\nio.dll
0x00007ff9049b0000 - 0x00007ff9049ca000 	C:\Users\Dell\OneDrive\Bureau\AppData\3eme\IntelliJ IDEA 2023.2.2\bin\breakgen64.dll
0x0000000069ac0000 - 0x0000000069ae4000 	C:\Users\Dell\AppData\Local\Temp\jansi-2.4.0-5876d90d91468dc9-jansi.dll
0x00007ff912800000 - 0x00007ff912810000 	C:\Users\Dell\.jdks\jbr-17.0.8.1\bin\verify.dll

dbghelp: loaded successfully - version: 4.0.5 - missing functions: none
symbol engine: initialized successfully - sym options: 0x614 - pdb path: .;C:\Users\Dell\.jdks\jbr-17.0.8.1\bin;C:\WINDOWS\SYSTEM32;C:\WINDOWS\WinSxS\amd64_microsoft.windows.common-controls_6595b64144ccf1df_6.0.19041.3636_none_60b6a03d71f818d5;C:\Users\Dell\.jdks\jbr-17.0.8.1\bin\server;C:\Users\Dell\OneDrive\Bureau\AppData\3eme\IntelliJ IDEA 2023.2.2\bin;C:\Users\Dell\AppData\Local\Temp

VM Arguments:
jvm_args: -Dmaven.multiModuleProjectDirectory=C:\pidev\PIDEV_3A16_EFLEXGYM_ -Djansi.passthrough=true -Dmaven.home=C:\Users\Dell\OneDrive\Bureau\AppData\3eme\IntelliJ IDEA 2023.2.2\plugins\maven\lib\maven3 -Dclassworlds.conf=C:\Users\Dell\OneDrive\Bureau\AppData\3eme\IntelliJ IDEA 2023.2.2\plugins\maven\lib\maven3\bin\m2.conf -Dmaven.ext.class.path=C:\Users\Dell\OneDrive\Bureau\AppData\3eme\IntelliJ IDEA 2023.2.2\plugins\maven\lib\maven-event-listener.jar -javaagent:C:\Users\Dell\OneDrive\Bureau\AppData\3eme\IntelliJ IDEA 2023.2.2\lib\idea_rt.jar=62062:C:\Users\Dell\OneDrive\Bureau\AppData\3eme\IntelliJ IDEA 2023.2.2\bin -Dfile.encoding=UTF-8 
java_command: org.codehaus.classworlds.Launcher -Didea.version=2023.2.2 org.openjfx:javafx-maven-plugin:0.0.8:run
java_class_path (initial): C:\Users\Dell\OneDrive\Bureau\AppData\3eme\IntelliJ IDEA 2023.2.2\plugins\maven\lib\maven3\boot\plexus-classworlds-2.7.0.jar;C:\Users\Dell\OneDrive\Bureau\AppData\3eme\IntelliJ IDEA 2023.2.2\plugins\maven\lib\maven3\boot\plexus-classworlds.license
Launcher Type: SUN_STANDARD

[Global flags]
     intx CICompilerCount                          = 4                                         {product} {ergonomic}
     uint ConcGCThreads                            = 2                                         {product} {ergonomic}
     uint G1ConcRefinementThreads                  = 8                                         {product} {ergonomic}
   size_t G1HeapRegionSize                         = 1048576                                   {product} {ergonomic}
    uintx GCDrainStackTargetSize                   = 64                                        {product} {ergonomic}
   size_t InitialHeapSize                          = 130023424                                 {product} {ergonomic}
   size_t MarkStackSize                            = 4194304                                   {product} {ergonomic}
   size_t MaxHeapSize                              = 2076180480                                {product} {ergonomic}
   size_t MaxNewSize                               = 1245708288                                {product} {ergonomic}
   size_t MinHeapDeltaBytes                        = 1048576                                   {product} {ergonomic}
   size_t MinHeapSize                              = 8388608                                   {product} {ergonomic}
    uintx NonNMethodCodeHeapSize                   = 5839372                                {pd product} {ergonomic}
    uintx NonProfiledCodeHeapSize                  = 122909434                              {pd product} {ergonomic}
    uintx ProfiledCodeHeapSize                     = 122909434                              {pd product} {ergonomic}
    uintx ReservedCodeCacheSize                    = 251658240                              {pd product} {ergonomic}
     bool SegmentedCodeCache                       = true                                      {product} {ergonomic}
   size_t SoftMaxHeapSize                          = 2076180480                             {manageable} {ergonomic}
     bool UseCompressedClassPointers               = true                           {product lp64_product} {ergonomic}
     bool UseCompressedOops                        = true                           {product lp64_product} {ergonomic}
     bool UseG1GC                                  = true                                      {product} {ergonomic}
     bool UseLargePagesIndividualAllocation        = false                                  {pd product} {ergonomic}

Logging:
Log output configuration:
 #0: stdout all=warning uptime,level,tags
 #1: stderr all=off uptime,level,tags

Environment Variables:
PATH=C:\oraclexe\app\oracle\product\11.2.0\server\bin;;C:\java\bin;C:\Program Files (x86)\Common Files\Intel\Shared Libraries\redist\intel64\compiler;C:\Windows\system32;C:\Windows;C:\Windows\System32\Wbem;C:\Windows\System32\WindowsPowerShell\v1.0\;C:\Windows\System32\OpenSSH\;C:\Program Files (x86)\NVIDIA Corporation\PhysX\Common;C:\WINDOWS\system32;C:\WINDOWS;C:\WINDOWS\System32\Wbem;C:\WINDOWS\System32\WindowsPowerShell\v1.0\;C:\WINDOWS\System32\OpenSSH\;C:\Program Files\dotnet\;C:\Strawberry\c\bin;C:\Strawberry\perl\site\bin;C:\Strawberry\perl\bin;C:\oraclexe;C:\oraclexe\app\oracle\admin\XE;C:\instantclient12_2;C:\Program Files\Git\cmd;C:\xampp\php;C:\ProgramData\ComposerSetup\bin;C:\Users\Dell\AppData\Local\Programs\Python\Python312\Scripts\;C:\Users\Dell\AppData\Local\Programs\Python\Python312\;C:\Users\Dell\scoop\shims;C:\Users\Dell\AppData\Local\Microsoft\WindowsApps;C:\Users\Dell\AppData\Local\Programs\Microsoft VS Code\bin;C:\Users\Dell\AppData\Local\GitHubDesktop\bin;C:\Users\Dell\OneDrive\Bureau\AppData\3eme\IntelliJ IDEA 2023.2.2\bin;;C:\xampp\php;C:\Users\Dell\AppData\Roaming\Composer\vendor\bin
USERNAME=Dell
OS=Windows_NT
PROCESSOR_IDENTIFIER=Intel64 Family 6 Model 140 Stepping 1, GenuineIntel
TMP=C:\Users\Dell\AppData\Local\Temp
TEMP=C:\Users\Dell\AppData\Local\Temp


JNI global refs:
JNI global refs: 15, weak refs: 1

JNI global refs memory usage: 843, weak refs: 841

OOME stack traces (most recent first):
Classloader memory used:
Loader bootstrap                                                                       : 1706K
Loader org.codehaus.plexus.classworlds.realm.ClassRealm                                : 1661K
Loader jdk.internal.loader.ClassLoaders$AppClassLoader                                 : 30328B
Loader jdk.internal.loader.ClassLoaders$PlatformClassLoader                            : 9054B
Loader jdk.internal.reflect.DelegatingClassLoader                                      : 5350B
Loader org.eclipse.sisu.space.CloningClassSpace$CloningClassLoader                     : 4644B

Classes loaded by more than one classloader:
Class org.codehaus.plexus.interpolation.InterpolationPostProcessor                    : loaded 2 times (x 68B)
Class org.codehaus.plexus.util.DirectoryScanner                                       : loaded 2 times (x 113B)
Class org.codehaus.plexus.interpolation.BasicInterpolator                             : loaded 2 times (x 68B)
Class org.codehaus.plexus.util.Scanner                                                : loaded 2 times (x 68B)
Class [Lorg.codehaus.plexus.util.MatchPattern;                                        : loaded 2 times (x 67B)
Class org.codehaus.plexus.interpolation.ValueSource                                   : loaded 2 times (x 68B)
Class org.codehaus.plexus.util.AbstractScanner                                        : loaded 2 times (x 98B)
Class org.codehaus.plexus.util.MatchPattern                                           : loaded 2 times (x 76B)
Class org.codehaus.plexus.interpolation.RecursionInterceptor                          : loaded 2 times (x 68B)
Class org.apache.maven.shared.utils.logging.MessageBuilder                            : loaded 2 times (x 68B)
Class org.codehaus.plexus.interpolation.PropertiesBasedValueSource                    : loaded 2 times (x 80B)
Class org.codehaus.plexus.interpolation.AbstractValueSource                           : loaded 2 times (x 80B)
Class org.codehaus.plexus.util.MatchPatterns                                          : loaded 2 times (x 74B)
Class org.codehaus.plexus.util.SelectorUtils                                          : loaded 2 times (x 69B)
Class org.apache.commons.lang3.StringUtils                                            : loaded 2 times (x 69B)
Class org.codehaus.plexus.interpolation.Interpolator                                  : loaded 2 times (x 68B)


---------------  S Y S T E M  ---------------

OS:
 Windows 10 , 64 bit Build 19041 (10.0.19041.3636)
OS uptime: 2 days 10:47 hours

CPU: total 8 (initial active 8) (4 cores per cpu, 2 threads per core) family 6 model 140 stepping 1 microcode 0xb4, cx8, cmov, fxsr, ht, mmx, 3dnowpref, sse, sse2, sse3, ssse3, sse4.1, sse4.2, popcnt, lzcnt, tsc, tscinvbit, avx, avx2, aes, erms, clmul, bmi1, bmi2, adx, avx512f, avx512dq, avx512cd, avx512bw, avx512vl, sha, fma, vzeroupper, avx512_vpopcntdq, avx512_vpclmulqdq, avx512_vaes, avx512_vnni, clflush, clflushopt, clwb, avx512_vbmi2, avx512_vbmi
Processor Information for all 8 processors :
  Max Mhz: 2419, Current Mhz: 2419, Mhz Limit: 2419

Memory: 4k page, system-wide physical 7918M (156M free)
TotalPageFile size 32494M (AvailPageFile size 5M)
current process WorkingSet (physical memory assigned to process): 126M, peak: 126M
current process commit charge ("private bytes"): 203M, peak: 241M

vm_info: OpenJDK 64-Bit Server VM (17.0.8.1+7-b1059.3) for windows-amd64 JRE (17.0.8.1+7-b1059.3), built on 2023-09-11 by "builduser" with MS VC++ 16.10 / 16.11 (VS2019)

END.
